<?xml version="1.0" encoding="utf-8"?>
<test-run id="2" testcasecount="112" result="Passed" total="112" passed="112" failed="0" inconclusive="0" skipped="0" asserts="0" engine-version="3.5.0.0" clr-version="4.0.30319.42000" start-time="2026-08-29 18:17:23Z" end-time="2026-08-29 18:17:24Z" duration="0,1670312">
  <test-suite type="TestSuite" id="1000" name="Shove It - The Warehouse Game REMASTER" fullname="Shove It - The Warehouse Game REMASTER" runstate="Runnable" testcasecount="112" result="Passed" start-time="2026-08-29 18:17:23Z" end-time="2026-08-29 18:17:24Z" duration="0.167031" total="112" passed="112" failed="0" inconclusive="0" skipped="0" asserts="0">
    <properties>
      <property name="platform" value="EditMode" />
    </properties>
    <test-suite type="Assembly" id="1125" name="TW08.Tests.EditMode.dll" fullname="X:/Shove-It-The-Warehouse/Shove It - The Warehouse Game REMASTER/Library/ScriptAssemblies/TW08.Tests.EditMode.dll" runstate="Runnable" testcasecount="111" result="Passed" start-time="2026-08-29 18:17:23Z" end-time="2026-08-29 18:17:24Z" duration="0.156856" total="111" passed="111" failed="0" inconclusive="0" skipped="0" asserts="0">
      <properties>
        <property name="_PID" value="25800" />
        <property name="_APPDOMAIN" value="Unity Child Domain" />
        <property name="platform" value="EditMode" />
        <property name="EditorOnly" value="True" />
      </properties>
      <test-suite type="TestSuite" id="1126" name="TW08" fullname="TW08" runstate="Runnable" testcasecount="111" result="Passed" start-time="2026-08-29 18:17:23Z" end-time="2026-08-29 18:17:24Z" duration="0.156449" total="111" passed="111" failed="0" inconclusive="0" skipped="0" asserts="0">
        <properties />
        <test-suite type="TestSuite" id="1127" name="Tests" fullname="TW08.Tests" runstate="Runnable" testcasecount="111" result="Passed" start-time="2026-08-29 18:17:23Z" end-time="2026-08-29 18:17:24Z" duration="0.156188" total="111" passed="111" failed="0" inconclusive="0" skipped="0" asserts="0">
          <properties />
          <test-suite type="TestSuite" id="1128" name="EditMode" fullname="TW08.Tests.EditMode" runstate="Runnable" testcasecount="104" result="Passed" start-time="2026-08-29 18:17:23Z" end-time="2026-08-29 18:17:24Z" duration="0.151133" total="104" passed="104" failed="0" inconclusive="0" skipped="0" asserts="0">
            <properties />
            <test-suite type="TestFixture" id="1010" name="ExpansionProgressionTests" fullname="TW08.Tests.EditMode.ExpansionProgressionTests" classname="TW08.Tests.EditMode.ExpansionProgressionTests" runstate="Runnable" testcasecount="2" result="Passed" start-time="2026-08-29 18:17:23Z" end-time="2026-08-29 18:17:23Z" duration="0.032531" total="2" passed="2" failed="0" inconclusive="0" skipped="0" asserts="0">
              <properties />
              <test-case id="1012" name="RaceDefinitionAwardsExpectedMedals" fullname="TW08.Tests.EditMode.ExpansionProgressionTests.RaceDefinitionAwardsExpectedMedals" methodname="RaceDefinitionAwardsExpectedMedals" classname="TW08.Tests.EditMode.ExpansionProgressionTests" runstate="Runnable" seed="852598857" result="Passed" start-time="2026-08-29 18:17:23Z" end-time="2026-08-29 18:17:23Z" duration="0.017975" asserts="0">
                <properties>
                  <property name="retryIteration" value="0" />
                  <property name="repeatIteration" value="0" />
                </properties>
              </test-case>
              <test-case id="1011" name="SaveMigrationV1ToV2InitializesNewFields" fullname="TW08.Tests.EditMode.ExpansionProgressionTests.SaveMigrationV1ToV2InitializesNewFields" methodname="SaveMigrationV1ToV2InitializesNewFields" classname="TW08.Tests.EditMode.ExpansionProgressionTests" runstate="Runnable" seed="677808716" result="Passed" start-time="2026-08-29 18:17:23Z" end-time="2026-08-29 18:17:23Z" duration="0.002286" asserts="0">
                <properties>
                  <property name="retryIteration" value="0" />
                  <property name="repeatIteration" value="0" />
                </properties>
              </test-case>
            </test-suite>
            <test-suite type="TestFixture" id="1013" name="FacingDirectionTests" fullname="TW08.Tests.EditMode.FacingDirectionTests" classname="TW08.Tests.EditMode.FacingDirectionTests" runstate="Runnable" testcasecount="3" result="Passed" start-time="2026-08-29 18:17:23Z" end-time="2026-08-29 18:17:23Z" duration="0.008732" total="3" passed="3" failed="0" inconclusive="0" skipped="0" asserts="0">
              <properties />
              <test-case id="1014" name="CardinalDeltasMapToExpectedFacing" fullname="TW08.Tests.EditMode.FacingDirectionTests.CardinalDeltasMapToExpectedFacing" methodname="CardinalDeltasMapToExpectedFacing" classname="TW08.Tests.EditMode.FacingDirectionTests" runstate="Runnable" seed="1733720102" result="Passed" start-time="2026-08-29 18:17:23Z" end-time="2026-08-29 18:17:23Z" duration="0.001302" asserts="0">
                <properties>
                  <property name="retryIteration" value="0" />
                  <property name="repeatIteration" value="0" />
                </properties>
              </test-case>
              <test-case id="1016" name="DominantAxisWinsForNonCardinalInput" fullname="TW08.Tests.EditMode.FacingDirectionTests.DominantAxisWinsForNonCardinalInput" methodname="DominantAxisWinsForNonCardinalInput" classname="TW08.Tests.EditMode.FacingDirectionTests" runstate="Runnable" seed="2144552581" result="Passed" start-time="2026-08-29 18:17:23Z" end-time="2026-08-29 18:17:23Z" duration="0.000209" asserts="0">
                <properties>
                  <property name="retryIteration" value="0" />
                  <property name="repeatIteration" value="0" />
                </properties>
              </test-case>
              <test-case id="1015" name="ZeroDeltaPreservesFallbackFacing" fullname="TW08.Tests.EditMode.FacingDirectionTests.ZeroDeltaPreservesFallbackFacing" methodname="ZeroDeltaPreservesFallbackFacing" classname="TW08.Tests.EditMode.FacingDirectionTests" runstate="Runnable" seed="1121236222" result="Passed" start-time="2026-08-29 18:17:23Z" end-time="2026-08-29 18:17:23Z" duration="0.000123" asserts="0">
                <properties>
                  <property name="retryIteration" value="0" />
                  <property name="repeatIteration" value="0" />
                </properties>
              </test-case>
            </test-suite>
            <test-suite type="TestFixture" id="1017" name="HudTests" fullname="TW08.Tests.EditMode.HudTests" classname="TW08.Tests.EditMode.HudTests" runstate="Runnable" testcasecount="32" result="Passed" start-time="2026-08-29 18:17:23Z" end-time="2026-08-29 18:17:23Z" duration="0.028357" total="32" passed="32" failed="0" inconclusive="0" skipped="0" asserts="0">
              <properties />
              <test-case id="1026" name="BestTime_ShowsAPlaceholderUntilThereIsARecord" fullname="TW08.Tests.EditMode.HudTests.BestTime_ShowsAPlaceholderUntilThereIsARecord" methodname="BestTime_ShowsAPlaceholderUntilThereIsARecord" classname="TW08.Tests.EditMode.HudTests" runstate="Runnable" seed="741113486" result="Passed" start-time="2026-08-29 18:17:23Z" end-time="2026-08-29 18:17:23Z" duration="0.002942" asserts="0">
                <properties>
                  <property name="retryIteration" value="0" />
                  <property name="repeatIteration" value="0" />
                </properties>
              </test-case>
              <test-case id="1029" name="CargoIntegrity_ReportsLossBeforePercentage" fullname="TW08.Tests.EditMode.HudTests.CargoIntegrity_ReportsLossBeforePercentage" methodname="CargoIntegrity_ReportsLossBeforePercentage" classname="TW08.Tests.EditMode.HudTests" runstate="Runnable" seed="281881052" result="Passed" start-time="2026-08-29 18:17:23Z" end-time="2026-08-29 18:17:23Z" duration="0.000295" asserts="0">
                <properties>
                  <property name="retryIteration" value="0" />
                  <property name="repeatIteration" value="0" />
                </properties>
              </test-case>
              <test-case id="1038" name="CompletionLabel_ShowsCreditsOnlyAfterTheShiftIsCommitted" fullname="TW08.Tests.EditMode.HudTests.CompletionLabel_ShowsCreditsOnlyAfterTheShiftIsCommitted" methodname="CompletionLabel_ShowsCreditsOnlyAfterTheShiftIsCommitted" classname="TW08.Tests.EditMode.HudTests" runstate="Runnable" seed="1119001088" result="Passed" start-time="2026-08-29 18:17:23Z" end-time="2026-08-29 18:17:23Z" duration="0.002147" asserts="0">
                <properties>
                  <property name="retryIteration" value="0" />
                  <property name="repeatIteration" value="0" />
                </properties>
              </test-case>
              <test-case id="1033" name="DoorNotice_NamesTheGroupInUppercase" fullname="TW08.Tests.EditMode.HudTests.DoorNotice_NamesTheGroupInUppercase" methodname="DoorNotice_NamesTheGroupInUppercase" classname="TW08.Tests.EditMode.HudTests" runstate="Runnable" seed="83225758" result="Passed" start-time="2026-08-29 18:17:23Z" end-time="2026-08-29 18:17:23Z" duration="0.000184" asserts="0">
                <properties>
                  <property name="retryIteration" value="0" />
                  <property name="repeatIteration" value="0" />
                </properties>
              </test-case>
              <test-case id="1027" name="Lap_ClampsToTheTrackLength" fullname="TW08.Tests.EditMode.HudTests.Lap_ClampsToTheTrackLength" methodname="Lap_ClampsToTheTrackLength" classname="TW08.Tests.EditMode.HudTests" runstate="Runnable" seed="2113811809" result="Passed" start-time="2026-08-29 18:17:23Z" end-time="2026-08-29 18:17:23Z" duration="0.000211" asserts="0">
                <properties>
                  <property name="retryIteration" value="0" />
                  <property name="repeatIteration" value="0" />
                </properties>
              </test-case>
              <test-case id="1023" name="LevelTitle_FallsBackWhenTheLevelHasNoIdentity" fullname="TW08.Tests.EditMode.HudTests.LevelTitle_FallsBackWhenTheLevelHasNoIdentity" methodname="LevelTitle_FallsBackWhenTheLevelHasNoIdentity" classname="TW08.Tests.EditMode.HudTests" runstate="Runnable" seed="580415490" result="Passed" start-time="2026-08-29 18:17:23Z" end-time="2026-08-29 18:17:23Z" duration="0.000186" asserts="0">
                <properties>
                  <property name="retryIteration" value="0" />
                  <property name="repeatIteration" value="0" />
                </properties>
              </test-case>
              <test-case id="1022" name="LevelTitle_JoinsSectorAndNameInUppercase" fullname="TW08.Tests.EditMode.HudTests.LevelTitle_JoinsSectorAndNameInUppercase" methodname="LevelTitle_JoinsSectorAndNameInUppercase" classname="TW08.Tests.EditMode.HudTests" runstate="Runnable" seed="2017324554" result="Passed" start-time="2026-08-29 18:17:23Z" end-time="2026-08-29 18:17:23Z" duration="0.000131" asserts="0">
                <properties>
                  <property name="retryIteration" value="0" />
                  <property name="repeatIteration" value="0" />
                </properties>
              </test-case>
              <test-case id="1047" name="MedalLabels_CoverEveryTier" fullname="TW08.Tests.EditMode.HudTests.MedalLabels_CoverEveryTier" methodname="MedalLabels_CoverEveryTier" classname="TW08.Tests.EditMode.HudTests" runstate="Runnable" seed="1732191370" result="Passed" start-time="2026-08-29 18:17:23Z" end-time="2026-08-29 18:17:23Z" duration="0.000170" asserts="0">
                <properties>
                  <property name="retryIteration" value="0" />
                  <property name="repeatIteration" value="0" />
                </properties>
              </test-case>
              <test-case id="1019" name="MoveHistory_LeavesTheNumberForTheAnimatedCounter" fullname="TW08.Tests.EditMode.HudTests.MoveHistory_LeavesTheNumberForTheAnimatedCounter" methodname="MoveHistory_LeavesTheNumberForTheAnimatedCounter" classname="TW08.Tests.EditMode.HudTests" runstate="Runnable" seed="1042388864" result="Passed" start-time="2026-08-29 18:17:23Z" end-time="2026-08-29 18:17:23Z" duration="0.000140" asserts="0">
                <properties>
                  <property name="retryIteration" value="0" />
                  <property name="repeatIteration" value="0" />
                </properties>
              </test-case>
              <test-case id="1018" name="MoveSummary_KeepsTheLegacyCompositeLayout" fullname="TW08.Tests.EditMode.HudTests.MoveSummary_KeepsTheLegacyCompositeLayout" methodname="MoveSummary_KeepsTheLegacyCompositeLayout" classname="TW08.Tests.EditMode.HudTests" runstate="Runnable" seed="1033966275" result="Passed" start-time="2026-08-29 18:17:23Z" end-time="2026-08-29 18:17:23Z" duration="0.000140" asserts="0">
                <properties>
                  <property name="retryIteration" value="0" />
                  <property name="repeatIteration" value="0" />
                </properties>
              </test-case>
              <test-case id="1020" name="MovesValueFormat_IsUsableByTheCounterTween" fullname="TW08.Tests.EditMode.HudTests.MovesValueFormat_IsUsableByTheCounterTween" methodname="MovesValueFormat_IsUsableByTheCounterTween" classname="TW08.Tests.EditMode.HudTests" runstate="Runnable" seed="219983131" result="Passed" start-time="2026-08-29 18:17:23Z" end-time="2026-08-29 18:17:23Z" duration="0.000109" asserts="0">
                <properties>
                  <property name="retryIteration" value="0" />
                  <property name="repeatIteration" value="0" />
                </properties>
              </test-case>
              <test-case id="1021" name="NegativeCounters_NeverReachTheScreen" fullname="TW08.Tests.EditMode.HudTests.NegativeCounters_NeverReachTheScreen" methodname="NegativeCounters_NeverReachTheScreen" classname="TW08.Tests.EditMode.HudTests" runstate="Runnable" seed="1357839142" result="Passed" start-time="2026-08-29 18:17:23Z" end-time="2026-08-29 18:17:23Z" duration="0.000174" asserts="0">
                <properties>
                  <property name="retryIteration" value="0" />
                  <property name="repeatIteration" value="0" />
                </properties>
              </test-case>
              <test-case id="1024" name="Operator_AlwaysHasAPlaceholder" fullname="TW08.Tests.EditMode.HudTests.Operator_AlwaysHasAPlaceholder" methodname="Operator_AlwaysHasAPlaceholder" classname="TW08.Tests.EditMode.HudTests" runstate="Runnable" seed="2094898840" result="Passed" start-time="2026-08-29 18:17:23Z" end-time="2026-08-29 18:17:23Z" duration="0.000145" asserts="0">
                <properties>
                  <property name="retryIteration" value="0" />
                  <property name="repeatIteration" value="0" />
                </properties>
              </test-case>
              <test-case id="1028" name="Position_ShowsAPlaceholderBeforeTheFirstStanding" fullname="TW08.Tests.EditMode.HudTests.Position_ShowsAPlaceholderBeforeTheFirstStanding" methodname="Position_ShowsAPlaceholderBeforeTheFirstStanding" classname="TW08.Tests.EditMode.HudTests" runstate="Runnable" seed="662091053" result="Passed" start-time="2026-08-29 18:17:23Z" end-time="2026-08-29 18:17:23Z" duration="0.000152" asserts="0">
                <properties>
                  <property name="retryIteration" value="0" />
                  <property name="repeatIteration" value="0" />
                </properties>
              </test-case>
              <test-case id="1032" name="RankingCopy_DistinguishesCleanFromAssisted" fullname="TW08.Tests.EditMode.HudTests.RankingCopy_DistinguishesCleanFromAssisted" methodname="RankingCopy_DistinguishesCleanFromAssisted" classname="TW08.Tests.EditMode.HudTests" runstate="Runnable" seed="1842647432" result="Passed" start-time="2026-08-29 18:17:23Z" end-time="2026-08-29 18:17:23Z" duration="0.000147" asserts="0">
                <properties>
                  <property name="retryIteration" value="0" />
                  <property name="repeatIteration" value="0" />
                </properties>
              </test-case>
              <test-case id="1048" name="RankingLabel_SaysWhetherTheRunCounts" fullname="TW08.Tests.EditMode.HudTests.RankingLabel_SaysWhetherTheRunCounts" methodname="RankingLabel_SaysWhetherTheRunCounts" classname="TW08.Tests.EditMode.HudTests" runstate="Runnable" seed="116138293" result="Passed" start-time="2026-08-29 18:17:23Z" end-time="2026-08-29 18:17:23Z" duration="0.000482" asserts="0">
                <properties>
                  <property name="retryIteration" value="0" />
                  <property name="repeatIteration" value="0" />
                </properties>
              </test-case>
              <test-case id="1031" name="Signed_AlwaysShowsTheSignOnTheStatement" fullname="TW08.Tests.EditMode.HudTests.Signed_AlwaysShowsTheSignOnTheStatement" methodname="Signed_AlwaysShowsTheSignOnTheStatement" classname="TW08.Tests.EditMode.HudTests" runstate="Runnable" seed="1697359030" result="Passed" start-time="2026-08-29 18:17:23Z" end-time="2026-08-29 18:17:23Z" duration="0.000392" asserts="0">
                <properties>
                  <property name="retryIteration" value="0" />
                  <property name="repeatIteration" value="0" />
                </properties>
              </test-case>
              <test-case id="1030" name="SpeedReading_StaysNonNegativeForTheCounter" fullname="TW08.Tests.EditMode.HudTests.SpeedReading_StaysNonNegativeForTheCounter" methodname="SpeedReading_StaysNonNegativeForTheCounter" classname="TW08.Tests.EditMode.HudTests" runstate="Runnable" seed="990913284" result="Passed" start-time="2026-08-29 18:17:23Z" end-time="2026-08-29 18:17:23Z" duration="0.002339" asserts="0">
                <properties>
                  <property name="retryIteration" value="0" />
                  <property name="repeatIteration" value="0" />
                </properties>
              </test-case>
              <test-case id="1043" name="Statement_AddsAnExplicitCapLineWhenBonusesOverflow" fullname="TW08.Tests.EditMode.HudTests.Statement_AddsAnExplicitCapLineWhenBonusesOverflow" methodname="Statement_AddsAnExplicitCapLineWhenBonusesOverflow" classname="TW08.Tests.EditMode.HudTests" runstate="Runnable" seed="17570630" result="Passed" start-time="2026-08-29 18:17:23Z" end-time="2026-08-29 18:17:23Z" duration="0.002069" asserts="0">
                <properties>
                  <property name="retryIteration" value="0" />
                  <property name="repeatIteration" value="0" />
                </properties>
              </test-case>
              <test-case id="1042" name="Statement_KeepsEveryLineWhenUnderTheLevelCeiling" fullname="TW08.Tests.EditMode.HudTests.Statement_KeepsEveryLineWhenUnderTheLevelCeiling" methodname="Statement_KeepsEveryLineWhenUnderTheLevelCeiling" classname="TW08.Tests.EditMode.HudTests" runstate="Runnable" seed="1507776991" result="Passed" start-time="2026-08-29 18:17:23Z" end-time="2026-08-29 18:17:23Z" duration="0.001619" asserts="0">
                <properties>
                  <property name="retryIteration" value="0" />
                  <property name="repeatIteration" value="0" />
                </properties>
              </test-case>
              <test-case id="1046" name="Statement_LinesCarryTheirSign" fullname="TW08.Tests.EditMode.HudTests.Statement_LinesCarryTheirSign" methodname="Statement_LinesCarryTheirSign" classname="TW08.Tests.EditMode.HudTests" runstate="Runnable" seed="1066923568" result="Passed" start-time="2026-08-29 18:17:23Z" end-time="2026-08-29 18:17:23Z" duration="0.000418" asserts="0">
                <properties>
                  <property name="retryIteration" value="0" />
                  <property name="repeatIteration" value="0" />
                </properties>
              </test-case>
              <test-case id="1045" name="Statement_SurvivesAMissingReport" fullname="TW08.Tests.EditMode.HudTests.Statement_SurvivesAMissingReport" methodname="Statement_SurvivesAMissingReport" classname="TW08.Tests.EditMode.HudTests" runstate="Runnable" seed="143852963" result="Passed" start-time="2026-08-29 18:17:23Z" end-time="2026-08-29 18:17:23Z" duration="0.000469" asserts="0">
                <properties>
                  <property name="retryIteration" value="0" />
                  <property name="repeatIteration" value="0" />
                </properties>
              </test-case>
              <test-case id="1044" name="Statement_VisibleTotalAlwaysMatchesWhatTheEconomyPays" fullname="TW08.Tests.EditMode.HudTests.Statement_VisibleTotalAlwaysMatchesWhatTheEconomyPays" methodname="Statement_VisibleTotalAlwaysMatchesWhatTheEconomyPays" classname="TW08.Tests.EditMode.HudTests" runstate="Runnable" seed="904465593" result="Passed" start-time="2026-08-29 18:17:23Z" end-time="2026-08-29 18:17:23Z" duration="0.000410" asserts="0">
                <properties>
                  <property name="retryIteration" value="0" />
                  <property name="repeatIteration" value="0" />
                </properties>
              </test-case>
              <test-case id="1039" name="Status_ColorsAreDistinctPerState" fullname="TW08.Tests.EditMode.HudTests.Status_ColorsAreDistinctPerState" methodname="Status_ColorsAreDistinctPerState" classname="TW08.Tests.EditMode.HudTests" runstate="Runnable" seed="1892523640" result="Passed" start-time="2026-08-29 18:17:23Z" end-time="2026-08-29 18:17:23Z" duration="0.000852" asserts="0">
                <properties>
                  <property name="retryIteration" value="0" />
                  <property name="repeatIteration" value="0" />
                </properties>
              </test-case>
              <test-case id="1034" name="Status_CompletionWinsOverDeadlock" fullname="TW08.Tests.EditMode.HudTests.Status_CompletionWinsOverDeadlock" methodname="Status_CompletionWinsOverDeadlock" classname="TW08.Tests.EditMode.HudTests" runstate="Runnable" seed="1504388108" result="Passed" start-time="2026-08-29 18:17:23Z" end-time="2026-08-29 18:17:23Z" duration="0.000127" asserts="0">
                <properties>
                  <property name="retryIteration" value="0" />
                  <property name="repeatIteration" value="0" />
                </properties>
              </test-case>
              <test-case id="1036" name="Status_LabelsMatchTheTerminalCopy" fullname="TW08.Tests.EditMode.HudTests.Status_LabelsMatchTheTerminalCopy" methodname="Status_LabelsMatchTheTerminalCopy" classname="TW08.Tests.EditMode.HudTests" runstate="Runnable" seed="1163830206" result="Passed" start-time="2026-08-29 18:17:23Z" end-time="2026-08-29 18:17:23Z" duration="0.000135" asserts="0">
                <properties>
                  <property name="retryIteration" value="0" />
                  <property name="repeatIteration" value="0" />
                </properties>
              </test-case>
              <test-case id="1040" name="Status_MatchesTheRealDeadlockDetectorOnACorneredCrate" fullname="TW08.Tests.EditMode.HudTests.Status_MatchesTheRealDeadlockDetectorOnACorneredCrate" methodname="Status_MatchesTheRealDeadlockDetectorOnACorneredCrate" classname="TW08.Tests.EditMode.HudTests" runstate="Runnable" seed="970597637" result="Passed" start-time="2026-08-29 18:17:23Z" end-time="2026-08-29 18:17:23Z" duration="0.007340" asserts="0">
                <properties>
                  <property name="retryIteration" value="0" />
                  <property name="repeatIteration" value="0" />
                </properties>
              </test-case>
              <test-case id="1037" name="Status_OnlyDeadlockTriggersTheAlarm" fullname="TW08.Tests.EditMode.HudTests.Status_OnlyDeadlockTriggersTheAlarm" methodname="Status_OnlyDeadlockTriggersTheAlarm" classname="TW08.Tests.EditMode.HudTests" runstate="Runnable" seed="731841143" result="Passed" start-time="2026-08-29 18:17:23Z" end-time="2026-08-29 18:17:23Z" duration="0.000317" asserts="0">
                <properties>
                  <property name="retryIteration" value="0" />
                  <property name="repeatIteration" value="0" />
                </properties>
              </test-case>
              <test-case id="1041" name="Status_StaysActiveWhileTheCargoCanStillMove" fullname="TW08.Tests.EditMode.HudTests.Status_StaysActiveWhileTheCargoCanStillMove" methodname="Status_StaysActiveWhileTheCargoCanStillMove" classname="TW08.Tests.EditMode.HudTests" runstate="Runnable" seed="1256688203" result="Passed" start-time="2026-08-29 18:17:23Z" end-time="2026-08-29 18:17:23Z" duration="0.000256" asserts="0">
                <properties>
                  <property name="retryIteration" value="0" />
                  <property name="repeatIteration" value="0" />
                </properties>
              </test-case>
              <test-case id="1035" name="Status_WithoutABoardIsUnavailable" fullname="TW08.Tests.EditMode.HudTests.Status_WithoutABoardIsUnavailable" methodname="Status_WithoutABoardIsUnavailable" classname="TW08.Tests.EditMode.HudTests" runstate="Runnable" seed="790519663" result="Passed" start-time="2026-08-29 18:17:23Z" end-time="2026-08-29 18:17:23Z" duration="0.000138" asserts="0">
                <properties>
                  <property name="retryIteration" value="0" />
                  <property name="repeatIteration" value="0" />
                </properties>
              </test-case>
              <test-case id="1025" name="Time_UsesInvariantSeparatorsAndPadding" fullname="TW08.Tests.EditMode.HudTests.Time_UsesInvariantSeparatorsAndPadding" methodname="Time_UsesInvariantSeparatorsAndPadding" classname="TW08.Tests.EditMode.HudTests" runstate="Runnable" seed="1277817396" result="Passed" start-time="2026-08-29 18:17:23Z" end-time="2026-08-29 18:17:23Z" duration="0.000129" asserts="0">
                <properties>
                  <property name="retryIteration" value="0" />
                  <property name="repeatIteration" value="0" />
                </properties>
              </test-case>
              <test-case id="1049" name="VisibleLineCount_NeverExceedsTheSlotsBuiltIntoTheScene" fullname="TW08.Tests.EditMode.HudTests.VisibleLineCount_NeverExceedsTheSlotsBuiltIntoTheScene" methodname="VisibleLineCount_NeverExceedsTheSlotsBuiltIntoTheScene" classname="TW08.Tests.EditMode.HudTests" runstate="Runnable" seed="150541439" result="Passed" start-time="2026-08-29 18:17:23Z" end-time="2026-08-29 18:17:23Z" duration="0.000322" asserts="0">
                <properties>
                  <property name="retryIteration" value="0" />
                  <property name="repeatIteration" value="0" />
                </properties>
              </test-case>
            </test-suite>
            <test-suite type="TestFixture" id="1050" name="MenuTests" fullname="TW08.Tests.EditMode.MenuTests" classname="TW08.Tests.EditMode.MenuTests" runstate="Runnable" testcasecount="16" result="Passed" start-time="2026-08-29 18:17:23Z" end-time="2026-08-29 18:17:23Z" duration="0.006311" total="16" passed="16" failed="0" inconclusive="0" skipped="0" asserts="0">
              <properties />
              <test-case id="1055" name="CardTint_MedalOutranksTheNextLevelHighlight" fullname="TW08.Tests.EditMode.MenuTests.CardTint_MedalOutranksTheNextLevelHighlight" methodname="CardTint_MedalOutranksTheNextLevelHighlight" classname="TW08.Tests.EditMode.MenuTests" runstate="Runnable" seed="2005353955" result="Passed" start-time="2026-08-29 18:17:23Z" end-time="2026-08-29 18:17:23Z" duration="0.000392" asserts="0">
                <properties>
                  <property name="retryIteration" value="0" />
                  <property name="repeatIteration" value="0" />
                </properties>
              </test-case>
              <test-case id="1056" name="CardTint_UnplayedNextLevelIsHighlighted" fullname="TW08.Tests.EditMode.MenuTests.CardTint_UnplayedNextLevelIsHighlighted" methodname="CardTint_UnplayedNextLevelIsHighlighted" classname="TW08.Tests.EditMode.MenuTests" runstate="Runnable" seed="1974019687" result="Passed" start-time="2026-08-29 18:17:23Z" end-time="2026-08-29 18:17:23Z" duration="0.000162" asserts="0">
                <properties>
                  <property name="retryIteration" value="0" />
                  <property name="repeatIteration" value="0" />
                </properties>
              </test-case>
              <test-case id="1062" name="Credits_LoopOfZeroKeepsTheTextStill" fullname="TW08.Tests.EditMode.MenuTests.Credits_LoopOfZeroKeepsTheTextStill" methodname="Credits_LoopOfZeroKeepsTheTextStill" classname="TW08.Tests.EditMode.MenuTests" runstate="Runnable" seed="591212950" result="Passed" start-time="2026-08-29 18:17:23Z" end-time="2026-08-29 18:17:23Z" duration="0.000744" asserts="0">
                <properties>
                  <property name="retryIteration" value="0" />
                  <property name="repeatIteration" value="0" />
                </properties>
              </test-case>
              <test-case id="1061" name="Credits_ScrollWrapsAroundInsteadOfRunningOff" fullname="TW08.Tests.EditMode.MenuTests.Credits_ScrollWrapsAroundInsteadOfRunningOff" methodname="Credits_ScrollWrapsAroundInsteadOfRunningOff" classname="TW08.Tests.EditMode.MenuTests" runstate="Runnable" seed="1272081704" result="Passed" start-time="2026-08-29 18:17:23Z" end-time="2026-08-29 18:17:23Z" duration="0.000101" asserts="0">
                <properties>
                  <property name="retryIteration" value="0" />
                  <property name="repeatIteration" value="0" />
                </properties>
              </test-case>
              <test-case id="1052" name="LevelCard_DistinguishesLockedFromUnplayed" fullname="TW08.Tests.EditMode.MenuTests.LevelCard_DistinguishesLockedFromUnplayed" methodname="LevelCard_DistinguishesLockedFromUnplayed" classname="TW08.Tests.EditMode.MenuTests" runstate="Runnable" seed="1820513544" result="Passed" start-time="2026-08-29 18:17:23Z" end-time="2026-08-29 18:17:23Z" duration="0.000871" asserts="0">
                <properties>
                  <property name="retryIteration" value="0" />
                  <property name="repeatIteration" value="0" />
                </properties>
              </test-case>
              <test-case id="1054" name="LevelCard_EmptySlotStaysNeutral" fullname="TW08.Tests.EditMode.MenuTests.LevelCard_EmptySlotStaysNeutral" methodname="LevelCard_EmptySlotStaysNeutral" classname="TW08.Tests.EditMode.MenuTests" runstate="Runnable" seed="447187494" result="Passed" start-time="2026-08-29 18:17:23Z" end-time="2026-08-29 18:17:23Z" duration="0.000126" asserts="0">
                <properties>
                  <property name="retryIteration" value="0" />
                  <property name="repeatIteration" value="0" />
                </properties>
              </test-case>
              <test-case id="1053" name="LevelCard_FallsBackToAGenericNameWhenTheLevelHasNone" fullname="TW08.Tests.EditMode.MenuTests.LevelCard_FallsBackToAGenericNameWhenTheLevelHasNone" methodname="LevelCard_FallsBackToAGenericNameWhenTheLevelHasNone" classname="TW08.Tests.EditMode.MenuTests" runstate="Runnable" seed="1697244436" result="Passed" start-time="2026-08-29 18:17:23Z" end-time="2026-08-29 18:17:23Z" duration="0.000097" asserts="0">
                <properties>
                  <property name="retryIteration" value="0" />
                  <property name="repeatIteration" value="0" />
                </properties>
              </test-case>
              <test-case id="1051" name="LevelCard_ShowsBestRunOnceTheLevelWasCleared" fullname="TW08.Tests.EditMode.MenuTests.LevelCard_ShowsBestRunOnceTheLevelWasCleared" methodname="LevelCard_ShowsBestRunOnceTheLevelWasCleared" classname="TW08.Tests.EditMode.MenuTests" runstate="Runnable" seed="1262388385" result="Passed" start-time="2026-08-29 18:17:23Z" end-time="2026-08-29 18:17:23Z" duration="0.000111" asserts="0">
                <properties>
                  <property name="retryIteration" value="0" />
                  <property name="repeatIteration" value="0" />
                </properties>
              </test-case>
              <test-case id="1057" name="Scroll_DoesNotMoveWhenTheItemIsAlreadyFramed" fullname="TW08.Tests.EditMode.MenuTests.Scroll_DoesNotMoveWhenTheItemIsAlreadyFramed" methodname="Scroll_DoesNotMoveWhenTheItemIsAlreadyFramed" classname="TW08.Tests.EditMode.MenuTests" runstate="Runnable" seed="632240437" result="Passed" start-time="2026-08-29 18:17:23Z" end-time="2026-08-29 18:17:23Z" duration="0.000149" asserts="0">
                <properties>
                  <property name="retryIteration" value="0" />
                  <property name="repeatIteration" value="0" />
                </properties>
              </test-case>
              <test-case id="1059" name="Scroll_NormalizedPositionIsInvertedAndClamped" fullname="TW08.Tests.EditMode.MenuTests.Scroll_NormalizedPositionIsInvertedAndClamped" methodname="Scroll_NormalizedPositionIsInvertedAndClamped" classname="TW08.Tests.EditMode.MenuTests" runstate="Runnable" seed="1755974868" result="Passed" start-time="2026-08-29 18:17:23Z" end-time="2026-08-29 18:17:23Z" duration="0.000139" asserts="0">
                <properties>
                  <property name="retryIteration" value="0" />
                  <property name="repeatIteration" value="0" />
                </properties>
              </test-case>
              <test-case id="1058" name="Scroll_PullsTheViewportToReachItemsAboveAndBelow" fullname="TW08.Tests.EditMode.MenuTests.Scroll_PullsTheViewportToReachItemsAboveAndBelow" methodname="Scroll_PullsTheViewportToReachItemsAboveAndBelow" classname="TW08.Tests.EditMode.MenuTests" runstate="Runnable" seed="1901822013" result="Passed" start-time="2026-08-29 18:17:23Z" end-time="2026-08-29 18:17:23Z" duration="0.000135" asserts="0">
                <properties>
                  <property name="retryIteration" value="0" />
                  <property name="repeatIteration" value="0" />
                </properties>
              </test-case>
              <test-case id="1060" name="Scroll_SurvivesContentShorterThanTheViewport" fullname="TW08.Tests.EditMode.MenuTests.Scroll_SurvivesContentShorterThanTheViewport" methodname="Scroll_SurvivesContentShorterThanTheViewport" classname="TW08.Tests.EditMode.MenuTests" runstate="Runnable" seed="1225167296" result="Passed" start-time="2026-08-29 18:17:23Z" end-time="2026-08-29 18:17:23Z" duration="0.000760" asserts="0">
                <properties>
                  <property name="retryIteration" value="0" />
                  <property name="repeatIteration" value="0" />
                </properties>
              </test-case>
              <test-case id="1063" name="Shop_AffordabilityAndShortfall" fullname="TW08.Tests.EditMode.MenuTests.Shop_AffordabilityAndShortfall" methodname="Shop_AffordabilityAndShortfall" classname="TW08.Tests.EditMode.MenuTests" runstate="Runnable" seed="1126878610" result="Passed" start-time="2026-08-29 18:17:23Z" end-time="2026-08-29 18:17:23Z" duration="0.000262" asserts="0">
                <properties>
                  <property name="retryIteration" value="0" />
                  <property name="repeatIteration" value="0" />
                </properties>
              </test-case>
              <test-case id="1064" name="Shop_EquipRequiresStockUnlessAlreadyEquipped" fullname="TW08.Tests.EditMode.MenuTests.Shop_EquipRequiresStockUnlessAlreadyEquipped" methodname="Shop_EquipRequiresStockUnlessAlreadyEquipped" classname="TW08.Tests.EditMode.MenuTests" runstate="Runnable" seed="48178981" result="Passed" start-time="2026-08-29 18:17:23Z" end-time="2026-08-29 18:17:23Z" duration="0.000131" asserts="0">
                <properties>
                  <property name="retryIteration" value="0" />
                  <property name="repeatIteration" value="0" />
                </properties>
              </test-case>
              <test-case id="1066" name="Shop_LabelsReadAsTheTerminalWouldPrintThem" fullname="TW08.Tests.EditMode.MenuTests.Shop_LabelsReadAsTheTerminalWouldPrintThem" methodname="Shop_LabelsReadAsTheTerminalWouldPrintThem" classname="TW08.Tests.EditMode.MenuTests" runstate="Runnable" seed="2087705053" result="Passed" start-time="2026-08-29 18:17:23Z" end-time="2026-08-29 18:17:23Z" duration="0.000317" asserts="0">
                <properties>
                  <property name="retryIteration" value="0" />
                  <property name="repeatIteration" value="0" />
                </properties>
              </test-case>
              <test-case id="1065" name="Shop_SlotLimitBlocksTheThirdTool" fullname="TW08.Tests.EditMode.MenuTests.Shop_SlotLimitBlocksTheThirdTool" methodname="Shop_SlotLimitBlocksTheThirdTool" classname="TW08.Tests.EditMode.MenuTests" runstate="Runnable" seed="1104012928" result="Passed" start-time="2026-08-29 18:17:23Z" end-time="2026-08-29 18:17:23Z" duration="0.000181" asserts="0">
                <properties>
                  <property name="retryIteration" value="0" />
                  <property name="repeatIteration" value="0" />
                </properties>
              </test-case>
            </test-suite>
            <test-suite type="TestFixture" id="1067" name="NarrativeTests" fullname="TW08.Tests.EditMode.NarrativeTests" classname="TW08.Tests.EditMode.NarrativeTests" runstate="Runnable" testcasecount="21" result="Passed" start-time="2026-08-29 18:17:23Z" end-time="2026-08-29 18:17:23Z" duration="0.017570" total="21" passed="21" failed="0" inconclusive="0" skipped="0" asserts="0">
              <properties />
              <test-case id="1077" name="Catalog_FallsBackToTheNextCandidateWhenThePreferredOneIsNotEligible" fullname="TW08.Tests.EditMode.NarrativeTests.Catalog_FallsBackToTheNextCandidateWhenThePreferredOneIsNotEligible" methodname="Catalog_FallsBackToTheNextCandidateWhenThePreferredOneIsNotEligible" classname="TW08.Tests.EditMode.NarrativeTests" runstate="Runnable" seed="1731420389" result="Passed" start-time="2026-08-29 18:17:23Z" end-time="2026-08-29 18:17:23Z" duration="0.004516" asserts="0">
                <properties>
                  <property name="retryIteration" value="0" />
                  <property name="repeatIteration" value="0" />
                </properties>
              </test-case>
              <test-case id="1079" name="Catalog_FindLocatesBySequenceIdIgnoringCase" fullname="TW08.Tests.EditMode.NarrativeTests.Catalog_FindLocatesBySequenceIdIgnoringCase" methodname="Catalog_FindLocatesBySequenceIdIgnoringCase" classname="TW08.Tests.EditMode.NarrativeTests" runstate="Runnable" seed="2048467511" result="Passed" start-time="2026-08-29 18:17:23Z" end-time="2026-08-29 18:17:23Z" duration="0.000534" asserts="0">
                <properties>
                  <property name="retryIteration" value="0" />
                  <property name="repeatIteration" value="0" />
                </properties>
              </test-case>
              <test-case id="1078" name="Catalog_IgnoresNullEntriesAndSequencesWithoutLines" fullname="TW08.Tests.EditMode.NarrativeTests.Catalog_IgnoresNullEntriesAndSequencesWithoutLines" methodname="Catalog_IgnoresNullEntriesAndSequencesWithoutLines" classname="TW08.Tests.EditMode.NarrativeTests" runstate="Runnable" seed="949309186" result="Passed" start-time="2026-08-29 18:17:23Z" end-time="2026-08-29 18:17:23Z" duration="0.000411" asserts="0">
                <properties>
                  <property name="retryIteration" value="0" />
                  <property name="repeatIteration" value="0" />
                </properties>
              </test-case>
              <test-case id="1076" name="Catalog_PrefersTheLevelSpecificSequenceOverTheSectorOne" fullname="TW08.Tests.EditMode.NarrativeTests.Catalog_PrefersTheLevelSpecificSequenceOverTheSectorOne" methodname="Catalog_PrefersTheLevelSpecificSequenceOverTheSectorOne" classname="TW08.Tests.EditMode.NarrativeTests" runstate="Runnable" seed="1930733892" result="Passed" start-time="2026-08-29 18:17:23Z" end-time="2026-08-29 18:17:23Z" duration="0.000334" asserts="0">
                <properties>
                  <property name="retryIteration" value="0" />
                  <property name="repeatIteration" value="0" />
                </properties>
              </test-case>
              <test-case id="1071" name="Matching_EmptyFilterActsAsAWildcard" fullname="TW08.Tests.EditMode.NarrativeTests.Matching_EmptyFilterActsAsAWildcard" methodname="Matching_EmptyFilterActsAsAWildcard" classname="TW08.Tests.EditMode.NarrativeTests" runstate="Runnable" seed="1360000731" result="Passed" start-time="2026-08-29 18:17:23Z" end-time="2026-08-29 18:17:23Z" duration="0.000184" asserts="0">
                <properties>
                  <property name="retryIteration" value="0" />
                  <property name="repeatIteration" value="0" />
                </properties>
              </test-case>
              <test-case id="1072" name="Matching_IsCaseAndWhitespaceInsensitive" fullname="TW08.Tests.EditMode.NarrativeTests.Matching_IsCaseAndWhitespaceInsensitive" methodname="Matching_IsCaseAndWhitespaceInsensitive" classname="TW08.Tests.EditMode.NarrativeTests" runstate="Runnable" seed="125499090" result="Passed" start-time="2026-08-29 18:17:23Z" end-time="2026-08-29 18:17:23Z" duration="0.000199" asserts="0">
                <properties>
                  <property name="retryIteration" value="0" />
                  <property name="repeatIteration" value="0" />
                </properties>
              </test-case>
              <test-case id="1075" name="Matching_LevelFilterOutweighsSectorFilter" fullname="TW08.Tests.EditMode.NarrativeTests.Matching_LevelFilterOutweighsSectorFilter" methodname="Matching_LevelFilterOutweighsSectorFilter" classname="TW08.Tests.EditMode.NarrativeTests" runstate="Runnable" seed="9861928" result="Passed" start-time="2026-08-29 18:17:23Z" end-time="2026-08-29 18:17:23Z" duration="0.000182" asserts="0">
                <properties>
                  <property name="retryIteration" value="0" />
                  <property name="repeatIteration" value="0" />
                </properties>
              </test-case>
              <test-case id="1074" name="Matching_ManualNeverFiresByContext" fullname="TW08.Tests.EditMode.NarrativeTests.Matching_ManualNeverFiresByContext" methodname="Matching_ManualNeverFiresByContext" classname="TW08.Tests.EditMode.NarrativeTests" runstate="Runnable" seed="702089387" result="Passed" start-time="2026-08-29 18:17:23Z" end-time="2026-08-29 18:17:23Z" duration="0.000179" asserts="0">
                <properties>
                  <property name="retryIteration" value="0" />
                  <property name="repeatIteration" value="0" />
                </properties>
              </test-case>
              <test-case id="1073" name="Matching_RejectsAnotherSectorAnotherLevelAndAnotherMoment" fullname="TW08.Tests.EditMode.NarrativeTests.Matching_RejectsAnotherSectorAnotherLevelAndAnotherMoment" methodname="Matching_RejectsAnotherSectorAnotherLevelAndAnotherMoment" classname="TW08.Tests.EditMode.NarrativeTests" runstate="Runnable" seed="1621843681" result="Passed" start-time="2026-08-29 18:17:23Z" end-time="2026-08-29 18:17:23Z" duration="0.000194" asserts="0">
                <properties>
                  <property name="retryIteration" value="0" />
                  <property name="repeatIteration" value="0" />
                </properties>
              </test-case>
              <test-case id="1070" name="Playback_RewindReturnsToTheFirstUsableLine" fullname="TW08.Tests.EditMode.NarrativeTests.Playback_RewindReturnsToTheFirstUsableLine" methodname="Playback_RewindReturnsToTheFirstUsableLine" classname="TW08.Tests.EditMode.NarrativeTests" runstate="Runnable" seed="122644606" result="Passed" start-time="2026-08-29 18:17:23Z" end-time="2026-08-29 18:17:23Z" duration="0.000854" asserts="0">
                <properties>
                  <property name="retryIteration" value="0" />
                  <property name="repeatIteration" value="0" />
                </properties>
              </test-case>
              <test-case id="1068" name="Playback_SkipsBlankLinesAndStopsAtTheEnd" fullname="TW08.Tests.EditMode.NarrativeTests.Playback_SkipsBlankLinesAndStopsAtTheEnd" methodname="Playback_SkipsBlankLinesAndStopsAtTheEnd" classname="TW08.Tests.EditMode.NarrativeTests" runstate="Runnable" seed="978643734" result="Passed" start-time="2026-08-29 18:17:23Z" end-time="2026-08-29 18:17:23Z" duration="0.000325" asserts="0">
                <properties>
                  <property name="retryIteration" value="0" />
                  <property name="repeatIteration" value="0" />
                </properties>
              </test-case>
              <test-case id="1069" name="Playback_WithoutUsableContentIsFinishedImmediately" fullname="TW08.Tests.EditMode.NarrativeTests.Playback_WithoutUsableContentIsFinishedImmediately" methodname="Playback_WithoutUsableContentIsFinishedImmediately" classname="TW08.Tests.EditMode.NarrativeTests" runstate="Runnable" seed="1798891692" result="Passed" start-time="2026-08-29 18:17:23Z" end-time="2026-08-29 18:17:23Z" duration="0.000236" asserts="0">
                <properties>
                  <property name="retryIteration" value="0" />
                  <property name="repeatIteration" value="0" />
                </properties>
              </test-case>
              <test-case id="1086" name="PlayOnce_ResetPutsTheSequenceBackInRotation" fullname="TW08.Tests.EditMode.NarrativeTests.PlayOnce_ResetPutsTheSequenceBackInRotation" methodname="PlayOnce_ResetPutsTheSequenceBackInRotation" classname="TW08.Tests.EditMode.NarrativeTests" runstate="Runnable" seed="389058576" result="Passed" start-time="2026-08-29 18:17:23Z" end-time="2026-08-29 18:17:23Z" duration="0.001751" asserts="0">
                <properties>
                  <property name="retryIteration" value="0" />
                  <property name="repeatIteration" value="0" />
                </properties>
              </test-case>
              <test-case id="1085" name="PlayOnce_SurvivesAcrossServiceInstances" fullname="TW08.Tests.EditMode.NarrativeTests.PlayOnce_SurvivesAcrossServiceInstances" methodname="PlayOnce_SurvivesAcrossServiceInstances" classname="TW08.Tests.EditMode.NarrativeTests" runstate="Runnable" seed="218858240" result="Passed" start-time="2026-08-29 18:17:23Z" end-time="2026-08-29 18:17:23Z" duration="0.000956" asserts="0">
                <properties>
                  <property name="retryIteration" value="0" />
                  <property name="repeatIteration" value="0" />
                </properties>
              </test-case>
              <test-case id="1087" name="RepeatableSequence_IgnoresTheAlreadyPlayedMark" fullname="TW08.Tests.EditMode.NarrativeTests.RepeatableSequence_IgnoresTheAlreadyPlayedMark" methodname="RepeatableSequence_IgnoresTheAlreadyPlayedMark" classname="TW08.Tests.EditMode.NarrativeTests" runstate="Runnable" seed="1344826187" result="Passed" start-time="2026-08-29 18:17:23Z" end-time="2026-08-29 18:17:23Z" duration="0.000458" asserts="0">
                <properties>
                  <property name="retryIteration" value="0" />
                  <property name="repeatIteration" value="0" />
                </properties>
              </test-case>
              <test-case id="1088" name="Sequence_UsesTheLineSpeedWhenItOverridesTheDefault" fullname="TW08.Tests.EditMode.NarrativeTests.Sequence_UsesTheLineSpeedWhenItOverridesTheDefault" methodname="Sequence_UsesTheLineSpeedWhenItOverridesTheDefault" classname="TW08.Tests.EditMode.NarrativeTests" runstate="Runnable" seed="201865507" result="Passed" start-time="2026-08-29 18:17:23Z" end-time="2026-08-29 18:17:23Z" duration="0.000371" asserts="0">
                <properties>
                  <property name="retryIteration" value="0" />
                  <property name="repeatIteration" value="0" />
                </properties>
              </test-case>
              <test-case id="1084" name="Service_HandlesNullAndEmptySequencesWithoutThrowing" fullname="TW08.Tests.EditMode.NarrativeTests.Service_HandlesNullAndEmptySequencesWithoutThrowing" methodname="Service_HandlesNullAndEmptySequencesWithoutThrowing" classname="TW08.Tests.EditMode.NarrativeTests" runstate="Runnable" seed="141725047" result="Passed" start-time="2026-08-29 18:17:23Z" end-time="2026-08-29 18:17:23Z" duration="0.000521" asserts="0">
                <properties>
                  <property name="retryIteration" value="0" />
                  <property name="repeatIteration" value="0" />
                </properties>
              </test-case>
              <test-case id="1082" name="Service_QueueChainsTheOpeningIntoTheSectorEntry" fullname="TW08.Tests.EditMode.NarrativeTests.Service_QueueChainsTheOpeningIntoTheSectorEntry" methodname="Service_QueueChainsTheOpeningIntoTheSectorEntry" classname="TW08.Tests.EditMode.NarrativeTests" runstate="Runnable" seed="1368176056" result="Passed" start-time="2026-08-29 18:17:23Z" end-time="2026-08-29 18:17:23Z" duration="0.000859" asserts="0">
                <properties>
                  <property name="retryIteration" value="0" />
                  <property name="repeatIteration" value="0" />
                </properties>
              </test-case>
              <test-case id="1081" name="Service_RefusesASecondSequenceWhileOneIsOnScreen" fullname="TW08.Tests.EditMode.NarrativeTests.Service_RefusesASecondSequenceWhileOneIsOnScreen" methodname="Service_RefusesASecondSequenceWhileOneIsOnScreen" classname="TW08.Tests.EditMode.NarrativeTests" runstate="Runnable" seed="223372627" result="Passed" start-time="2026-08-29 18:17:23Z" end-time="2026-08-29 18:17:23Z" duration="0.000371" asserts="0">
                <properties>
                  <property name="retryIteration" value="0" />
                  <property name="repeatIteration" value="0" />
                </properties>
              </test-case>
              <test-case id="1083" name="Service_SkipAllDropsTheQueueAndClosesTheScene" fullname="TW08.Tests.EditMode.NarrativeTests.Service_SkipAllDropsTheQueueAndClosesTheScene" methodname="Service_SkipAllDropsTheQueueAndClosesTheScene" classname="TW08.Tests.EditMode.NarrativeTests" runstate="Runnable" seed="1025355464" result="Passed" start-time="2026-08-29 18:17:23Z" end-time="2026-08-29 18:17:23Z" duration="0.000717" asserts="0">
                <properties>
                  <property name="retryIteration" value="0" />
                  <property name="repeatIteration" value="0" />
                </properties>
              </test-case>
              <test-case id="1080" name="Service_WalksEveryLineAndThenCompletes" fullname="TW08.Tests.EditMode.NarrativeTests.Service_WalksEveryLineAndThenCompletes" methodname="Service_WalksEveryLineAndThenCompletes" classname="TW08.Tests.EditMode.NarrativeTests" runstate="Runnable" seed="1653538118" result="Passed" start-time="2026-08-29 18:17:23Z" end-time="2026-08-29 18:17:23Z" duration="0.000665" asserts="0">
                <properties>
                  <property name="retryIteration" value="0" />
                  <property name="repeatIteration" value="0" />
                </properties>
              </test-case>
            </test-suite>
            <test-suite type="TestFixture" id="1089" name="PuzzleAdvancedMechanicsTests" fullname="TW08.Tests.EditMode.PuzzleAdvancedMechanicsTests" classname="TW08.Tests.EditMode.PuzzleAdvancedMechanicsTests" runstate="Runnable" testcasecount="4" result="Passed" start-time="2026-08-29 18:17:23Z" end-time="2026-08-29 18:17:23Z" duration="0.006504" total="4" passed="4" failed="0" inconclusive="0" skipped="0" asserts="0">
              <properties />
              <test-case id="1090" name="CostlyCellAddsTwoMovesAndUndoRestoresScore" fullname="TW08.Tests.EditMode.PuzzleAdvancedMechanicsTests.CostlyCellAddsTwoMovesAndUndoRestoresScore" methodname="CostlyCellAddsTwoMovesAndUndoRestoresScore" classname="TW08.Tests.EditMode.PuzzleAdvancedMechanicsTests" runstate="Runnable" seed="1190674227" result="Passed" start-time="2026-08-29 18:17:23Z" end-time="2026-08-29 18:17:23Z" duration="0.001354" asserts="0">
                <properties>
                  <property name="retryIteration" value="0" />
                  <property name="repeatIteration" value="0" />
                </properties>
              </test-case>
              <test-case id="1091" name="DynamicDoorBlocksAndUnblocksMovement" fullname="TW08.Tests.EditMode.PuzzleAdvancedMechanicsTests.DynamicDoorBlocksAndUnblocksMovement" methodname="DynamicDoorBlocksAndUnblocksMovement" classname="TW08.Tests.EditMode.PuzzleAdvancedMechanicsTests" runstate="Runnable" seed="1358851706" result="Passed" start-time="2026-08-29 18:17:23Z" end-time="2026-08-29 18:17:23Z" duration="0.000761" asserts="0">
                <properties>
                  <property name="retryIteration" value="0" />
                  <property name="repeatIteration" value="0" />
                </properties>
              </test-case>
              <test-case id="1093" name="TypedDockAcceptsMatchingCargoKind" fullname="TW08.Tests.EditMode.PuzzleAdvancedMechanicsTests.TypedDockAcceptsMatchingCargoKind" methodname="TypedDockAcceptsMatchingCargoKind" classname="TW08.Tests.EditMode.PuzzleAdvancedMechanicsTests" runstate="Runnable" seed="1130341194" result="Passed" start-time="2026-08-29 18:17:23Z" end-time="2026-08-29 18:17:23Z" duration="0.002925" asserts="0">
                <properties>
                  <property name="retryIteration" value="0" />
                  <property name="repeatIteration" value="0" />
                </properties>
              </test-case>
              <test-case id="1092" name="TypedDockRejectsWrongCargoKind" fullname="TW08.Tests.EditMode.PuzzleAdvancedMechanicsTests.TypedDockRejectsWrongCargoKind" methodname="TypedDockRejectsWrongCargoKind" classname="TW08.Tests.EditMode.PuzzleAdvancedMechanicsTests" runstate="Runnable" seed="1677100210" result="Passed" start-time="2026-08-29 18:17:23Z" end-time="2026-08-29 18:17:23Z" duration="0.000314" asserts="0">
                <properties>
                  <property name="retryIteration" value="0" />
                  <property name="repeatIteration" value="0" />
                </properties>
              </test-case>
            </test-suite>
            <test-suite type="TestFixture" id="1094" name="PuzzleLevelValidatorTests" fullname="TW08.Tests.EditMode.PuzzleLevelValidatorTests" classname="TW08.Tests.EditMode.PuzzleLevelValidatorTests" runstate="Runnable" testcasecount="6" result="Passed" start-time="2026-08-29 18:17:23Z" end-time="2026-08-29 18:17:23Z" duration="0.008581" total="6" passed="6" failed="0" inconclusive="0" skipped="0" asserts="0">
              <properties />
              <test-case id="1096" name="ValidatorAcceptsSimpleValidPuzzle" fullname="TW08.Tests.EditMode.PuzzleLevelValidatorTests.ValidatorAcceptsSimpleValidPuzzle" methodname="ValidatorAcceptsSimpleValidPuzzle" classname="TW08.Tests.EditMode.PuzzleLevelValidatorTests" runstate="Runnable" seed="293564649" result="Passed" start-time="2026-08-29 18:17:23Z" end-time="2026-08-29 18:17:23Z" duration="0.004318" asserts="0">
                <properties>
                  <property name="retryIteration" value="0" />
                  <property name="repeatIteration" value="0" />
                </properties>
              </test-case>
              <test-case id="1098" name="ValidatorRejectsCrateOnPlayerStart" fullname="TW08.Tests.EditMode.PuzzleLevelValidatorTests.ValidatorRejectsCrateOnPlayerStart" methodname="ValidatorRejectsCrateOnPlayerStart" classname="TW08.Tests.EditMode.PuzzleLevelValidatorTests" runstate="Runnable" seed="224780477" result="Passed" start-time="2026-08-29 18:17:23Z" end-time="2026-08-29 18:17:23Z" duration="0.001035" asserts="0">
                <properties>
                  <property name="retryIteration" value="0" />
                  <property name="repeatIteration" value="0" />
                </properties>
              </test-case>
              <test-case id="1099" name="ValidatorRejectsEmptyPuzzle" fullname="TW08.Tests.EditMode.PuzzleLevelValidatorTests.ValidatorRejectsEmptyPuzzle" methodname="ValidatorRejectsEmptyPuzzle" classname="TW08.Tests.EditMode.PuzzleLevelValidatorTests" runstate="Runnable" seed="1317094730" result="Passed" start-time="2026-08-29 18:17:23Z" end-time="2026-08-29 18:17:23Z" duration="0.000511" asserts="0">
                <properties>
                  <property name="retryIteration" value="0" />
                  <property name="repeatIteration" value="0" />
                </properties>
              </test-case>
              <test-case id="1097" name="ValidatorRejectsGoalOnWall" fullname="TW08.Tests.EditMode.PuzzleLevelValidatorTests.ValidatorRejectsGoalOnWall" methodname="ValidatorRejectsGoalOnWall" classname="TW08.Tests.EditMode.PuzzleLevelValidatorTests" runstate="Runnable" seed="1011434397" result="Passed" start-time="2026-08-29 18:17:23Z" end-time="2026-08-29 18:17:23Z" duration="0.000695" asserts="0">
                <properties>
                  <property name="retryIteration" value="0" />
                  <property name="repeatIteration" value="0" />
                </properties>
              </test-case>
              <test-case id="1100" name="ValidatorRejectsMismatchedCratesAndGoals" fullname="TW08.Tests.EditMode.PuzzleLevelValidatorTests.ValidatorRejectsMismatchedCratesAndGoals" methodname="ValidatorRejectsMismatchedCratesAndGoals" classname="TW08.Tests.EditMode.PuzzleLevelValidatorTests" runstate="Runnable" seed="167014669" result="Passed" start-time="2026-08-29 18:17:23Z" end-time="2026-08-29 18:17:23Z" duration="0.000498" asserts="0">
                <properties>
                  <property name="retryIteration" value="0" />
                  <property name="repeatIteration" value="0" />
                </properties>
              </test-case>
              <test-case id="1095" name="ValidatorRejectsNullDefinition" fullname="TW08.Tests.EditMode.PuzzleLevelValidatorTests.ValidatorRejectsNullDefinition" methodname="ValidatorRejectsNullDefinition" classname="TW08.Tests.EditMode.PuzzleLevelValidatorTests" runstate="Runnable" seed="2053667514" result="Passed" start-time="2026-08-29 18:17:23Z" end-time="2026-08-29 18:17:23Z" duration="0.000193" asserts="0">
                <properties>
                  <property name="retryIteration" value="0" />
                  <property name="repeatIteration" value="0" />
                </properties>
              </test-case>
            </test-suite>
            <test-suite type="TestFixture" id="1101" name="PuzzleShiftTrackingTests" fullname="TW08.Tests.EditMode.PuzzleShiftTrackingTests" classname="TW08.Tests.EditMode.PuzzleShiftTrackingTests" runstate="Runnable" testcasecount="5" result="Passed" start-time="2026-08-29 18:17:23Z" end-time="2026-08-29 18:17:23Z" duration="0.014395" total="5" passed="5" failed="0" inconclusive="0" skipped="0" asserts="0">
              <properties />
              <test-case id="1106" name="BuildSummary_ReportsTheBoardCostAndPushes" fullname="TW08.Tests.EditMode.PuzzleShiftTrackingTests.BuildSummary_ReportsTheBoardCostAndPushes" methodname="BuildSummary_ReportsTheBoardCostAndPushes" classname="TW08.Tests.EditMode.PuzzleShiftTrackingTests" runstate="Runnable" seed="669082748" result="Passed" start-time="2026-08-29 18:17:23Z" end-time="2026-08-29 18:17:23Z" duration="0.009243" asserts="0">
                <properties>
                  <property name="retryIteration" value="0" />
                  <property name="repeatIteration" value="0" />
                </properties>
              </test-case>
              <test-case id="1105" name="HintsAndToolsAreCountedSeparately" fullname="TW08.Tests.EditMode.PuzzleShiftTrackingTests.HintsAndToolsAreCountedSeparately" methodname="HintsAndToolsAreCountedSeparately" classname="TW08.Tests.EditMode.PuzzleShiftTrackingTests" runstate="Runnable" seed="2013144282" result="Passed" start-time="2026-08-29 18:17:23Z" end-time="2026-08-29 18:17:23Z" duration="0.000498" asserts="0">
                <properties>
                  <property name="retryIteration" value="0" />
                  <property name="repeatIteration" value="0" />
                </properties>
              </test-case>
              <test-case id="1103" name="PushCount_FollowsUndoAndRedo" fullname="TW08.Tests.EditMode.PuzzleShiftTrackingTests.PushCount_FollowsUndoAndRedo" methodname="PushCount_FollowsUndoAndRedo" classname="TW08.Tests.EditMode.PuzzleShiftTrackingTests" runstate="Runnable" seed="1135540828" result="Passed" start-time="2026-08-29 18:17:23Z" end-time="2026-08-29 18:17:23Z" duration="0.000968" asserts="0">
                <properties>
                  <property name="retryIteration" value="0" />
                  <property name="repeatIteration" value="0" />
                </properties>
              </test-case>
              <test-case id="1104" name="RestartingTheLevel_ClearsTheWholeShiftRecord" fullname="TW08.Tests.EditMode.PuzzleShiftTrackingTests.RestartingTheLevel_ClearsTheWholeShiftRecord" methodname="RestartingTheLevel_ClearsTheWholeShiftRecord" classname="TW08.Tests.EditMode.PuzzleShiftTrackingTests" runstate="Runnable" seed="1438797701" result="Passed" start-time="2026-08-29 18:17:23Z" end-time="2026-08-29 18:17:23Z" duration="0.000497" asserts="0">
                <properties>
                  <property name="retryIteration" value="0" />
                  <property name="repeatIteration" value="0" />
                </properties>
              </test-case>
              <test-case id="1102" name="WalkingWithoutTouchingCargo_DoesNotCountAsPush" fullname="TW08.Tests.EditMode.PuzzleShiftTrackingTests.WalkingWithoutTouchingCargo_DoesNotCountAsPush" methodname="WalkingWithoutTouchingCargo_DoesNotCountAsPush" classname="TW08.Tests.EditMode.PuzzleShiftTrackingTests" runstate="Runnable" seed="67434019" result="Passed" start-time="2026-08-29 18:17:23Z" end-time="2026-08-29 18:17:23Z" duration="0.000286" asserts="0">
                <properties>
                  <property name="retryIteration" value="0" />
                  <property name="repeatIteration" value="0" />
                </properties>
              </test-case>
            </test-suite>
            <test-suite type="TestFixture" id="1107" name="RaceProductionSystemsTests" fullname="TW08.Tests.EditMode.RaceProductionSystemsTests" classname="TW08.Tests.EditMode.RaceProductionSystemsTests" runstate="Runnable" testcasecount="3" result="Passed" start-time="2026-08-29 18:17:23Z" end-time="2026-08-29 18:17:24Z" duration="0.013987" total="3" passed="3" failed="0" inconclusive="0" skipped="0" asserts="0">
              <properties />
              <test-case id="1110" name="PowerUpEnumPreservesLegacySerializedValues" fullname="TW08.Tests.EditMode.RaceProductionSystemsTests.PowerUpEnumPreservesLegacySerializedValues" methodname="PowerUpEnumPreservesLegacySerializedValues" classname="TW08.Tests.EditMode.RaceProductionSystemsTests" runstate="Runnable" seed="152148076" result="Passed" start-time="2026-08-29 18:17:23Z" end-time="2026-08-29 18:17:24Z" duration="0.000441" asserts="0">
                <properties>
                  <property name="retryIteration" value="0" />
                  <property name="repeatIteration" value="0" />
                </properties>
              </test-case>
              <test-case id="1109" name="RaceManagerExposesCheckpointPositionForAiAndScanner" fullname="TW08.Tests.EditMode.RaceProductionSystemsTests.RaceManagerExposesCheckpointPositionForAiAndScanner" methodname="RaceManagerExposesCheckpointPositionForAiAndScanner" classname="TW08.Tests.EditMode.RaceProductionSystemsTests" runstate="Runnable" seed="938055740" result="Passed" start-time="2026-08-29 18:17:24Z" end-time="2026-08-29 18:17:24Z" duration="0.004569" asserts="0">
                <properties>
                  <property name="retryIteration" value="0" />
                  <property name="repeatIteration" value="0" />
                </properties>
              </test-case>
              <test-case id="1108" name="RaceManagerRanksRacerThatAdvancedCheckpointAhead" fullname="TW08.Tests.EditMode.RaceProductionSystemsTests.RaceManagerRanksRacerThatAdvancedCheckpointAhead" methodname="RaceManagerRanksRacerThatAdvancedCheckpointAhead" classname="TW08.Tests.EditMode.RaceProductionSystemsTests" runstate="Runnable" seed="768443546" result="Passed" start-time="2026-08-29 18:17:24Z" end-time="2026-08-29 18:17:24Z" duration="0.004729" asserts="0">
                <properties>
                  <property name="retryIteration" value="0" />
                  <property name="repeatIteration" value="0" />
                </properties>
              </test-case>
            </test-suite>
            <test-suite type="TestFixture" id="1111" name="SaveIntegrityTests" fullname="TW08.Tests.EditMode.SaveIntegrityTests" classname="TW08.Tests.EditMode.SaveIntegrityTests" runstate="Runnable" testcasecount="1" result="Passed" start-time="2026-08-29 18:17:24Z" end-time="2026-08-29 18:17:24Z" duration="0.002322" total="1" passed="1" failed="0" inconclusive="0" skipped="0" asserts="0">
              <properties />
              <test-case id="1112" name="ChecksumDetectsPayloadChanges" fullname="TW08.Tests.EditMode.SaveIntegrityTests.ChecksumDetectsPayloadChanges" methodname="ChecksumDetectsPayloadChanges" classname="TW08.Tests.EditMode.SaveIntegrityTests" runstate="Runnable" seed="1597031830" result="Passed" start-time="2026-08-29 18:17:24Z" end-time="2026-08-29 18:17:24Z" duration="0.001505" asserts="0">
                <properties>
                  <property name="retryIteration" value="0" />
                  <property name="repeatIteration" value="0" />
                </properties>
              </test-case>
            </test-suite>
            <test-suite type="TestFixture" id="1113" name="ShopEconomyTests" fullname="TW08.Tests.EditMode.ShopEconomyTests" classname="TW08.Tests.EditMode.ShopEconomyTests" runstate="Runnable" testcasecount="11" result="Passed" start-time="2026-08-29 18:17:24Z" end-time="2026-08-29 18:17:24Z" duration="0.009909" total="11" passed="11" failed="0" inconclusive="0" skipped="0" asserts="0">
              <properties />
              <test-case id="1124" name="Advisor_HintsGetMoreDirectWithEachTier" fullname="TW08.Tests.EditMode.ShopEconomyTests.Advisor_HintsGetMoreDirectWithEachTier" methodname="Advisor_HintsGetMoreDirectWithEachTier" classname="TW08.Tests.EditMode.ShopEconomyTests" runstate="Runnable" seed="385682072" result="Passed" start-time="2026-08-29 18:17:24Z" end-time="2026-08-29 18:17:24Z" duration="0.004541" asserts="0">
                <properties>
                  <property name="retryIteration" value="0" />
                  <property name="repeatIteration" value="0" />
                </properties>
              </test-case>
              <test-case id="1122" name="Advisor_PrefersACrateLockedInACorner" fullname="TW08.Tests.EditMode.ShopEconomyTests.Advisor_PrefersACrateLockedInACorner" methodname="Advisor_PrefersACrateLockedInACorner" classname="TW08.Tests.EditMode.ShopEconomyTests" runstate="Runnable" seed="203977091" result="Passed" start-time="2026-08-29 18:17:24Z" end-time="2026-08-29 18:17:24Z" duration="0.000415" asserts="0">
                <properties>
                  <property name="retryIteration" value="0" />
                  <property name="repeatIteration" value="0" />
                </properties>
              </test-case>
              <test-case id="1123" name="Advisor_ReportsNoCriticalCrateWhenEverythingIsPlaced" fullname="TW08.Tests.EditMode.ShopEconomyTests.Advisor_ReportsNoCriticalCrateWhenEverythingIsPlaced" methodname="Advisor_ReportsNoCriticalCrateWhenEverythingIsPlaced" classname="TW08.Tests.EditMode.ShopEconomyTests" runstate="Runnable" seed="2008136732" result="Passed" start-time="2026-08-29 18:17:24Z" end-time="2026-08-29 18:17:24Z" duration="0.000341" asserts="0">
                <properties>
                  <property name="retryIteration" value="0" />
                  <property name="repeatIteration" value="0" />
                </properties>
              </test-case>
              <test-case id="1115" name="BareCompletion_PaysOnlyCompletionAndBronze" fullname="TW08.Tests.EditMode.ShopEconomyTests.BareCompletion_PaysOnlyCompletionAndBronze" methodname="BareCompletion_PaysOnlyCompletionAndBronze" classname="TW08.Tests.EditMode.ShopEconomyTests" runstate="Runnable" seed="2139476810" result="Passed" start-time="2026-08-29 18:17:24Z" end-time="2026-08-29 18:17:24Z" duration="0.000158" asserts="0">
                <properties>
                  <property name="retryIteration" value="0" />
                  <property name="repeatIteration" value="0" />
                </properties>
              </test-case>
              <test-case id="1119" name="EnsureDefaults_DropsEmptyStacksAndNegativeCredits" fullname="TW08.Tests.EditMode.ShopEconomyTests.EnsureDefaults_DropsEmptyStacksAndNegativeCredits" methodname="EnsureDefaults_DropsEmptyStacksAndNegativeCredits" classname="TW08.Tests.EditMode.ShopEconomyTests" runstate="Runnable" seed="1081406256" result="Passed" start-time="2026-08-29 18:17:24Z" end-time="2026-08-29 18:17:24Z" duration="0.000422" asserts="0">
                <properties>
                  <property name="retryIteration" value="0" />
                  <property name="repeatIteration" value="0" />
                </properties>
              </test-case>
              <test-case id="1121" name="MigrationV2ToV3_LeavesUnfinishedLevelsOutOfTheCleanRanking" fullname="TW08.Tests.EditMode.ShopEconomyTests.MigrationV2ToV3_LeavesUnfinishedLevelsOutOfTheCleanRanking" methodname="MigrationV2ToV3_LeavesUnfinishedLevelsOutOfTheCleanRanking" classname="TW08.Tests.EditMode.ShopEconomyTests" runstate="Runnable" seed="499031820" result="Passed" start-time="2026-08-29 18:17:24Z" end-time="2026-08-29 18:17:24Z" duration="0.000497" asserts="0">
                <properties>
                  <property name="retryIteration" value="0" />
                  <property name="repeatIteration" value="0" />
                </properties>
              </test-case>
              <test-case id="1120" name="MigrationV2ToV3_PromotesOldRecordsToCleanRanking" fullname="TW08.Tests.EditMode.ShopEconomyTests.MigrationV2ToV3_PromotesOldRecordsToCleanRanking" methodname="MigrationV2ToV3_PromotesOldRecordsToCleanRanking" classname="TW08.Tests.EditMode.ShopEconomyTests" runstate="Runnable" seed="1616539602" result="Passed" start-time="2026-08-29 18:17:24Z" end-time="2026-08-29 18:17:24Z" duration="0.000384" asserts="0">
                <properties>
                  <property name="retryIteration" value="0" />
                  <property name="repeatIteration" value="0" />
                </properties>
              </test-case>
              <test-case id="1114" name="PerfectCleanRun_IsCappedAtLevelMaximum" fullname="TW08.Tests.EditMode.ShopEconomyTests.PerfectCleanRun_IsCappedAtLevelMaximum" methodname="PerfectCleanRun_IsCappedAtLevelMaximum" classname="TW08.Tests.EditMode.ShopEconomyTests" runstate="Runnable" seed="59480267" result="Passed" start-time="2026-08-29 18:17:24Z" end-time="2026-08-29 18:17:24Z" duration="0.000132" asserts="0">
                <properties>
                  <property name="retryIteration" value="0" />
                  <property name="repeatIteration" value="0" />
                </properties>
              </test-case>
              <test-case id="1117" name="Statement_ListsEveryEarnedBonus" fullname="TW08.Tests.EditMode.ShopEconomyTests.Statement_ListsEveryEarnedBonus" methodname="Statement_ListsEveryEarnedBonus" classname="TW08.Tests.EditMode.ShopEconomyTests" runstate="Runnable" seed="1205434496" result="Passed" start-time="2026-08-29 18:17:24Z" end-time="2026-08-29 18:17:24Z" duration="0.000899" asserts="0">
                <properties>
                  <property name="retryIteration" value="0" />
                  <property name="repeatIteration" value="0" />
                </properties>
              </test-case>
              <test-case id="1118" name="ToolStock_AddsAndConsumesWithoutGoingNegative" fullname="TW08.Tests.EditMode.ShopEconomyTests.ToolStock_AddsAndConsumesWithoutGoingNegative" methodname="ToolStock_AddsAndConsumesWithoutGoingNegative" classname="TW08.Tests.EditMode.ShopEconomyTests" runstate="Runnable" seed="3430365" result="Passed" start-time="2026-08-29 18:17:24Z" end-time="2026-08-29 18:17:24Z" duration="0.000561" asserts="0">
                <properties>
                  <property name="retryIteration" value="0" />
                  <property name="repeatIteration" value="0" />
                </properties>
              </test-case>
              <test-case id="1116" name="UsingATool_RemovesTheCleanBonusAndClearsCompetitiveFlag" fullname="TW08.Tests.EditMode.ShopEconomyTests.UsingATool_RemovesTheCleanBonusAndClearsCompetitiveFlag" methodname="UsingATool_RemovesTheCleanBonusAndClearsCompetitiveFlag" classname="TW08.Tests.EditMode.ShopEconomyTests" runstate="Runnable" seed="199250426" result="Passed" start-time="2026-08-29 18:17:24Z" end-time="2026-08-29 18:17:24Z" duration="0.000159" asserts="0">
                <properties>
                  <property name="retryIteration" value="0" />
                  <property name="repeatIteration" value="0" />
                </properties>
              </test-case>
            </test-suite>
          </test-suite>
          <test-suite type="TestFixture" id="1001" name="PuzzleBoardModelTests" fullname="TW08.Tests.PuzzleBoardModelTests" classname="TW08.Tests.PuzzleBoardModelTests" runstate="Runnable" testcasecount="6" result="Passed" start-time="2026-08-29 18:17:24Z" end-time="2026-08-29 18:17:24Z" duration="0.002674" total="6" passed="6" failed="0" inconclusive="0" skipped="0" asserts="0">
            <properties />
            <test-case id="1007" name="BoardCompletesWhenEveryGoalHasCrate" fullname="TW08.Tests.PuzzleBoardModelTests.BoardCompletesWhenEveryGoalHasCrate" methodname="BoardCompletesWhenEveryGoalHasCrate" classname="TW08.Tests.PuzzleBoardModelTests" runstate="Runnable" seed="1805074786" result="Passed" start-time="2026-08-29 18:17:24Z" end-time="2026-08-29 18:17:24Z" duration="0.000352" asserts="0">
              <properties>
                <property name="retryIteration" value="0" />
                <property name="repeatIteration" value="0" />
              </properties>
            </test-case>
            <test-case id="1003" name="PlayerCannotMoveThroughWall" fullname="TW08.Tests.PuzzleBoardModelTests.PlayerCannotMoveThroughWall" methodname="PlayerCannotMoveThroughWall" classname="TW08.Tests.PuzzleBoardModelTests" runstate="Runnable" seed="1934414690" result="Passed" start-time="2026-08-29 18:17:24Z" end-time="2026-08-29 18:17:24Z" duration="0.000208" asserts="0">
              <properties>
                <property name="retryIteration" value="0" />
                <property name="repeatIteration" value="0" />
              </properties>
            </test-case>
            <test-case id="1005" name="PlayerCannotPushTwoCrates" fullname="TW08.Tests.PuzzleBoardModelTests.PlayerCannotPushTwoCrates" methodname="PlayerCannotPushTwoCrates" classname="TW08.Tests.PuzzleBoardModelTests" runstate="Runnable" seed="895088340" result="Passed" start-time="2026-08-29 18:17:24Z" end-time="2026-08-29 18:17:24Z" duration="0.000191" asserts="0">
              <properties>
                <property name="retryIteration" value="0" />
                <property name="repeatIteration" value="0" />
              </properties>
            </test-case>
            <test-case id="1002" name="PlayerMovesIntoFreeCell" fullname="TW08.Tests.PuzzleBoardModelTests.PlayerMovesIntoFreeCell" methodname="PlayerMovesIntoFreeCell" classname="TW08.Tests.PuzzleBoardModelTests" runstate="Runnable" seed="1328576519" result="Passed" start-time="2026-08-29 18:17:24Z" end-time="2026-08-29 18:17:24Z" duration="0.000191" asserts="0">
              <properties>
                <property name="retryIteration" value="0" />
                <property name="repeatIteration" value="0" />
              </properties>
            </test-case>
            <test-case id="1004" name="PlayerPushesSingleCrate" fullname="TW08.Tests.PuzzleBoardModelTests.PlayerPushesSingleCrate" methodname="PlayerPushesSingleCrate" classname="TW08.Tests.PuzzleBoardModelTests" runstate="Runnable" seed="1972673495" result="Passed" start-time="2026-08-29 18:17:24Z" end-time="2026-08-29 18:17:24Z" duration="0.000457" asserts="0">
              <properties>
                <property name="retryIteration" value="0" />
                <property name="repeatIteration" value="0" />
              </properties>
            </test-case>
            <test-case id="1006" name="UndoRestoresPlayerAndCrate" fullname="TW08.Tests.PuzzleBoardModelTests.UndoRestoresPlayerAndCrate" methodname="UndoRestoresPlayerAndCrate" classname="TW08.Tests.PuzzleBoardModelTests" runstate="Runnable" seed="1525067" result="Passed" start-time="2026-08-29 18:17:24Z" end-time="2026-08-29 18:17:24Z" duration="0.000286" asserts="0">
              <properties>
                <property name="retryIteration" value="0" />
                <property name="repeatIteration" value="0" />
              </properties>
            </test-case>
          </test-suite>
          <test-suite type="TestFixture" id="1008" name="PuzzleRuntimeTests" fullname="TW08.Tests.PuzzleRuntimeTests" classname="TW08.Tests.PuzzleRuntimeTests" runstate="Runnable" testcasecount="1" result="Passed" start-time="2026-08-29 18:17:24Z" end-time="2026-08-29 18:17:24Z" duration="0.001977" total="1" passed="1" failed="0" inconclusive="0" skipped="0" asserts="0">
            <properties />
            <test-case id="1009" name="RedoWinningMoveRaisesCompletionAgain" fullname="TW08.Tests.PuzzleRuntimeTests.RedoWinningMoveRaisesCompletionAgain" methodname="RedoWinningMoveRaisesCompletionAgain" classname="TW08.Tests.PuzzleRuntimeTests" runstate="Runnable" seed="1467990162" result="Passed" start-time="2026-08-29 18:17:24Z" end-time="2026-08-29 18:17:24Z" duration="0.001503" asserts="0">
              <properties>
                <property name="retryIteration" value="0" />
                <property name="repeatIteration" value="0" />
              </properties>
            </test-case>
          </test-suite>
        </test-suite>
      </test-suite>
    </test-suite>
    <test-suite type="Assembly" id="1131" name="Unity.Addressables.DocExampleCode.Editor.Tests.dll" fullname="X:/Shove-It-The-Warehouse/Shove It - The Warehouse Game REMASTER/Library/ScriptAssemblies/Unity.Addressables.DocExampleCode.Editor.Tests.dll" runstate="Runnable" testcasecount="1" result="Passed" start-time="2026-08-29 18:17:24Z" end-time="2026-08-29 18:17:24Z" duration="0.001621" total="1" passed="1" failed="0" inconclusive="0" skipped="0" asserts="0">
      <properties>
        <property name="_PID" value="25800" />
        <property name="_APPDOMAIN" value="Unity Child Domain" />
        <property name="platform" value="EditMode" />
        <property name="EditorOnly" value="True" />
      </properties>
      <test-suite type="TestSuite" id="1132" name="AddressableAssets" fullname="AddressableAssets" runstate="Runnable" testcasecount="1" result="Passed" start-time="2026-08-29 18:17:24Z" end-time="2026-08-29 18:17:24Z" duration="0.001158" total="1" passed="1" failed="0" inconclusive="0" skipped="0" asserts="0">
        <properties />
        <test-suite type="TestSuite" id="1133" name="DocExampleCode" fullname="AddressableAssets.DocExampleCode" runstate="Runnable" testcasecount="1" result="Passed" start-time="2026-08-29 18:17:24Z" end-time="2026-08-29 18:17:24Z" duration="0.000912" total="1" passed="1" failed="0" inconclusive="0" skipped="0" asserts="0">
          <properties />
          <test-suite type="TestFixture" id="1129" name="TestStub" fullname="AddressableAssets.DocExampleCode.TestStub" classname="AddressableAssets.DocExampleCode.TestStub" runstate="Runnable" testcasecount="1" result="Passed" start-time="2026-08-29 18:17:24Z" end-time="2026-08-29 18:17:24Z" duration="0.000668" total="1" passed="1" failed="0" inconclusive="0" skipped="0" asserts="0">
            <properties />
            <test-case id="1130" name="RequiredTest" fullname="AddressableAssets.DocExampleCode.TestStub.RequiredTest" methodname="RequiredTest" classname="AddressableAssets.DocExampleCode.TestStub" runstate="Runnable" seed="1216706422" result="Passed" start-time="2026-08-29 18:17:24Z" end-time="2026-08-29 18:17:24Z" duration="0.000101" asserts="0">
              <properties>
                <property name="retryIteration" value="0" />
                <property name="repeatIteration" value="0" />
              </properties>
              <output><![CDATA[Saving results to: X:\Shove-It-The-Warehouse\Shove It - The Warehouse Game REMASTER\TestResults-EditMode-all.xml
]]></output>
            </test-case>
          </test-suite>
        </test-suite>
      </test-suite>
    </test-suite>
  </test-suite>
</test-run>