<?xml version="1.0" encoding="utf-8"?>
<test-run id="2" testcasecount="122" result="Passed" total="122" passed="122" failed="0" inconclusive="0" skipped="0" asserts="0" engine-version="3.5.0.0" clr-version="4.0.30319.42000" start-time="2026-08-29 18:40:34Z" end-time="2026-08-29 18:40:34Z" duration="0,1562507">
  <test-suite type="TestSuite" id="1000" name="Shove It - The Warehouse Game REMASTER" fullname="Shove It - The Warehouse Game REMASTER" runstate="Runnable" testcasecount="122" result="Passed" start-time="2026-08-29 18:40:34Z" end-time="2026-08-29 18:40:34Z" duration="0.156251" total="122" passed="122" failed="0" inconclusive="0" skipped="0" asserts="0">
    <properties>
      <property name="platform" value="EditMode" />
    </properties>
    <test-suite type="Assembly" id="1136" name="TW08.Tests.EditMode.dll" fullname="X:/Shove-It-The-Warehouse/Shove It - The Warehouse Game REMASTER/Library/ScriptAssemblies/TW08.Tests.EditMode.dll" runstate="Runnable" testcasecount="121" result="Passed" start-time="2026-08-29 18:40:34Z" end-time="2026-08-29 18:40:34Z" duration="0.147616" total="121" passed="121" failed="0" inconclusive="0" skipped="0" asserts="0">
      <properties>
        <property name="_PID" value="28008" />
        <property name="_APPDOMAIN" value="Unity Child Domain" />
        <property name="platform" value="EditMode" />
        <property name="EditorOnly" value="True" />
      </properties>
      <test-suite type="TestSuite" id="1137" name="TW08" fullname="TW08" runstate="Runnable" testcasecount="121" result="Passed" start-time="2026-08-29 18:40:34Z" end-time="2026-08-29 18:40:34Z" duration="0.146965" total="121" passed="121" failed="0" inconclusive="0" skipped="0" asserts="0">
        <properties />
        <test-suite type="TestSuite" id="1138" name="Tests" fullname="TW08.Tests" runstate="Runnable" testcasecount="121" result="Passed" start-time="2026-08-29 18:40:34Z" end-time="2026-08-29 18:40:34Z" duration="0.146711" total="121" passed="121" failed="0" inconclusive="0" skipped="0" asserts="0">
          <properties />
          <test-suite type="TestSuite" id="1139" name="EditMode" fullname="TW08.Tests.EditMode" runstate="Runnable" testcasecount="114" result="Passed" start-time="2026-08-29 18:40:34Z" end-time="2026-08-29 18:40:34Z" duration="0.142081" total="114" passed="114" failed="0" inconclusive="0" skipped="0" asserts="0">
            <properties />
            <test-suite type="TestFixture" id="1010" name="ExpansionProgressionTests" fullname="TW08.Tests.EditMode.ExpansionProgressionTests" classname="TW08.Tests.EditMode.ExpansionProgressionTests" runstate="Runnable" testcasecount="2" result="Passed" start-time="2026-08-29 18:40:34Z" end-time="2026-08-29 18:40:34Z" duration="0.032586" total="2" passed="2" failed="0" inconclusive="0" skipped="0" asserts="0">
              <properties />
              <test-case id="1012" name="RaceDefinitionAwardsExpectedMedals" fullname="TW08.Tests.EditMode.ExpansionProgressionTests.RaceDefinitionAwardsExpectedMedals" methodname="RaceDefinitionAwardsExpectedMedals" classname="TW08.Tests.EditMode.ExpansionProgressionTests" runstate="Runnable" seed="671536340" result="Passed" start-time="2026-08-29 18:40:34Z" end-time="2026-08-29 18:40:34Z" duration="0.016871" asserts="0">
                <properties>
                  <property name="retryIteration" value="0" />
                  <property name="repeatIteration" value="0" />
                </properties>
              </test-case>
              <test-case id="1011" name="SaveMigrationV1ToV2InitializesNewFields" fullname="TW08.Tests.EditMode.ExpansionProgressionTests.SaveMigrationV1ToV2InitializesNewFields" methodname="SaveMigrationV1ToV2InitializesNewFields" classname="TW08.Tests.EditMode.ExpansionProgressionTests" runstate="Runnable" seed="1383750779" result="Passed" start-time="2026-08-29 18:40:34Z" end-time="2026-08-29 18:40:34Z" duration="0.002295" asserts="0">
                <properties>
                  <property name="retryIteration" value="0" />
                  <property name="repeatIteration" value="0" />
                </properties>
              </test-case>
            </test-suite>
            <test-suite type="TestFixture" id="1013" name="FacingDirectionTests" fullname="TW08.Tests.EditMode.FacingDirectionTests" classname="TW08.Tests.EditMode.FacingDirectionTests" runstate="Runnable" testcasecount="3" result="Passed" start-time="2026-08-29 18:40:34Z" end-time="2026-08-29 18:40:34Z" duration="0.002505" total="3" passed="3" failed="0" inconclusive="0" skipped="0" asserts="0">
              <properties />
              <test-case id="1014" name="CardinalDeltasMapToExpectedFacing" fullname="TW08.Tests.EditMode.FacingDirectionTests.CardinalDeltasMapToExpectedFacing" methodname="CardinalDeltasMapToExpectedFacing" classname="TW08.Tests.EditMode.FacingDirectionTests" runstate="Runnable" seed="1599722072" result="Passed" start-time="2026-08-29 18:40:34Z" end-time="2026-08-29 18:40:34Z" duration="0.001281" asserts="0">
                <properties>
                  <property name="retryIteration" value="0" />
                  <property name="repeatIteration" value="0" />
                </properties>
              </test-case>
              <test-case id="1016" name="DominantAxisWinsForNonCardinalInput" fullname="TW08.Tests.EditMode.FacingDirectionTests.DominantAxisWinsForNonCardinalInput" methodname="DominantAxisWinsForNonCardinalInput" classname="TW08.Tests.EditMode.FacingDirectionTests" runstate="Runnable" seed="1315025587" result="Passed" start-time="2026-08-29 18:40:34Z" end-time="2026-08-29 18:40:34Z" duration="0.000230" asserts="0">
                <properties>
                  <property name="retryIteration" value="0" />
                  <property name="repeatIteration" value="0" />
                </properties>
              </test-case>
              <test-case id="1015" name="ZeroDeltaPreservesFallbackFacing" fullname="TW08.Tests.EditMode.FacingDirectionTests.ZeroDeltaPreservesFallbackFacing" methodname="ZeroDeltaPreservesFallbackFacing" classname="TW08.Tests.EditMode.FacingDirectionTests" runstate="Runnable" seed="377439979" result="Passed" start-time="2026-08-29 18:40:34Z" end-time="2026-08-29 18:40:34Z" duration="0.000144" asserts="0">
                <properties>
                  <property name="retryIteration" value="0" />
                  <property name="repeatIteration" value="0" />
                </properties>
              </test-case>
            </test-suite>
            <test-suite type="TestFixture" id="1017" name="HudTests" fullname="TW08.Tests.EditMode.HudTests" classname="TW08.Tests.EditMode.HudTests" runstate="Runnable" testcasecount="32" result="Passed" start-time="2026-08-29 18:40:34Z" end-time="2026-08-29 18:40:34Z" duration="0.024185" total="32" passed="32" failed="0" inconclusive="0" skipped="0" asserts="0">
              <properties />
              <test-case id="1026" name="BestTime_ShowsAPlaceholderUntilThereIsARecord" fullname="TW08.Tests.EditMode.HudTests.BestTime_ShowsAPlaceholderUntilThereIsARecord" methodname="BestTime_ShowsAPlaceholderUntilThereIsARecord" classname="TW08.Tests.EditMode.HudTests" runstate="Runnable" seed="788003980" result="Passed" start-time="2026-08-29 18:40:34Z" end-time="2026-08-29 18:40:34Z" duration="0.002108" asserts="0">
                <properties>
                  <property name="retryIteration" value="0" />
                  <property name="repeatIteration" value="0" />
                </properties>
              </test-case>
              <test-case id="1029" name="CargoIntegrity_ReportsLossBeforePercentage" fullname="TW08.Tests.EditMode.HudTests.CargoIntegrity_ReportsLossBeforePercentage" methodname="CargoIntegrity_ReportsLossBeforePercentage" classname="TW08.Tests.EditMode.HudTests" runstate="Runnable" seed="1799563458" result="Passed" start-time="2026-08-29 18:40:34Z" end-time="2026-08-29 18:40:34Z" duration="0.000254" asserts="0">
                <properties>
                  <property name="retryIteration" value="0" />
                  <property name="repeatIteration" value="0" />
                </properties>
              </test-case>
              <test-case id="1038" name="CompletionLabel_ShowsCreditsOnlyAfterTheShiftIsCommitted" fullname="TW08.Tests.EditMode.HudTests.CompletionLabel_ShowsCreditsOnlyAfterTheShiftIsCommitted" methodname="CompletionLabel_ShowsCreditsOnlyAfterTheShiftIsCommitted" classname="TW08.Tests.EditMode.HudTests" runstate="Runnable" seed="1950016567" result="Passed" start-time="2026-08-29 18:40:34Z" end-time="2026-08-29 18:40:34Z" duration="0.000187" asserts="0">
                <properties>
                  <property name="retryIteration" value="0" />
                  <property name="repeatIteration" value="0" />
                </properties>
              </test-case>
              <test-case id="1033" name="DoorNotice_NamesTheGroupInUppercase" fullname="TW08.Tests.EditMode.HudTests.DoorNotice_NamesTheGroupInUppercase" methodname="DoorNotice_NamesTheGroupInUppercase" classname="TW08.Tests.EditMode.HudTests" runstate="Runnable" seed="781697697" result="Passed" start-time="2026-08-29 18:40:34Z" end-time="2026-08-29 18:40:34Z" duration="0.000170" asserts="0">
                <properties>
                  <property name="retryIteration" value="0" />
                  <property name="repeatIteration" value="0" />
                </properties>
              </test-case>
              <test-case id="1027" name="Lap_ClampsToTheTrackLength" fullname="TW08.Tests.EditMode.HudTests.Lap_ClampsToTheTrackLength" methodname="Lap_ClampsToTheTrackLength" classname="TW08.Tests.EditMode.HudTests" runstate="Runnable" seed="1649171230" result="Passed" start-time="2026-08-29 18:40:34Z" end-time="2026-08-29 18:40:34Z" duration="0.000200" asserts="0">
                <properties>
                  <property name="retryIteration" value="0" />
                  <property name="repeatIteration" value="0" />
                </properties>
              </test-case>
              <test-case id="1023" name="LevelTitle_FallsBackWhenTheLevelHasNoIdentity" fullname="TW08.Tests.EditMode.HudTests.LevelTitle_FallsBackWhenTheLevelHasNoIdentity" methodname="LevelTitle_FallsBackWhenTheLevelHasNoIdentity" classname="TW08.Tests.EditMode.HudTests" runstate="Runnable" seed="1717763170" result="Passed" start-time="2026-08-29 18:40:34Z" end-time="2026-08-29 18:40:34Z" duration="0.000147" asserts="0">
                <properties>
                  <property name="retryIteration" value="0" />
                  <property name="repeatIteration" value="0" />
                </properties>
              </test-case>
              <test-case id="1022" name="LevelTitle_JoinsSectorAndNameInUppercase" fullname="TW08.Tests.EditMode.HudTests.LevelTitle_JoinsSectorAndNameInUppercase" methodname="LevelTitle_JoinsSectorAndNameInUppercase" classname="TW08.Tests.EditMode.HudTests" runstate="Runnable" seed="683251505" result="Passed" start-time="2026-08-29 18:40:34Z" end-time="2026-08-29 18:40:34Z" duration="0.000083" asserts="0">
                <properties>
                  <property name="retryIteration" value="0" />
                  <property name="repeatIteration" value="0" />
                </properties>
              </test-case>
              <test-case id="1047" name="MedalLabels_CoverEveryTier" fullname="TW08.Tests.EditMode.HudTests.MedalLabels_CoverEveryTier" methodname="MedalLabels_CoverEveryTier" classname="TW08.Tests.EditMode.HudTests" runstate="Runnable" seed="54432910" result="Passed" start-time="2026-08-29 18:40:34Z" end-time="2026-08-29 18:40:34Z" duration="0.000139" asserts="0">
                <properties>
                  <property name="retryIteration" value="0" />
                  <property name="repeatIteration" value="0" />
                </properties>
              </test-case>
              <test-case id="1019" name="MoveHistory_LeavesTheNumberForTheAnimatedCounter" fullname="TW08.Tests.EditMode.HudTests.MoveHistory_LeavesTheNumberForTheAnimatedCounter" methodname="MoveHistory_LeavesTheNumberForTheAnimatedCounter" classname="TW08.Tests.EditMode.HudTests" runstate="Runnable" seed="2118347912" result="Passed" start-time="2026-08-29 18:40:34Z" end-time="2026-08-29 18:40:34Z" duration="0.000135" asserts="0">
                <properties>
                  <property name="retryIteration" value="0" />
                  <property name="repeatIteration" value="0" />
                </properties>
              </test-case>
              <test-case id="1018" name="MoveSummary_KeepsTheLegacyCompositeLayout" fullname="TW08.Tests.EditMode.HudTests.MoveSummary_KeepsTheLegacyCompositeLayout" methodname="MoveSummary_KeepsTheLegacyCompositeLayout" classname="TW08.Tests.EditMode.HudTests" runstate="Runnable" seed="1639064949" result="Passed" start-time="2026-08-29 18:40:34Z" end-time="2026-08-29 18:40:34Z" duration="0.000134" asserts="0">
                <properties>
                  <property name="retryIteration" value="0" />
                  <property name="repeatIteration" value="0" />
                </properties>
              </test-case>
              <test-case id="1020" name="MovesValueFormat_IsUsableByTheCounterTween" fullname="TW08.Tests.EditMode.HudTests.MovesValueFormat_IsUsableByTheCounterTween" methodname="MovesValueFormat_IsUsableByTheCounterTween" classname="TW08.Tests.EditMode.HudTests" runstate="Runnable" seed="2072298076" result="Passed" start-time="2026-08-29 18:40:34Z" end-time="2026-08-29 18:40:34Z" duration="0.000106" asserts="0">
                <properties>
                  <property name="retryIteration" value="0" />
                  <property name="repeatIteration" value="0" />
                </properties>
              </test-case>
              <test-case id="1021" name="NegativeCounters_NeverReachTheScreen" fullname="TW08.Tests.EditMode.HudTests.NegativeCounters_NeverReachTheScreen" methodname="NegativeCounters_NeverReachTheScreen" classname="TW08.Tests.EditMode.HudTests" runstate="Runnable" seed="336104112" result="Passed" start-time="2026-08-29 18:40:34Z" end-time="2026-08-29 18:40:34Z" duration="0.000137" asserts="0">
                <properties>
                  <property name="retryIteration" value="0" />
                  <property name="repeatIteration" value="0" />
                </properties>
              </test-case>
              <test-case id="1024" name="Operator_AlwaysHasAPlaceholder" fullname="TW08.Tests.EditMode.HudTests.Operator_AlwaysHasAPlaceholder" methodname="Operator_AlwaysHasAPlaceholder" classname="TW08.Tests.EditMode.HudTests" runstate="Runnable" seed="1835290170" result="Passed" start-time="2026-08-29 18:40:34Z" end-time="2026-08-29 18:40:34Z" duration="0.000137" asserts="0">
                <properties>
                  <property name="retryIteration" value="0" />
                  <property name="repeatIteration" value="0" />
                </properties>
              </test-case>
              <test-case id="1028" name="Position_ShowsAPlaceholderBeforeTheFirstStanding" fullname="TW08.Tests.EditMode.HudTests.Position_ShowsAPlaceholderBeforeTheFirstStanding" methodname="Position_ShowsAPlaceholderBeforeTheFirstStanding" classname="TW08.Tests.EditMode.HudTests" runstate="Runnable" seed="785699844" result="Passed" start-time="2026-08-29 18:40:34Z" end-time="2026-08-29 18:40:34Z" duration="0.000148" asserts="0">
                <properties>
                  <property name="retryIteration" value="0" />
                  <property name="repeatIteration" value="0" />
                </properties>
              </test-case>
              <test-case id="1032" name="RankingCopy_DistinguishesCleanFromAssisted" fullname="TW08.Tests.EditMode.HudTests.RankingCopy_DistinguishesCleanFromAssisted" methodname="RankingCopy_DistinguishesCleanFromAssisted" classname="TW08.Tests.EditMode.HudTests" runstate="Runnable" seed="94434038" result="Passed" start-time="2026-08-29 18:40:34Z" end-time="2026-08-29 18:40:34Z" duration="0.000123" asserts="0">
                <properties>
                  <property name="retryIteration" value="0" />
                  <property name="repeatIteration" value="0" />
                </properties>
              </test-case>
              <test-case id="1048" name="RankingLabel_SaysWhetherTheRunCounts" fullname="TW08.Tests.EditMode.HudTests.RankingLabel_SaysWhetherTheRunCounts" methodname="RankingLabel_SaysWhetherTheRunCounts" classname="TW08.Tests.EditMode.HudTests" runstate="Runnable" seed="373856551" result="Passed" start-time="2026-08-29 18:40:34Z" end-time="2026-08-29 18:40:34Z" duration="0.000359" asserts="0">
                <properties>
                  <property name="retryIteration" value="0" />
                  <property name="repeatIteration" value="0" />
                </properties>
              </test-case>
              <test-case id="1031" name="Signed_AlwaysShowsTheSignOnTheStatement" fullname="TW08.Tests.EditMode.HudTests.Signed_AlwaysShowsTheSignOnTheStatement" methodname="Signed_AlwaysShowsTheSignOnTheStatement" classname="TW08.Tests.EditMode.HudTests" runstate="Runnable" seed="1895246730" result="Passed" start-time="2026-08-29 18:40:34Z" end-time="2026-08-29 18:40:34Z" duration="0.000312" asserts="0">
                <properties>
                  <property name="retryIteration" value="0" />
                  <property name="repeatIteration" value="0" />
                </properties>
              </test-case>
              <test-case id="1030" name="SpeedReading_StaysNonNegativeForTheCounter" fullname="TW08.Tests.EditMode.HudTests.SpeedReading_StaysNonNegativeForTheCounter" methodname="SpeedReading_StaysNonNegativeForTheCounter" classname="TW08.Tests.EditMode.HudTests" runstate="Runnable" seed="1051226387" result="Passed" start-time="2026-08-29 18:40:34Z" end-time="2026-08-29 18:40:34Z" duration="0.002074" asserts="0">
                <properties>
                  <property name="retryIteration" value="0" />
                  <property name="repeatIteration" value="0" />
                </properties>
              </test-case>
              <test-case id="1043" name="Statement_AddsAnExplicitCapLineWhenBonusesOverflow" fullname="TW08.Tests.EditMode.HudTests.Statement_AddsAnExplicitCapLineWhenBonusesOverflow" methodname="Statement_AddsAnExplicitCapLineWhenBonusesOverflow" classname="TW08.Tests.EditMode.HudTests" runstate="Runnable" seed="175212835" result="Passed" start-time="2026-08-29 18:40:34Z" end-time="2026-08-29 18:40:34Z" duration="0.002032" asserts="0">
                <properties>
                  <property name="retryIteration" value="0" />
                  <property name="repeatIteration" value="0" />
                </properties>
              </test-case>
              <test-case id="1042" name="Statement_KeepsEveryLineWhenUnderTheLevelCeiling" fullname="TW08.Tests.EditMode.HudTests.Statement_KeepsEveryLineWhenUnderTheLevelCeiling" methodname="Statement_KeepsEveryLineWhenUnderTheLevelCeiling" classname="TW08.Tests.EditMode.HudTests" runstate="Runnable" seed="212484615" result="Passed" start-time="2026-08-29 18:40:34Z" end-time="2026-08-29 18:40:34Z" duration="0.001548" asserts="0">
                <properties>
                  <property name="retryIteration" value="0" />
                  <property name="repeatIteration" value="0" />
                </properties>
              </test-case>
              <test-case id="1046" name="Statement_LinesCarryTheirSign" fullname="TW08.Tests.EditMode.HudTests.Statement_LinesCarryTheirSign" methodname="Statement_LinesCarryTheirSign" classname="TW08.Tests.EditMode.HudTests" runstate="Runnable" seed="1094523395" result="Passed" start-time="2026-08-29 18:40:34Z" end-time="2026-08-29 18:40:34Z" duration="0.000377" asserts="0">
                <properties>
                  <property name="retryIteration" value="0" />
                  <property name="repeatIteration" value="0" />
                </properties>
              </test-case>
              <test-case id="1045" name="Statement_SurvivesAMissingReport" fullname="TW08.Tests.EditMode.HudTests.Statement_SurvivesAMissingReport" methodname="Statement_SurvivesAMissingReport" classname="TW08.Tests.EditMode.HudTests" runstate="Runnable" seed="1681934301" result="Passed" start-time="2026-08-29 18:40:34Z" end-time="2026-08-29 18:40:34Z" duration="0.000445" asserts="0">
                <properties>
                  <property name="retryIteration" value="0" />
                  <property name="repeatIteration" value="0" />
                </properties>
              </test-case>
              <test-case id="1044" name="Statement_VisibleTotalAlwaysMatchesWhatTheEconomyPays" fullname="TW08.Tests.EditMode.HudTests.Statement_VisibleTotalAlwaysMatchesWhatTheEconomyPays" methodname="Statement_VisibleTotalAlwaysMatchesWhatTheEconomyPays" classname="TW08.Tests.EditMode.HudTests" runstate="Runnable" seed="498369050" result="Passed" start-time="2026-08-29 18:40:34Z" end-time="2026-08-29 18:40:34Z" duration="0.000408" asserts="0">
                <properties>
                  <property name="retryIteration" value="0" />
                  <property name="repeatIteration" value="0" />
                </properties>
              </test-case>
              <test-case id="1039" name="Status_ColorsAreDistinctPerState" fullname="TW08.Tests.EditMode.HudTests.Status_ColorsAreDistinctPerState" methodname="Status_ColorsAreDistinctPerState" classname="TW08.Tests.EditMode.HudTests" runstate="Runnable" seed="35937307" result="Passed" start-time="2026-08-29 18:40:34Z" end-time="2026-08-29 18:40:34Z" duration="0.000888" asserts="0">
                <properties>
                  <property name="retryIteration" value="0" />
                  <property name="repeatIteration" value="0" />
                </properties>
              </test-case>
              <test-case id="1034" name="Status_CompletionWinsOverDeadlock" fullname="TW08.Tests.EditMode.HudTests.Status_CompletionWinsOverDeadlock" methodname="Status_CompletionWinsOverDeadlock" classname="TW08.Tests.EditMode.HudTests" runstate="Runnable" seed="136366661" result="Passed" start-time="2026-08-29 18:40:34Z" end-time="2026-08-29 18:40:34Z" duration="0.000129" asserts="0">
                <properties>
                  <property name="retryIteration" value="0" />
                  <property name="repeatIteration" value="0" />
                </properties>
              </test-case>
              <test-case id="1036" name="Status_LabelsMatchTheTerminalCopy" fullname="TW08.Tests.EditMode.HudTests.Status_LabelsMatchTheTerminalCopy" methodname="Status_LabelsMatchTheTerminalCopy" classname="TW08.Tests.EditMode.HudTests" runstate="Runnable" seed="1569370096" result="Passed" start-time="2026-08-29 18:40:34Z" end-time="2026-08-29 18:40:34Z" duration="0.000138" asserts="0">
                <properties>
                  <property name="retryIteration" value="0" />
                  <property name="repeatIteration" value="0" />
                </properties>
              </test-case>
              <test-case id="1040" name="Status_MatchesTheRealDeadlockDetectorOnACorneredCrate" fullname="TW08.Tests.EditMode.HudTests.Status_MatchesTheRealDeadlockDetectorOnACorneredCrate" methodname="Status_MatchesTheRealDeadlockDetectorOnACorneredCrate" classname="TW08.Tests.EditMode.HudTests" runstate="Runnable" seed="266692752" result="Passed" start-time="2026-08-29 18:40:34Z" end-time="2026-08-29 18:40:34Z" duration="0.007249" asserts="0">
                <properties>
                  <property name="retryIteration" value="0" />
                  <property name="repeatIteration" value="0" />
                </properties>
              </test-case>
              <test-case id="1037" name="Status_OnlyDeadlockTriggersTheAlarm" fullname="TW08.Tests.EditMode.HudTests.Status_OnlyDeadlockTriggersTheAlarm" methodname="Status_OnlyDeadlockTriggersTheAlarm" classname="TW08.Tests.EditMode.HudTests" runstate="Runnable" seed="422857001" result="Passed" start-time="2026-08-29 18:40:34Z" end-time="2026-08-29 18:40:34Z" duration="0.000273" asserts="0">
                <properties>
                  <property name="retryIteration" value="0" />
                  <property name="repeatIteration" value="0" />
                </properties>
              </test-case>
              <test-case id="1041" name="Status_StaysActiveWhileTheCargoCanStillMove" fullname="TW08.Tests.EditMode.HudTests.Status_StaysActiveWhileTheCargoCanStillMove" methodname="Status_StaysActiveWhileTheCargoCanStillMove" classname="TW08.Tests.EditMode.HudTests" runstate="Runnable" seed="701255696" result="Passed" start-time="2026-08-29 18:40:34Z" end-time="2026-08-29 18:40:34Z" duration="0.000202" asserts="0">
                <properties>
                  <property name="retryIteration" value="0" />
                  <property name="repeatIteration" value="0" />
                </properties>
              </test-case>
              <test-case id="1035" name="Status_WithoutABoardIsUnavailable" fullname="TW08.Tests.EditMode.HudTests.Status_WithoutABoardIsUnavailable" methodname="Status_WithoutABoardIsUnavailable" classname="TW08.Tests.EditMode.HudTests" runstate="Runnable" seed="1588739297" result="Passed" start-time="2026-08-29 18:40:34Z" end-time="2026-08-29 18:40:34Z" duration="0.000105" asserts="0">
                <properties>
                  <property name="retryIteration" value="0" />
                  <property name="repeatIteration" value="0" />
                </properties>
              </test-case>
              <test-case id="1025" name="Time_UsesInvariantSeparatorsAndPadding" fullname="TW08.Tests.EditMode.HudTests.Time_UsesInvariantSeparatorsAndPadding" methodname="Time_UsesInvariantSeparatorsAndPadding" classname="TW08.Tests.EditMode.HudTests" runstate="Runnable" seed="1278145934" result="Passed" start-time="2026-08-29 18:40:34Z" end-time="2026-08-29 18:40:34Z" duration="0.000108" asserts="0">
                <properties>
                  <property name="retryIteration" value="0" />
                  <property name="repeatIteration" value="0" />
                </properties>
              </test-case>
              <test-case id="1049" name="VisibleLineCount_NeverExceedsTheSlotsBuiltIntoTheScene" fullname="TW08.Tests.EditMode.HudTests.VisibleLineCount_NeverExceedsTheSlotsBuiltIntoTheScene" methodname="VisibleLineCount_NeverExceedsTheSlotsBuiltIntoTheScene" classname="TW08.Tests.EditMode.HudTests" runstate="Runnable" seed="570686498" result="Passed" start-time="2026-08-29 18:40:34Z" end-time="2026-08-29 18:40:34Z" duration="0.000306" asserts="0">
                <properties>
                  <property name="retryIteration" value="0" />
                  <property name="repeatIteration" value="0" />
                </properties>
              </test-case>
            </test-suite>
            <test-suite type="TestFixture" id="1050" name="MenuTests" fullname="TW08.Tests.EditMode.MenuTests" classname="TW08.Tests.EditMode.MenuTests" runstate="Runnable" testcasecount="16" result="Passed" start-time="2026-08-29 18:40:34Z" end-time="2026-08-29 18:40:34Z" duration="0.006257" total="16" passed="16" failed="0" inconclusive="0" skipped="0" asserts="0">
              <properties />
              <test-case id="1055" name="CardTint_MedalOutranksTheNextLevelHighlight" fullname="TW08.Tests.EditMode.MenuTests.CardTint_MedalOutranksTheNextLevelHighlight" methodname="CardTint_MedalOutranksTheNextLevelHighlight" classname="TW08.Tests.EditMode.MenuTests" runstate="Runnable" seed="2062609732" result="Passed" start-time="2026-08-29 18:40:34Z" end-time="2026-08-29 18:40:34Z" duration="0.000397" asserts="0">
                <properties>
                  <property name="retryIteration" value="0" />
                  <property name="repeatIteration" value="0" />
                </properties>
              </test-case>
              <test-case id="1056" name="CardTint_UnplayedNextLevelIsHighlighted" fullname="TW08.Tests.EditMode.MenuTests.CardTint_UnplayedNextLevelIsHighlighted" methodname="CardTint_UnplayedNextLevelIsHighlighted" classname="TW08.Tests.EditMode.MenuTests" runstate="Runnable" seed="969552772" result="Passed" start-time="2026-08-29 18:40:34Z" end-time="2026-08-29 18:40:34Z" duration="0.000171" asserts="0">
                <properties>
                  <property name="retryIteration" value="0" />
                  <property name="repeatIteration" value="0" />
                </properties>
              </test-case>
              <test-case id="1062" name="Credits_LoopOfZeroKeepsTheTextStill" fullname="TW08.Tests.EditMode.MenuTests.Credits_LoopOfZeroKeepsTheTextStill" methodname="Credits_LoopOfZeroKeepsTheTextStill" classname="TW08.Tests.EditMode.MenuTests" runstate="Runnable" seed="1223524085" result="Passed" start-time="2026-08-29 18:40:34Z" end-time="2026-08-29 18:40:34Z" duration="0.000724" asserts="0">
                <properties>
                  <property name="retryIteration" value="0" />
                  <property name="repeatIteration" value="0" />
                </properties>
              </test-case>
              <test-case id="1061" name="Credits_ScrollWrapsAroundInsteadOfRunningOff" fullname="TW08.Tests.EditMode.MenuTests.Credits_ScrollWrapsAroundInsteadOfRunningOff" methodname="Credits_ScrollWrapsAroundInsteadOfRunningOff" classname="TW08.Tests.EditMode.MenuTests" runstate="Runnable" seed="441093685" result="Passed" start-time="2026-08-29 18:40:34Z" end-time="2026-08-29 18:40:34Z" duration="0.000094" asserts="0">
                <properties>
                  <property name="retryIteration" value="0" />
                  <property name="repeatIteration" value="0" />
                </properties>
              </test-case>
              <test-case id="1052" name="LevelCard_DistinguishesLockedFromUnplayed" fullname="TW08.Tests.EditMode.MenuTests.LevelCard_DistinguishesLockedFromUnplayed" methodname="LevelCard_DistinguishesLockedFromUnplayed" classname="TW08.Tests.EditMode.MenuTests" runstate="Runnable" seed="1899566548" result="Passed" start-time="2026-08-29 18:40:34Z" end-time="2026-08-29 18:40:34Z" duration="0.000832" asserts="0">
                <properties>
                  <property name="retryIteration" value="0" />
                  <property name="repeatIteration" value="0" />
                </properties>
              </test-case>
              <test-case id="1054" name="LevelCard_EmptySlotStaysNeutral" fullname="TW08.Tests.EditMode.MenuTests.LevelCard_EmptySlotStaysNeutral" methodname="LevelCard_EmptySlotStaysNeutral" classname="TW08.Tests.EditMode.MenuTests" runstate="Runnable" seed="1640321909" result="Passed" start-time="2026-08-29 18:40:34Z" end-time="2026-08-29 18:40:34Z" duration="0.000122" asserts="0">
                <properties>
                  <property name="retryIteration" value="0" />
                  <property name="repeatIteration" value="0" />
                </properties>
              </test-case>
              <test-case id="1053" name="LevelCard_FallsBackToAGenericNameWhenTheLevelHasNone" fullname="TW08.Tests.EditMode.MenuTests.LevelCard_FallsBackToAGenericNameWhenTheLevelHasNone" methodname="LevelCard_FallsBackToAGenericNameWhenTheLevelHasNone" classname="TW08.Tests.EditMode.MenuTests" runstate="Runnable" seed="734697515" result="Passed" start-time="2026-08-29 18:40:34Z" end-time="2026-08-29 18:40:34Z" duration="0.000102" asserts="0">
                <properties>
                  <property name="retryIteration" value="0" />
                  <property name="repeatIteration" value="0" />
                </properties>
              </test-case>
              <test-case id="1051" name="LevelCard_ShowsBestRunOnceTheLevelWasCleared" fullname="TW08.Tests.EditMode.MenuTests.LevelCard_ShowsBestRunOnceTheLevelWasCleared" methodname="LevelCard_ShowsBestRunOnceTheLevelWasCleared" classname="TW08.Tests.EditMode.MenuTests" runstate="Runnable" seed="1570997063" result="Passed" start-time="2026-08-29 18:40:34Z" end-time="2026-08-29 18:40:34Z" duration="0.000108" asserts="0">
                <properties>
                  <property name="retryIteration" value="0" />
                  <property name="repeatIteration" value="0" />
                </properties>
              </test-case>
              <test-case id="1057" name="Scroll_DoesNotMoveWhenTheItemIsAlreadyFramed" fullname="TW08.Tests.EditMode.MenuTests.Scroll_DoesNotMoveWhenTheItemIsAlreadyFramed" methodname="Scroll_DoesNotMoveWhenTheItemIsAlreadyFramed" classname="TW08.Tests.EditMode.MenuTests" runstate="Runnable" seed="893963455" result="Passed" start-time="2026-08-29 18:40:34Z" end-time="2026-08-29 18:40:34Z" duration="0.000144" asserts="0">
                <properties>
                  <property name="retryIteration" value="0" />
                  <property name="repeatIteration" value="0" />
                </properties>
              </test-case>
              <test-case id="1059" name="Scroll_NormalizedPositionIsInvertedAndClamped" fullname="TW08.Tests.EditMode.MenuTests.Scroll_NormalizedPositionIsInvertedAndClamped" methodname="Scroll_NormalizedPositionIsInvertedAndClamped" classname="TW08.Tests.EditMode.MenuTests" runstate="Runnable" seed="1512638831" result="Passed" start-time="2026-08-29 18:40:34Z" end-time="2026-08-29 18:40:34Z" duration="0.000137" asserts="0">
                <properties>
                  <property name="retryIteration" value="0" />
                  <property name="repeatIteration" value="0" />
                </properties>
              </test-case>
              <test-case id="1058" name="Scroll_PullsTheViewportToReachItemsAboveAndBelow" fullname="TW08.Tests.EditMode.MenuTests.Scroll_PullsTheViewportToReachItemsAboveAndBelow" methodname="Scroll_PullsTheViewportToReachItemsAboveAndBelow" classname="TW08.Tests.EditMode.MenuTests" runstate="Runnable" seed="1166906508" result="Passed" start-time="2026-08-29 18:40:34Z" end-time="2026-08-29 18:40:34Z" duration="0.000127" asserts="0">
                <properties>
                  <property name="retryIteration" value="0" />
                  <property name="repeatIteration" value="0" />
                </properties>
              </test-case>
              <test-case id="1060" name="Scroll_SurvivesContentShorterThanTheViewport" fullname="TW08.Tests.EditMode.MenuTests.Scroll_SurvivesContentShorterThanTheViewport" methodname="Scroll_SurvivesContentShorterThanTheViewport" classname="TW08.Tests.EditMode.MenuTests" runstate="Runnable" seed="303703656" result="Passed" start-time="2026-08-29 18:40:34Z" end-time="2026-08-29 18:40:34Z" duration="0.000725" asserts="0">
                <properties>
                  <property name="retryIteration" value="0" />
                  <property name="repeatIteration" value="0" />
                </properties>
              </test-case>
              <test-case id="1063" name="Shop_AffordabilityAndShortfall" fullname="TW08.Tests.EditMode.MenuTests.Shop_AffordabilityAndShortfall" methodname="Shop_AffordabilityAndShortfall" classname="TW08.Tests.EditMode.MenuTests" runstate="Runnable" seed="224862959" result="Passed" start-time="2026-08-29 18:40:34Z" end-time="2026-08-29 18:40:34Z" duration="0.000248" asserts="0">
                <properties>
                  <property name="retryIteration" value="0" />
                  <property name="repeatIteration" value="0" />
                </properties>
              </test-case>
              <test-case id="1064" name="Shop_EquipRequiresStockUnlessAlreadyEquipped" fullname="TW08.Tests.EditMode.MenuTests.Shop_EquipRequiresStockUnlessAlreadyEquipped" methodname="Shop_EquipRequiresStockUnlessAlreadyEquipped" classname="TW08.Tests.EditMode.MenuTests" runstate="Runnable" seed="913511163" result="Passed" start-time="2026-08-29 18:40:34Z" end-time="2026-08-29 18:40:34Z" duration="0.000095" asserts="0">
                <properties>
                  <property name="retryIteration" value="0" />
                  <property name="repeatIteration" value="0" />
                </properties>
              </test-case>
              <test-case id="1066" name="Shop_LabelsReadAsTheTerminalWouldPrintThem" fullname="TW08.Tests.EditMode.MenuTests.Shop_LabelsReadAsTheTerminalWouldPrintThem" methodname="Shop_LabelsReadAsTheTerminalWouldPrintThem" classname="TW08.Tests.EditMode.MenuTests" runstate="Runnable" seed="1765434214" result="Passed" start-time="2026-08-29 18:40:34Z" end-time="2026-08-29 18:40:34Z" duration="0.000281" asserts="0">
                <properties>
                  <property name="retryIteration" value="0" />
                  <property name="repeatIteration" value="0" />
                </properties>
              </test-case>
              <test-case id="1065" name="Shop_SlotLimitBlocksTheThirdTool" fullname="TW08.Tests.EditMode.MenuTests.Shop_SlotLimitBlocksTheThirdTool" methodname="Shop_SlotLimitBlocksTheThirdTool" classname="TW08.Tests.EditMode.MenuTests" runstate="Runnable" seed="1925496484" result="Passed" start-time="2026-08-29 18:40:34Z" end-time="2026-08-29 18:40:34Z" duration="0.000158" asserts="0">
                <properties>
                  <property name="retryIteration" value="0" />
                  <property name="repeatIteration" value="0" />
                </properties>
              </test-case>
            </test-suite>
            <test-suite type="TestFixture" id="1067" name="NarrativeTests" fullname="TW08.Tests.EditMode.NarrativeTests" classname="TW08.Tests.EditMode.NarrativeTests" runstate="Runnable" testcasecount="21" result="Passed" start-time="2026-08-29 18:40:34Z" end-time="2026-08-29 18:40:34Z" duration="0.016496" total="21" passed="21" failed="0" inconclusive="0" skipped="0" asserts="0">
              <properties />
              <test-case id="1077" name="Catalog_FallsBackToTheNextCandidateWhenThePreferredOneIsNotEligible" fullname="TW08.Tests.EditMode.NarrativeTests.Catalog_FallsBackToTheNextCandidateWhenThePreferredOneIsNotEligible" methodname="Catalog_FallsBackToTheNextCandidateWhenThePreferredOneIsNotEligible" classname="TW08.Tests.EditMode.NarrativeTests" runstate="Runnable" seed="341422864" result="Passed" start-time="2026-08-29 18:40:34Z" end-time="2026-08-29 18:40:34Z" duration="0.004001" asserts="0">
                <properties>
                  <property name="retryIteration" value="0" />
                  <property name="repeatIteration" value="0" />
                </properties>
              </test-case>
              <test-case id="1079" name="Catalog_FindLocatesBySequenceIdIgnoringCase" fullname="TW08.Tests.EditMode.NarrativeTests.Catalog_FindLocatesBySequenceIdIgnoringCase" methodname="Catalog_FindLocatesBySequenceIdIgnoringCase" classname="TW08.Tests.EditMode.NarrativeTests" runstate="Runnable" seed="1116506247" result="Passed" start-time="2026-08-29 18:40:34Z" end-time="2026-08-29 18:40:34Z" duration="0.000515" asserts="0">
                <properties>
                  <property name="retryIteration" value="0" />
                  <property name="repeatIteration" value="0" />
                </properties>
              </test-case>
              <test-case id="1078" name="Catalog_IgnoresNullEntriesAndSequencesWithoutLines" fullname="TW08.Tests.EditMode.NarrativeTests.Catalog_IgnoresNullEntriesAndSequencesWithoutLines" methodname="Catalog_IgnoresNullEntriesAndSequencesWithoutLines" classname="TW08.Tests.EditMode.NarrativeTests" runstate="Runnable" seed="48075145" result="Passed" start-time="2026-08-29 18:40:34Z" end-time="2026-08-29 18:40:34Z" duration="0.000410" asserts="0">
                <properties>
                  <property name="retryIteration" value="0" />
                  <property name="repeatIteration" value="0" />
                </properties>
              </test-case>
              <test-case id="1076" name="Catalog_PrefersTheLevelSpecificSequenceOverTheSectorOne" fullname="TW08.Tests.EditMode.NarrativeTests.Catalog_PrefersTheLevelSpecificSequenceOverTheSectorOne" methodname="Catalog_PrefersTheLevelSpecificSequenceOverTheSectorOne" classname="TW08.Tests.EditMode.NarrativeTests" runstate="Runnable" seed="1064188546" result="Passed" start-time="2026-08-29 18:40:34Z" end-time="2026-08-29 18:40:34Z" duration="0.000334" asserts="0">
                <properties>
                  <property name="retryIteration" value="0" />
                  <property name="repeatIteration" value="0" />
                </properties>
              </test-case>
              <test-case id="1071" name="Matching_EmptyFilterActsAsAWildcard" fullname="TW08.Tests.EditMode.NarrativeTests.Matching_EmptyFilterActsAsAWildcard" methodname="Matching_EmptyFilterActsAsAWildcard" classname="TW08.Tests.EditMode.NarrativeTests" runstate="Runnable" seed="2104187923" result="Passed" start-time="2026-08-29 18:40:34Z" end-time="2026-08-29 18:40:34Z" duration="0.000185" asserts="0">
                <properties>
                  <property name="retryIteration" value="0" />
                  <property name="repeatIteration" value="0" />
                </properties>
              </test-case>
              <test-case id="1072" name="Matching_IsCaseAndWhitespaceInsensitive" fullname="TW08.Tests.EditMode.NarrativeTests.Matching_IsCaseAndWhitespaceInsensitive" methodname="Matching_IsCaseAndWhitespaceInsensitive" classname="TW08.Tests.EditMode.NarrativeTests" runstate="Runnable" seed="1001864847" result="Passed" start-time="2026-08-29 18:40:34Z" end-time="2026-08-29 18:40:34Z" duration="0.000165" asserts="0">
                <properties>
                  <property name="retryIteration" value="0" />
                  <property name="repeatIteration" value="0" />
                </properties>
              </test-case>
              <test-case id="1075" name="Matching_LevelFilterOutweighsSectorFilter" fullname="TW08.Tests.EditMode.NarrativeTests.Matching_LevelFilterOutweighsSectorFilter" methodname="Matching_LevelFilterOutweighsSectorFilter" classname="TW08.Tests.EditMode.NarrativeTests" runstate="Runnable" seed="2083445892" result="Passed" start-time="2026-08-29 18:40:34Z" end-time="2026-08-29 18:40:34Z" duration="0.000182" asserts="0">
                <properties>
                  <property name="retryIteration" value="0" />
                  <property name="repeatIteration" value="0" />
                </properties>
              </test-case>
              <test-case id="1074" name="Matching_ManualNeverFiresByContext" fullname="TW08.Tests.EditMode.NarrativeTests.Matching_ManualNeverFiresByContext" methodname="Matching_ManualNeverFiresByContext" classname="TW08.Tests.EditMode.NarrativeTests" runstate="Runnable" seed="1852904465" result="Passed" start-time="2026-08-29 18:40:34Z" end-time="2026-08-29 18:40:34Z" duration="0.000166" asserts="0">
                <properties>
                  <property name="retryIteration" value="0" />
                  <property name="repeatIteration" value="0" />
                </properties>
              </test-case>
              <test-case id="1073" name="Matching_RejectsAnotherSectorAnotherLevelAndAnotherMoment" fullname="TW08.Tests.EditMode.NarrativeTests.Matching_RejectsAnotherSectorAnotherLevelAndAnotherMoment" methodname="Matching_RejectsAnotherSectorAnotherLevelAndAnotherMoment" classname="TW08.Tests.EditMode.NarrativeTests" runstate="Runnable" seed="256148245" result="Passed" start-time="2026-08-29 18:40:34Z" end-time="2026-08-29 18:40:34Z" duration="0.000181" asserts="0">
                <properties>
                  <property name="retryIteration" value="0" />
                  <property name="repeatIteration" value="0" />
                </properties>
              </test-case>
              <test-case id="1070" name="Playback_RewindReturnsToTheFirstUsableLine" fullname="TW08.Tests.EditMode.NarrativeTests.Playback_RewindReturnsToTheFirstUsableLine" methodname="Playback_RewindReturnsToTheFirstUsableLine" classname="TW08.Tests.EditMode.NarrativeTests" runstate="Runnable" seed="757633112" result="Passed" start-time="2026-08-29 18:40:34Z" end-time="2026-08-29 18:40:34Z" duration="0.000476" asserts="0">
                <properties>
                  <property name="retryIteration" value="0" />
                  <property name="repeatIteration" value="0" />
                </properties>
              </test-case>
              <test-case id="1068" name="Playback_SkipsBlankLinesAndStopsAtTheEnd" fullname="TW08.Tests.EditMode.NarrativeTests.Playback_SkipsBlankLinesAndStopsAtTheEnd" methodname="Playback_SkipsBlankLinesAndStopsAtTheEnd" classname="TW08.Tests.EditMode.NarrativeTests" runstate="Runnable" seed="129661602" result="Passed" start-time="2026-08-29 18:40:34Z" end-time="2026-08-29 18:40:34Z" duration="0.000239" asserts="0">
                <properties>
                  <property name="retryIteration" value="0" />
                  <property name="repeatIteration" value="0" />
                </properties>
              </test-case>
              <test-case id="1069" name="Playback_WithoutUsableContentIsFinishedImmediately" fullname="TW08.Tests.EditMode.NarrativeTests.Playback_WithoutUsableContentIsFinishedImmediately" methodname="Playback_WithoutUsableContentIsFinishedImmediately" classname="TW08.Tests.EditMode.NarrativeTests" runstate="Runnable" seed="1305059338" result="Passed" start-time="2026-08-29 18:40:34Z" end-time="2026-08-29 18:40:34Z" duration="0.000233" asserts="0">
                <properties>
                  <property name="retryIteration" value="0" />
                  <property name="repeatIteration" value="0" />
                </properties>
              </test-case>
              <test-case id="1086" name="PlayOnce_ResetPutsTheSequenceBackInRotation" fullname="TW08.Tests.EditMode.NarrativeTests.PlayOnce_ResetPutsTheSequenceBackInRotation" methodname="PlayOnce_ResetPutsTheSequenceBackInRotation" classname="TW08.Tests.EditMode.NarrativeTests" runstate="Runnable" seed="1727078211" result="Passed" start-time="2026-08-29 18:40:34Z" end-time="2026-08-29 18:40:34Z" duration="0.002052" asserts="0">
                <properties>
                  <property name="retryIteration" value="0" />
                  <property name="repeatIteration" value="0" />
                </properties>
              </test-case>
              <test-case id="1085" name="PlayOnce_SurvivesAcrossServiceInstances" fullname="TW08.Tests.EditMode.NarrativeTests.PlayOnce_SurvivesAcrossServiceInstances" methodname="PlayOnce_SurvivesAcrossServiceInstances" classname="TW08.Tests.EditMode.NarrativeTests" runstate="Runnable" seed="640424254" result="Passed" start-time="2026-08-29 18:40:34Z" end-time="2026-08-29 18:40:34Z" duration="0.000970" asserts="0">
                <properties>
                  <property name="retryIteration" value="0" />
                  <property name="repeatIteration" value="0" />
                </properties>
              </test-case>
              <test-case id="1087" name="RepeatableSequence_IgnoresTheAlreadyPlayedMark" fullname="TW08.Tests.EditMode.NarrativeTests.RepeatableSequence_IgnoresTheAlreadyPlayedMark" methodname="RepeatableSequence_IgnoresTheAlreadyPlayedMark" classname="TW08.Tests.EditMode.NarrativeTests" runstate="Runnable" seed="915483062" result="Passed" start-time="2026-08-29 18:40:34Z" end-time="2026-08-29 18:40:34Z" duration="0.000465" asserts="0">
                <properties>
                  <property name="retryIteration" value="0" />
                  <property name="repeatIteration" value="0" />
                </properties>
              </test-case>
              <test-case id="1088" name="Sequence_UsesTheLineSpeedWhenItOverridesTheDefault" fullname="TW08.Tests.EditMode.NarrativeTests.Sequence_UsesTheLineSpeedWhenItOverridesTheDefault" methodname="Sequence_UsesTheLineSpeedWhenItOverridesTheDefault" classname="TW08.Tests.EditMode.NarrativeTests" runstate="Runnable" seed="1616239800" result="Passed" start-time="2026-08-29 18:40:34Z" end-time="2026-08-29 18:40:34Z" duration="0.000381" asserts="0">
                <properties>
                  <property name="retryIteration" value="0" />
                  <property name="repeatIteration" value="0" />
                </properties>
              </test-case>
              <test-case id="1084" name="Service_HandlesNullAndEmptySequencesWithoutThrowing" fullname="TW08.Tests.EditMode.NarrativeTests.Service_HandlesNullAndEmptySequencesWithoutThrowing" methodname="Service_HandlesNullAndEmptySequencesWithoutThrowing" classname="TW08.Tests.EditMode.NarrativeTests" runstate="Runnable" seed="811908871" result="Passed" start-time="2026-08-29 18:40:34Z" end-time="2026-08-29 18:40:34Z" duration="0.000486" asserts="0">
                <properties>
                  <property name="retryIteration" value="0" />
                  <property name="repeatIteration" value="0" />
                </properties>
              </test-case>
              <test-case id="1082" name="Service_QueueChainsTheOpeningIntoTheSectorEntry" fullname="TW08.Tests.EditMode.NarrativeTests.Service_QueueChainsTheOpeningIntoTheSectorEntry" methodname="Service_QueueChainsTheOpeningIntoTheSectorEntry" classname="TW08.Tests.EditMode.NarrativeTests" runstate="Runnable" seed="400988009" result="Passed" start-time="2026-08-29 18:40:34Z" end-time="2026-08-29 18:40:34Z" duration="0.000823" asserts="0">
                <properties>
                  <property name="retryIteration" value="0" />
                  <property name="repeatIteration" value="0" />
                </properties>
              </test-case>
              <test-case id="1081" name="Service_RefusesASecondSequenceWhileOneIsOnScreen" fullname="TW08.Tests.EditMode.NarrativeTests.Service_RefusesASecondSequenceWhileOneIsOnScreen" methodname="Service_RefusesASecondSequenceWhileOneIsOnScreen" classname="TW08.Tests.EditMode.NarrativeTests" runstate="Runnable" seed="286049791" result="Passed" start-time="2026-08-29 18:40:34Z" end-time="2026-08-29 18:40:34Z" duration="0.000376" asserts="0">
                <properties>
                  <property name="retryIteration" value="0" />
                  <property name="repeatIteration" value="0" />
                </properties>
              </test-case>
              <test-case id="1083" name="Service_SkipAllDropsTheQueueAndClosesTheScene" fullname="TW08.Tests.EditMode.NarrativeTests.Service_SkipAllDropsTheQueueAndClosesTheScene" methodname="Service_SkipAllDropsTheQueueAndClosesTheScene" classname="TW08.Tests.EditMode.NarrativeTests" runstate="Runnable" seed="388129825" result="Passed" start-time="2026-08-29 18:40:34Z" end-time="2026-08-29 18:40:34Z" duration="0.000733" asserts="0">
                <properties>
                  <property name="retryIteration" value="0" />
                  <property name="repeatIteration" value="0" />
                </properties>
              </test-case>
              <test-case id="1080" name="Service_WalksEveryLineAndThenCompletes" fullname="TW08.Tests.EditMode.NarrativeTests.Service_WalksEveryLineAndThenCompletes" methodname="Service_WalksEveryLineAndThenCompletes" classname="TW08.Tests.EditMode.NarrativeTests" runstate="Runnable" seed="1052839527" result="Passed" start-time="2026-08-29 18:40:34Z" end-time="2026-08-29 18:40:34Z" duration="0.000636" asserts="0">
                <properties>
                  <property name="retryIteration" value="0" />
                  <property name="repeatIteration" value="0" />
                </properties>
              </test-case>
            </test-suite>
            <test-suite type="TestFixture" id="1089" name="PuzzleAdvancedMechanicsTests" fullname="TW08.Tests.EditMode.PuzzleAdvancedMechanicsTests" classname="TW08.Tests.EditMode.PuzzleAdvancedMechanicsTests" runstate="Runnable" testcasecount="4" result="Passed" start-time="2026-08-29 18:40:34Z" end-time="2026-08-29 18:40:34Z" duration="0.006380" total="4" passed="4" failed="0" inconclusive="0" skipped="0" asserts="0">
              <properties />
              <test-case id="1090" name="CostlyCellAddsTwoMovesAndUndoRestoresScore" fullname="TW08.Tests.EditMode.PuzzleAdvancedMechanicsTests.CostlyCellAddsTwoMovesAndUndoRestoresScore" methodname="CostlyCellAddsTwoMovesAndUndoRestoresScore" classname="TW08.Tests.EditMode.PuzzleAdvancedMechanicsTests" runstate="Runnable" seed="1833329563" result="Passed" start-time="2026-08-29 18:40:34Z" end-time="2026-08-29 18:40:34Z" duration="0.001941" asserts="0">
                <properties>
                  <property name="retryIteration" value="0" />
                  <property name="repeatIteration" value="0" />
                </properties>
              </test-case>
              <test-case id="1091" name="DynamicDoorBlocksAndUnblocksMovement" fullname="TW08.Tests.EditMode.PuzzleAdvancedMechanicsTests.DynamicDoorBlocksAndUnblocksMovement" methodname="DynamicDoorBlocksAndUnblocksMovement" classname="TW08.Tests.EditMode.PuzzleAdvancedMechanicsTests" runstate="Runnable" seed="971381033" result="Passed" start-time="2026-08-29 18:40:34Z" end-time="2026-08-29 18:40:34Z" duration="0.000600" asserts="0">
                <properties>
                  <property name="retryIteration" value="0" />
                  <property name="repeatIteration" value="0" />
                </properties>
              </test-case>
              <test-case id="1093" name="TypedDockAcceptsMatchingCargoKind" fullname="TW08.Tests.EditMode.PuzzleAdvancedMechanicsTests.TypedDockAcceptsMatchingCargoKind" methodname="TypedDockAcceptsMatchingCargoKind" classname="TW08.Tests.EditMode.PuzzleAdvancedMechanicsTests" runstate="Runnable" seed="1290015336" result="Passed" start-time="2026-08-29 18:40:34Z" end-time="2026-08-29 18:40:34Z" duration="0.002303" asserts="0">
                <properties>
                  <property name="retryIteration" value="0" />
                  <property name="repeatIteration" value="0" />
                </properties>
              </test-case>
              <test-case id="1092" name="TypedDockRejectsWrongCargoKind" fullname="TW08.Tests.EditMode.PuzzleAdvancedMechanicsTests.TypedDockRejectsWrongCargoKind" methodname="TypedDockRejectsWrongCargoKind" classname="TW08.Tests.EditMode.PuzzleAdvancedMechanicsTests" runstate="Runnable" seed="990121821" result="Passed" start-time="2026-08-29 18:40:34Z" end-time="2026-08-29 18:40:34Z" duration="0.000277" asserts="0">
                <properties>
                  <property name="retryIteration" value="0" />
                  <property name="repeatIteration" value="0" />
                </properties>
              </test-case>
            </test-suite>
            <test-suite type="TestFixture" id="1094" name="PuzzleLevelValidatorTests" fullname="TW08.Tests.EditMode.PuzzleLevelValidatorTests" classname="TW08.Tests.EditMode.PuzzleLevelValidatorTests" runstate="Runnable" testcasecount="6" result="Passed" start-time="2026-08-29 18:40:34Z" end-time="2026-08-29 18:40:34Z" duration="0.009759" total="6" passed="6" failed="0" inconclusive="0" skipped="0" asserts="0">
              <properties />
              <test-case id="1096" name="ValidatorAcceptsSimpleValidPuzzle" fullname="TW08.Tests.EditMode.PuzzleLevelValidatorTests.ValidatorAcceptsSimpleValidPuzzle" methodname="ValidatorAcceptsSimpleValidPuzzle" classname="TW08.Tests.EditMode.PuzzleLevelValidatorTests" runstate="Runnable" seed="695996716" result="Passed" start-time="2026-08-29 18:40:34Z" end-time="2026-08-29 18:40:34Z" duration="0.004074" asserts="0">
                <properties>
                  <property name="retryIteration" value="0" />
                  <property name="repeatIteration" value="0" />
                </properties>
              </test-case>
              <test-case id="1098" name="ValidatorRejectsCrateOnPlayerStart" fullname="TW08.Tests.EditMode.PuzzleLevelValidatorTests.ValidatorRejectsCrateOnPlayerStart" methodname="ValidatorRejectsCrateOnPlayerStart" classname="TW08.Tests.EditMode.PuzzleLevelValidatorTests" runstate="Runnable" seed="456087430" result="Passed" start-time="2026-08-29 18:40:34Z" end-time="2026-08-29 18:40:34Z" duration="0.000728" asserts="0">
                <properties>
                  <property name="retryIteration" value="0" />
                  <property name="repeatIteration" value="0" />
                </properties>
              </test-case>
              <test-case id="1099" name="ValidatorRejectsEmptyPuzzle" fullname="TW08.Tests.EditMode.PuzzleLevelValidatorTests.ValidatorRejectsEmptyPuzzle" methodname="ValidatorRejectsEmptyPuzzle" classname="TW08.Tests.EditMode.PuzzleLevelValidatorTests" runstate="Runnable" seed="317852441" result="Passed" start-time="2026-08-29 18:40:34Z" end-time="2026-08-29 18:40:34Z" duration="0.000466" asserts="0">
                <properties>
                  <property name="retryIteration" value="0" />
                  <property name="repeatIteration" value="0" />
                </properties>
              </test-case>
              <test-case id="1097" name="ValidatorRejectsGoalOnWall" fullname="TW08.Tests.EditMode.PuzzleLevelValidatorTests.ValidatorRejectsGoalOnWall" methodname="ValidatorRejectsGoalOnWall" classname="TW08.Tests.EditMode.PuzzleLevelValidatorTests" runstate="Runnable" seed="1753623807" result="Passed" start-time="2026-08-29 18:40:34Z" end-time="2026-08-29 18:40:34Z" duration="0.000520" asserts="0">
                <properties>
                  <property name="retryIteration" value="0" />
                  <property name="repeatIteration" value="0" />
                </properties>
              </test-case>
              <test-case id="1100" name="ValidatorRejectsMismatchedCratesAndGoals" fullname="TW08.Tests.EditMode.PuzzleLevelValidatorTests.ValidatorRejectsMismatchedCratesAndGoals" methodname="ValidatorRejectsMismatchedCratesAndGoals" classname="TW08.Tests.EditMode.PuzzleLevelValidatorTests" runstate="Runnable" seed="1815420570" result="Passed" start-time="2026-08-29 18:40:34Z" end-time="2026-08-29 18:40:34Z" duration="0.000515" asserts="0">
                <properties>
                  <property name="retryIteration" value="0" />
                  <property name="repeatIteration" value="0" />
                </properties>
              </test-case>
              <test-case id="1095" name="ValidatorRejectsNullDefinition" fullname="TW08.Tests.EditMode.PuzzleLevelValidatorTests.ValidatorRejectsNullDefinition" methodname="ValidatorRejectsNullDefinition" classname="TW08.Tests.EditMode.PuzzleLevelValidatorTests" runstate="Runnable" seed="1183932583" result="Passed" start-time="2026-08-29 18:40:34Z" end-time="2026-08-29 18:40:34Z" duration="0.000172" asserts="0">
                <properties>
                  <property name="retryIteration" value="0" />
                  <property name="repeatIteration" value="0" />
                </properties>
              </test-case>
            </test-suite>
            <test-suite type="TestFixture" id="1101" name="PuzzleShiftTrackingTests" fullname="TW08.Tests.EditMode.PuzzleShiftTrackingTests" classname="TW08.Tests.EditMode.PuzzleShiftTrackingTests" runstate="Runnable" testcasecount="5" result="Passed" start-time="2026-08-29 18:40:34Z" end-time="2026-08-29 18:40:34Z" duration="0.012510" total="5" passed="5" failed="0" inconclusive="0" skipped="0" asserts="0">
              <properties />
              <test-case id="1106" name="BuildSummary_ReportsTheBoardCostAndPushes" fullname="TW08.Tests.EditMode.PuzzleShiftTrackingTests.BuildSummary_ReportsTheBoardCostAndPushes" methodname="BuildSummary_ReportsTheBoardCostAndPushes" classname="TW08.Tests.EditMode.PuzzleShiftTrackingTests" runstate="Runnable" seed="860670261" result="Passed" start-time="2026-08-29 18:40:34Z" end-time="2026-08-29 18:40:34Z" duration="0.009383" asserts="0">
                <properties>
                  <property name="retryIteration" value="0" />
                  <property name="repeatIteration" value="0" />
                </properties>
              </test-case>
              <test-case id="1105" name="HintsAndToolsAreCountedSeparately" fullname="TW08.Tests.EditMode.PuzzleShiftTrackingTests.HintsAndToolsAreCountedSeparately" methodname="HintsAndToolsAreCountedSeparately" classname="TW08.Tests.EditMode.PuzzleShiftTrackingTests" runstate="Runnable" seed="1957405556" result="Passed" start-time="2026-08-29 18:40:34Z" end-time="2026-08-29 18:40:34Z" duration="0.000499" asserts="0">
                <properties>
                  <property name="retryIteration" value="0" />
                  <property name="repeatIteration" value="0" />
                </properties>
              </test-case>
              <test-case id="1103" name="PushCount_FollowsUndoAndRedo" fullname="TW08.Tests.EditMode.PuzzleShiftTrackingTests.PushCount_FollowsUndoAndRedo" methodname="PushCount_FollowsUndoAndRedo" classname="TW08.Tests.EditMode.PuzzleShiftTrackingTests" runstate="Runnable" seed="657827156" result="Passed" start-time="2026-08-29 18:40:34Z" end-time="2026-08-29 18:40:34Z" duration="0.000920" asserts="0">
                <properties>
                  <property name="retryIteration" value="0" />
                  <property name="repeatIteration" value="0" />
                </properties>
              </test-case>
              <test-case id="1104" name="RestartingTheLevel_ClearsTheWholeShiftRecord" fullname="TW08.Tests.EditMode.PuzzleShiftTrackingTests.RestartingTheLevel_ClearsTheWholeShiftRecord" methodname="RestartingTheLevel_ClearsTheWholeShiftRecord" classname="TW08.Tests.EditMode.PuzzleShiftTrackingTests" runstate="Runnable" seed="1381494564" result="Passed" start-time="2026-08-29 18:40:34Z" end-time="2026-08-29 18:40:34Z" duration="0.000494" asserts="0">
                <properties>
                  <property name="retryIteration" value="0" />
                  <property name="repeatIteration" value="0" />
                </properties>
              </test-case>
              <test-case id="1102" name="WalkingWithoutTouchingCargo_DoesNotCountAsPush" fullname="TW08.Tests.EditMode.PuzzleShiftTrackingTests.WalkingWithoutTouchingCargo_DoesNotCountAsPush" methodname="WalkingWithoutTouchingCargo_DoesNotCountAsPush" classname="TW08.Tests.EditMode.PuzzleShiftTrackingTests" runstate="Runnable" seed="2033123415" result="Passed" start-time="2026-08-29 18:40:34Z" end-time="2026-08-29 18:40:34Z" duration="0.000305" asserts="0">
                <properties>
                  <property name="retryIteration" value="0" />
                  <property name="repeatIteration" value="0" />
                </properties>
              </test-case>
            </test-suite>
            <test-suite type="TestFixture" id="1107" name="RaceProductionSystemsTests" fullname="TW08.Tests.EditMode.RaceProductionSystemsTests" classname="TW08.Tests.EditMode.RaceProductionSystemsTests" runstate="Runnable" testcasecount="3" result="Passed" start-time="2026-08-29 18:40:34Z" end-time="2026-08-29 18:40:34Z" duration="0.011737" total="3" passed="3" failed="0" inconclusive="0" skipped="0" asserts="0">
              <properties />
              <test-case id="1110" name="PowerUpEnumPreservesLegacySerializedValues" fullname="TW08.Tests.EditMode.RaceProductionSystemsTests.PowerUpEnumPreservesLegacySerializedValues" methodname="PowerUpEnumPreservesLegacySerializedValues" classname="TW08.Tests.EditMode.RaceProductionSystemsTests" runstate="Runnable" seed="588767673" result="Passed" start-time="2026-08-29 18:40:34Z" end-time="2026-08-29 18:40:34Z" duration="0.000382" asserts="0">
                <properties>
                  <property name="retryIteration" value="0" />
                  <property name="repeatIteration" value="0" />
                </properties>
              </test-case>
              <test-case id="1109" name="RaceManagerExposesCheckpointPositionForAiAndScanner" fullname="TW08.Tests.EditMode.RaceProductionSystemsTests.RaceManagerExposesCheckpointPositionForAiAndScanner" methodname="RaceManagerExposesCheckpointPositionForAiAndScanner" classname="TW08.Tests.EditMode.RaceProductionSystemsTests" runstate="Runnable" seed="960697514" result="Passed" start-time="2026-08-29 18:40:34Z" end-time="2026-08-29 18:40:34Z" duration="0.003713" asserts="0">
                <properties>
                  <property name="retryIteration" value="0" />
                  <property name="repeatIteration" value="0" />
                </properties>
              </test-case>
              <test-case id="1108" name="RaceManagerRanksRacerThatAdvancedCheckpointAhead" fullname="TW08.Tests.EditMode.RaceProductionSystemsTests.RaceManagerRanksRacerThatAdvancedCheckpointAhead" methodname="RaceManagerRanksRacerThatAdvancedCheckpointAhead" classname="TW08.Tests.EditMode.RaceProductionSystemsTests" runstate="Runnable" seed="992938858" result="Passed" start-time="2026-08-29 18:40:34Z" end-time="2026-08-29 18:40:34Z" duration="0.004065" asserts="0">
                <properties>
                  <property name="retryIteration" value="0" />
                  <property name="repeatIteration" value="0" />
                </properties>
              </test-case>
            </test-suite>
            <test-suite type="TestFixture" id="1111" name="SaveIntegrityTests" fullname="TW08.Tests.EditMode.SaveIntegrityTests" classname="TW08.Tests.EditMode.SaveIntegrityTests" runstate="Runnable" testcasecount="1" result="Passed" start-time="2026-08-29 18:40:34Z" end-time="2026-08-29 18:40:34Z" duration="0.002502" total="1" passed="1" failed="0" inconclusive="0" skipped="0" asserts="0">
              <properties />
              <test-case id="1112" name="ChecksumDetectsPayloadChanges" fullname="TW08.Tests.EditMode.SaveIntegrityTests.ChecksumDetectsPayloadChanges" methodname="ChecksumDetectsPayloadChanges" classname="TW08.Tests.EditMode.SaveIntegrityTests" runstate="Runnable" seed="1667129477" result="Passed" start-time="2026-08-29 18:40:34Z" end-time="2026-08-29 18:40:34Z" duration="0.001520" asserts="0">
                <properties>
                  <property name="retryIteration" value="0" />
                  <property name="repeatIteration" value="0" />
                </properties>
              </test-case>
            </test-suite>
            <test-suite type="TestFixture" id="1113" name="ShopEconomyTests" fullname="TW08.Tests.EditMode.ShopEconomyTests" classname="TW08.Tests.EditMode.ShopEconomyTests" runstate="Runnable" testcasecount="11" result="Passed" start-time="2026-08-29 18:40:34Z" end-time="2026-08-29 18:40:34Z" duration="0.010039" total="11" passed="11" failed="0" inconclusive="0" skipped="0" asserts="0">
              <properties />
              <test-case id="1124" name="Advisor_HintsGetMoreDirectWithEachTier" fullname="TW08.Tests.EditMode.ShopEconomyTests.Advisor_HintsGetMoreDirectWithEachTier" methodname="Advisor_HintsGetMoreDirectWithEachTier" classname="TW08.Tests.EditMode.ShopEconomyTests" runstate="Runnable" seed="1954471650" result="Passed" start-time="2026-08-29 18:40:34Z" end-time="2026-08-29 18:40:34Z" duration="0.004023" asserts="0">
                <properties>
                  <property name="retryIteration" value="0" />
                  <property name="repeatIteration" value="0" />
                </properties>
              </test-case>
              <test-case id="1122" name="Advisor_PrefersACrateLockedInACorner" fullname="TW08.Tests.EditMode.ShopEconomyTests.Advisor_PrefersACrateLockedInACorner" methodname="Advisor_PrefersACrateLockedInACorner" classname="TW08.Tests.EditMode.ShopEconomyTests" runstate="Runnable" seed="141423713" result="Passed" start-time="2026-08-29 18:40:34Z" end-time="2026-08-29 18:40:34Z" duration="0.000325" asserts="0">
                <properties>
                  <property name="retryIteration" value="0" />
                  <property name="repeatIteration" value="0" />
                </properties>
              </test-case>
              <test-case id="1123" name="Advisor_ReportsNoCriticalCrateWhenEverythingIsPlaced" fullname="TW08.Tests.EditMode.ShopEconomyTests.Advisor_ReportsNoCriticalCrateWhenEverythingIsPlaced" methodname="Advisor_ReportsNoCriticalCrateWhenEverythingIsPlaced" classname="TW08.Tests.EditMode.ShopEconomyTests" runstate="Runnable" seed="608238352" result="Passed" start-time="2026-08-29 18:40:34Z" end-time="2026-08-29 18:40:34Z" duration="0.000282" asserts="0">
                <properties>
                  <property name="retryIteration" value="0" />
                  <property name="repeatIteration" value="0" />
                </properties>
              </test-case>
              <test-case id="1115" name="BareCompletion_PaysOnlyCompletionAndBronze" fullname="TW08.Tests.EditMode.ShopEconomyTests.BareCompletion_PaysOnlyCompletionAndBronze" methodname="BareCompletion_PaysOnlyCompletionAndBronze" classname="TW08.Tests.EditMode.ShopEconomyTests" runstate="Runnable" seed="590508659" result="Passed" start-time="2026-08-29 18:40:34Z" end-time="2026-08-29 18:40:34Z" duration="0.000177" asserts="0">
                <properties>
                  <property name="retryIteration" value="0" />
                  <property name="repeatIteration" value="0" />
                </properties>
              </test-case>
              <test-case id="1119" name="EnsureDefaults_DropsEmptyStacksAndNegativeCredits" fullname="TW08.Tests.EditMode.ShopEconomyTests.EnsureDefaults_DropsEmptyStacksAndNegativeCredits" methodname="EnsureDefaults_DropsEmptyStacksAndNegativeCredits" classname="TW08.Tests.EditMode.ShopEconomyTests" runstate="Runnable" seed="1855243603" result="Passed" start-time="2026-08-29 18:40:34Z" end-time="2026-08-29 18:40:34Z" duration="0.000398" asserts="0">
                <properties>
                  <property name="retryIteration" value="0" />
                  <property name="repeatIteration" value="0" />
                </properties>
              </test-case>
              <test-case id="1121" name="MigrationV2ToV3_LeavesUnfinishedLevelsOutOfTheCleanRanking" fullname="TW08.Tests.EditMode.ShopEconomyTests.MigrationV2ToV3_LeavesUnfinishedLevelsOutOfTheCleanRanking" methodname="MigrationV2ToV3_LeavesUnfinishedLevelsOutOfTheCleanRanking" classname="TW08.Tests.EditMode.ShopEconomyTests" runstate="Runnable" seed="775224536" result="Passed" start-time="2026-08-29 18:40:34Z" end-time="2026-08-29 18:40:34Z" duration="0.000504" asserts="0">
                <properties>
                  <property name="retryIteration" value="0" />
                  <property name="repeatIteration" value="0" />
                </properties>
              </test-case>
              <test-case id="1120" name="MigrationV2ToV3_PromotesOldRecordsToCleanRanking" fullname="TW08.Tests.EditMode.ShopEconomyTests.MigrationV2ToV3_PromotesOldRecordsToCleanRanking" methodname="MigrationV2ToV3_PromotesOldRecordsToCleanRanking" classname="TW08.Tests.EditMode.ShopEconomyTests" runstate="Runnable" seed="941290627" result="Passed" start-time="2026-08-29 18:40:34Z" end-time="2026-08-29 18:40:34Z" duration="0.000278" asserts="0">
                <properties>
                  <property name="retryIteration" value="0" />
                  <property name="repeatIteration" value="0" />
                </properties>
              </test-case>
              <test-case id="1114" name="PerfectCleanRun_IsCappedAtLevelMaximum" fullname="TW08.Tests.EditMode.ShopEconomyTests.PerfectCleanRun_IsCappedAtLevelMaximum" methodname="PerfectCleanRun_IsCappedAtLevelMaximum" classname="TW08.Tests.EditMode.ShopEconomyTests" runstate="Runnable" seed="550749328" result="Passed" start-time="2026-08-29 18:40:34Z" end-time="2026-08-29 18:40:34Z" duration="0.000159" asserts="0">
                <properties>
                  <property name="retryIteration" value="0" />
                  <property name="repeatIteration" value="0" />
                </properties>
              </test-case>
              <test-case id="1117" name="Statement_ListsEveryEarnedBonus" fullname="TW08.Tests.EditMode.ShopEconomyTests.Statement_ListsEveryEarnedBonus" methodname="Statement_ListsEveryEarnedBonus" classname="TW08.Tests.EditMode.ShopEconomyTests" runstate="Runnable" seed="1605667017" result="Passed" start-time="2026-08-29 18:40:34Z" end-time="2026-08-29 18:40:34Z" duration="0.000870" asserts="0">
                <properties>
                  <property name="retryIteration" value="0" />
                  <property name="repeatIteration" value="0" />
                </properties>
              </test-case>
              <test-case id="1118" name="ToolStock_AddsAndConsumesWithoutGoingNegative" fullname="TW08.Tests.EditMode.ShopEconomyTests.ToolStock_AddsAndConsumesWithoutGoingNegative" methodname="ToolStock_AddsAndConsumesWithoutGoingNegative" classname="TW08.Tests.EditMode.ShopEconomyTests" runstate="Runnable" seed="555790401" result="Passed" start-time="2026-08-29 18:40:34Z" end-time="2026-08-29 18:40:34Z" duration="0.000836" asserts="0">
                <properties>
                  <property name="retryIteration" value="0" />
                  <property name="repeatIteration" value="0" />
                </properties>
              </test-case>
              <test-case id="1116" name="UsingATool_RemovesTheCleanBonusAndClearsCompetitiveFlag" fullname="TW08.Tests.EditMode.ShopEconomyTests.UsingATool_RemovesTheCleanBonusAndClearsCompetitiveFlag" methodname="UsingATool_RemovesTheCleanBonusAndClearsCompetitiveFlag" classname="TW08.Tests.EditMode.ShopEconomyTests" runstate="Runnable" seed="211167307" result="Passed" start-time="2026-08-29 18:40:34Z" end-time="2026-08-29 18:40:34Z" duration="0.000237" asserts="0">
                <properties>
                  <property name="retryIteration" value="0" />
                  <property name="repeatIteration" value="0" />
                </properties>
              </test-case>
            </test-suite>
            <test-suite type="TestFixture" id="1125" name="SlideMechanicsTests" fullname="TW08.Tests.EditMode.SlideMechanicsTests" classname="TW08.Tests.EditMode.SlideMechanicsTests" runstate="Runnable" testcasecount="10" result="Passed" start-time="2026-08-29 18:40:34Z" end-time="2026-08-29 18:40:34Z" duration="0.005043" total="10" passed="10" failed="0" inconclusive="0" skipped="0" asserts="0">
              <properties />
              <test-case id="1134" name="ClosedConveyorLoopTerminatesInsteadOfHanging" fullname="TW08.Tests.EditMode.SlideMechanicsTests.ClosedConveyorLoopTerminatesInsteadOfHanging" methodname="ClosedConveyorLoopTerminatesInsteadOfHanging" classname="TW08.Tests.EditMode.SlideMechanicsTests" runstate="Runnable" seed="958566232" result="Passed" start-time="2026-08-29 18:40:34Z" end-time="2026-08-29 18:40:34Z" duration="0.000987" asserts="0">
                <properties>
                  <property name="retryIteration" value="0" />
                  <property name="repeatIteration" value="0" />
                </properties>
              </test-case>
              <test-case id="1133" name="ConveyorCarriesACrateToTheEndOfTheBelt" fullname="TW08.Tests.EditMode.SlideMechanicsTests.ConveyorCarriesACrateToTheEndOfTheBelt" methodname="ConveyorCarriesACrateToTheEndOfTheBelt" classname="TW08.Tests.EditMode.SlideMechanicsTests" runstate="Runnable" seed="640968764" result="Passed" start-time="2026-08-29 18:40:34Z" end-time="2026-08-29 18:40:34Z" duration="0.000658" asserts="0">
                <properties>
                  <property name="retryIteration" value="0" />
                  <property name="repeatIteration" value="0" />
                </properties>
              </test-case>
              <test-case id="1132" name="ConveyorImposesItsOwnDirection" fullname="TW08.Tests.EditMode.SlideMechanicsTests.ConveyorImposesItsOwnDirection" methodname="ConveyorImposesItsOwnDirection" classname="TW08.Tests.EditMode.SlideMechanicsTests" runstate="Runnable" seed="361961980" result="Passed" start-time="2026-08-29 18:40:34Z" end-time="2026-08-29 18:40:34Z" duration="0.000271" asserts="0">
                <properties>
                  <property name="retryIteration" value="0" />
                  <property name="repeatIteration" value="0" />
                </properties>
              </test-case>
              <test-case id="1135" name="PlainFloorStillMovesExactlyOneCell" fullname="TW08.Tests.EditMode.SlideMechanicsTests.PlainFloorStillMovesExactlyOneCell" methodname="PlainFloorStillMovesExactlyOneCell" classname="TW08.Tests.EditMode.SlideMechanicsTests" runstate="Runnable" seed="142727210" result="Passed" start-time="2026-08-29 18:40:34Z" end-time="2026-08-29 18:40:34Z" duration="0.000184" asserts="0">
                <properties>
                  <property name="retryIteration" value="0" />
                  <property name="repeatIteration" value="0" />
                </properties>
              </test-case>
              <test-case id="1126" name="PlayerKeepsSlidingUntilTheIceEnds" fullname="TW08.Tests.EditMode.SlideMechanicsTests.PlayerKeepsSlidingUntilTheIceEnds" methodname="PlayerKeepsSlidingUntilTheIceEnds" classname="TW08.Tests.EditMode.SlideMechanicsTests" runstate="Runnable" seed="183066214" result="Passed" start-time="2026-08-29 18:40:34Z" end-time="2026-08-29 18:40:34Z" duration="0.000292" asserts="0">
                <properties>
                  <property name="retryIteration" value="0" />
                  <property name="repeatIteration" value="0" />
                </properties>
              </test-case>
              <test-case id="1130" name="PlayerNeverSlidesThroughTheCrateItJustPushed" fullname="TW08.Tests.EditMode.SlideMechanicsTests.PlayerNeverSlidesThroughTheCrateItJustPushed" methodname="PlayerNeverSlidesThroughTheCrateItJustPushed" classname="TW08.Tests.EditMode.SlideMechanicsTests" runstate="Runnable" seed="490721775" result="Passed" start-time="2026-08-29 18:40:34Z" end-time="2026-08-29 18:40:34Z" duration="0.000309" asserts="0">
                <properties>
                  <property name="retryIteration" value="0" />
                  <property name="repeatIteration" value="0" />
                </properties>
              </test-case>
              <test-case id="1129" name="PushedCrateSlidesAndThePlayerStopsBehindIt" fullname="TW08.Tests.EditMode.SlideMechanicsTests.PushedCrateSlidesAndThePlayerStopsBehindIt" methodname="PushedCrateSlidesAndThePlayerStopsBehindIt" classname="TW08.Tests.EditMode.SlideMechanicsTests" runstate="Runnable" seed="1988546883" result="Passed" start-time="2026-08-29 18:40:34Z" end-time="2026-08-29 18:40:34Z" duration="0.000264" asserts="0">
                <properties>
                  <property name="retryIteration" value="0" />
                  <property name="repeatIteration" value="0" />
                </properties>
              </test-case>
              <test-case id="1127" name="SlidingCostsOneCommandNotOneCellPerStep" fullname="TW08.Tests.EditMode.SlideMechanicsTests.SlidingCostsOneCommandNotOneCellPerStep" methodname="SlidingCostsOneCommandNotOneCellPerStep" classname="TW08.Tests.EditMode.SlideMechanicsTests" runstate="Runnable" seed="191440981" result="Passed" start-time="2026-08-29 18:40:34Z" end-time="2026-08-29 18:40:34Z" duration="0.000165" asserts="0">
                <properties>
                  <property name="retryIteration" value="0" />
                  <property name="repeatIteration" value="0" />
                </properties>
              </test-case>
              <test-case id="1128" name="SlidingStopsAgainstAWall" fullname="TW08.Tests.EditMode.SlideMechanicsTests.SlidingStopsAgainstAWall" methodname="SlidingStopsAgainstAWall" classname="TW08.Tests.EditMode.SlideMechanicsTests" runstate="Runnable" seed="818013466" result="Passed" start-time="2026-08-29 18:40:34Z" end-time="2026-08-29 18:40:34Z" duration="0.000190" asserts="0">
                <properties>
                  <property name="retryIteration" value="0" />
                  <property name="repeatIteration" value="0" />
                </properties>
              </test-case>
              <test-case id="1131" name="UndoRestoresBothEndsOfASlide" fullname="TW08.Tests.EditMode.SlideMechanicsTests.UndoRestoresBothEndsOfASlide" methodname="UndoRestoresBothEndsOfASlide" classname="TW08.Tests.EditMode.SlideMechanicsTests" runstate="Runnable" seed="1881764697" result="Passed" start-time="2026-08-29 18:40:34Z" end-time="2026-08-29 18:40:34Z" duration="0.000325" asserts="0">
                <properties>
                  <property name="retryIteration" value="0" />
                  <property name="repeatIteration" value="0" />
                </properties>
              </test-case>
            </test-suite>
          </test-suite>
          <test-suite type="TestFixture" id="1001" name="PuzzleBoardModelTests" fullname="TW08.Tests.PuzzleBoardModelTests" classname="TW08.Tests.PuzzleBoardModelTests" runstate="Runnable" testcasecount="6" result="Passed" start-time="2026-08-29 18:40:34Z" end-time="2026-08-29 18:40:34Z" duration="0.002435" total="6" passed="6" failed="0" inconclusive="0" skipped="0" asserts="0">
            <properties />
            <test-case id="1007" name="BoardCompletesWhenEveryGoalHasCrate" fullname="TW08.Tests.PuzzleBoardModelTests.BoardCompletesWhenEveryGoalHasCrate" methodname="BoardCompletesWhenEveryGoalHasCrate" classname="TW08.Tests.PuzzleBoardModelTests" runstate="Runnable" seed="756325201" result="Passed" start-time="2026-08-29 18:40:34Z" end-time="2026-08-29 18:40:34Z" duration="0.000284" asserts="0">
              <properties>
                <property name="retryIteration" value="0" />
                <property name="repeatIteration" value="0" />
              </properties>
            </test-case>
            <test-case id="1003" name="PlayerCannotMoveThroughWall" fullname="TW08.Tests.PuzzleBoardModelTests.PlayerCannotMoveThroughWall" methodname="PlayerCannotMoveThroughWall" classname="TW08.Tests.PuzzleBoardModelTests" runstate="Runnable" seed="414890777" result="Passed" start-time="2026-08-29 18:40:34Z" end-time="2026-08-29 18:40:34Z" duration="0.000193" asserts="0">
              <properties>
                <property name="retryIteration" value="0" />
                <property name="repeatIteration" value="0" />
              </properties>
            </test-case>
            <test-case id="1005" name="PlayerCannotPushTwoCrates" fullname="TW08.Tests.PuzzleBoardModelTests.PlayerCannotPushTwoCrates" methodname="PlayerCannotPushTwoCrates" classname="TW08.Tests.PuzzleBoardModelTests" runstate="Runnable" seed="1331869789" result="Passed" start-time="2026-08-29 18:40:34Z" end-time="2026-08-29 18:40:34Z" duration="0.000165" asserts="0">
              <properties>
                <property name="retryIteration" value="0" />
                <property name="repeatIteration" value="0" />
              </properties>
            </test-case>
            <test-case id="1002" name="PlayerMovesIntoFreeCell" fullname="TW08.Tests.PuzzleBoardModelTests.PlayerMovesIntoFreeCell" methodname="PlayerMovesIntoFreeCell" classname="TW08.Tests.PuzzleBoardModelTests" runstate="Runnable" seed="162270666" result="Passed" start-time="2026-08-29 18:40:34Z" end-time="2026-08-29 18:40:34Z" duration="0.000178" asserts="0">
              <properties>
                <property name="retryIteration" value="0" />
                <property name="repeatIteration" value="0" />
              </properties>
            </test-case>
            <test-case id="1004" name="PlayerPushesSingleCrate" fullname="TW08.Tests.PuzzleBoardModelTests.PlayerPushesSingleCrate" methodname="PlayerPushesSingleCrate" classname="TW08.Tests.PuzzleBoardModelTests" runstate="Runnable" seed="294442466" result="Passed" start-time="2026-08-29 18:40:34Z" end-time="2026-08-29 18:40:34Z" duration="0.000424" asserts="0">
              <properties>
                <property name="retryIteration" value="0" />
                <property name="repeatIteration" value="0" />
              </properties>
            </test-case>
            <test-case id="1006" name="UndoRestoresPlayerAndCrate" fullname="TW08.Tests.PuzzleBoardModelTests.UndoRestoresPlayerAndCrate" methodname="UndoRestoresPlayerAndCrate" classname="TW08.Tests.PuzzleBoardModelTests" runstate="Runnable" seed="1137467742" result="Passed" start-time="2026-08-29 18:40:34Z" end-time="2026-08-29 18:40:34Z" duration="0.000282" asserts="0">
              <properties>
                <property name="retryIteration" value="0" />
                <property name="repeatIteration" value="0" />
              </properties>
            </test-case>
          </test-suite>
          <test-suite type="TestFixture" id="1008" name="PuzzleRuntimeTests" fullname="TW08.Tests.PuzzleRuntimeTests" classname="TW08.Tests.PuzzleRuntimeTests" runstate="Runnable" testcasecount="1" result="Passed" start-time="2026-08-29 18:40:34Z" end-time="2026-08-29 18:40:34Z" duration="0.001805" total="1" passed="1" failed="0" inconclusive="0" skipped="0" asserts="0">
            <properties />
            <test-case id="1009" name="RedoWinningMoveRaisesCompletionAgain" fullname="TW08.Tests.PuzzleRuntimeTests.RedoWinningMoveRaisesCompletionAgain" methodname="RedoWinningMoveRaisesCompletionAgain" classname="TW08.Tests.PuzzleRuntimeTests" runstate="Runnable" seed="1846963191" result="Passed" start-time="2026-08-29 18:40:34Z" end-time="2026-08-29 18:40:34Z" duration="0.001361" asserts="0">
              <properties>
                <property name="retryIteration" value="0" />
                <property name="repeatIteration" value="0" />
              </properties>
            </test-case>
          </test-suite>
        </test-suite>
      </test-suite>
    </test-suite>
    <test-suite type="Assembly" id="1142" name="Unity.Addressables.DocExampleCode.Editor.Tests.dll" fullname="X:/Shove-It-The-Warehouse/Shove It - The Warehouse Game REMASTER/Library/ScriptAssemblies/Unity.Addressables.DocExampleCode.Editor.Tests.dll" runstate="Runnable" testcasecount="1" result="Passed" start-time="2026-08-29 18:40:34Z" end-time="2026-08-29 18:40:34Z" duration="0.001388" total="1" passed="1" failed="0" inconclusive="0" skipped="0" asserts="0">
      <properties>
        <property name="_PID" value="28008" />
        <property name="_APPDOMAIN" value="Unity Child Domain" />
        <property name="platform" value="EditMode" />
        <property name="EditorOnly" value="True" />
      </properties>
      <test-suite type="TestSuite" id="1143" name="AddressableAssets" fullname="AddressableAssets" runstate="Runnable" testcasecount="1" result="Passed" start-time="2026-08-29 18:40:34Z" end-time="2026-08-29 18:40:34Z" duration="0.000981" total="1" passed="1" failed="0" inconclusive="0" skipped="0" asserts="0">
        <properties />
        <test-suite type="TestSuite" id="1144" name="DocExampleCode" fullname="AddressableAssets.DocExampleCode" runstate="Runnable" testcasecount="1" result="Passed" start-time="2026-08-29 18:40:34Z" end-time="2026-08-29 18:40:34Z" duration="0.000745" total="1" passed="1" failed="0" inconclusive="0" skipped="0" asserts="0">
          <properties />
          <test-suite type="TestFixture" id="1140" name="TestStub" fullname="AddressableAssets.DocExampleCode.TestStub" classname="AddressableAssets.DocExampleCode.TestStub" runstate="Runnable" testcasecount="1" result="Passed" start-time="2026-08-29 18:40:34Z" end-time="2026-08-29 18:40:34Z" duration="0.000537" total="1" passed="1" failed="0" inconclusive="0" skipped="0" asserts="0">
            <properties />
            <test-case id="1141" name="RequiredTest" fullname="AddressableAssets.DocExampleCode.TestStub.RequiredTest" methodname="RequiredTest" classname="AddressableAssets.DocExampleCode.TestStub" runstate="Runnable" seed="1153917766" result="Passed" start-time="2026-08-29 18:40:34Z" end-time="2026-08-29 18:40:34Z" duration="0.000080" asserts="0">
              <properties>
                <property name="retryIteration" value="0" />
                <property name="repeatIteration" value="0" />
              </properties>
              <output><![CDATA[Saving results to: TestResults-slide2.xml
]]></output>
            </test-case>
          </test-suite>
        </test-suite>
      </test-suite>
    </test-suite>
  </test-suite>
</test-run>