<?xml version="1.0" encoding="utf-8"?>
<test-run id="2" testcasecount="140" result="Passed" total="140" passed="140" failed="0" inconclusive="0" skipped="0" asserts="0" engine-version="3.5.0.0" clr-version="4.0.30319.42000" start-time="2026-08-29 21:35:10Z" end-time="2026-08-29 21:35:10Z" duration="0,1667371">
  <test-suite type="TestSuite" id="1000" name="Shove It - The Warehouse Game REMASTER" fullname="Shove It - The Warehouse Game REMASTER" runstate="Runnable" testcasecount="140" result="Passed" start-time="2026-08-29 21:35:10Z" end-time="2026-08-29 21:35:10Z" duration="0.166737" total="140" passed="140" failed="0" inconclusive="0" skipped="0" asserts="0">
    <properties>
      <property name="platform" value="EditMode" />
    </properties>
    <test-suite type="Assembly" id="1155" name="TW08.Tests.EditMode.dll" fullname="X:/Shove-It-The-Warehouse/Shove It - The Warehouse Game REMASTER/Library/ScriptAssemblies/TW08.Tests.EditMode.dll" runstate="Runnable" testcasecount="139" result="Passed" start-time="2026-08-29 21:35:10Z" end-time="2026-08-29 21:35:10Z" duration="0.158165" total="139" passed="139" failed="0" inconclusive="0" skipped="0" asserts="0">
      <properties>
        <property name="_PID" value="25564" />
        <property name="_APPDOMAIN" value="Unity Child Domain" />
        <property name="platform" value="EditMode" />
        <property name="EditorOnly" value="True" />
      </properties>
      <test-suite type="TestSuite" id="1156" name="TW08" fullname="TW08" runstate="Runnable" testcasecount="139" result="Passed" start-time="2026-08-29 21:35:10Z" end-time="2026-08-29 21:35:10Z" duration="0.157734" total="139" passed="139" failed="0" inconclusive="0" skipped="0" asserts="0">
        <properties />
        <test-suite type="TestSuite" id="1157" name="Tests" fullname="TW08.Tests" runstate="Runnable" testcasecount="139" result="Passed" start-time="2026-08-29 21:35:10Z" end-time="2026-08-29 21:35:10Z" duration="0.157537" total="139" passed="139" failed="0" inconclusive="0" skipped="0" asserts="0">
          <properties />
          <test-suite type="TestSuite" id="1158" name="EditMode" fullname="TW08.Tests.EditMode" runstate="Runnable" testcasecount="132" result="Passed" start-time="2026-08-29 21:35:10Z" end-time="2026-08-29 21:35:10Z" duration="0.152769" total="132" passed="132" failed="0" inconclusive="0" skipped="0" asserts="0">
            <properties />
            <test-suite type="TestFixture" id="1010" name="ExpansionProgressionTests" fullname="TW08.Tests.EditMode.ExpansionProgressionTests" classname="TW08.Tests.EditMode.ExpansionProgressionTests" runstate="Runnable" testcasecount="2" result="Passed" start-time="2026-08-29 21:35:10Z" end-time="2026-08-29 21:35:10Z" duration="0.027615" total="2" passed="2" failed="0" inconclusive="0" skipped="0" asserts="0">
              <properties />
              <test-case id="1012" name="RaceDefinitionAwardsExpectedMedals" fullname="TW08.Tests.EditMode.ExpansionProgressionTests.RaceDefinitionAwardsExpectedMedals" methodname="RaceDefinitionAwardsExpectedMedals" classname="TW08.Tests.EditMode.ExpansionProgressionTests" runstate="Runnable" seed="1840481895" result="Passed" start-time="2026-08-29 21:35:10Z" end-time="2026-08-29 21:35:10Z" duration="0.013462" asserts="0">
                <properties>
                  <property name="retryIteration" value="0" />
                  <property name="repeatIteration" value="0" />
                </properties>
              </test-case>
              <test-case id="1011" name="SaveMigrationV1ToV2InitializesNewFields" fullname="TW08.Tests.EditMode.ExpansionProgressionTests.SaveMigrationV1ToV2InitializesNewFields" methodname="SaveMigrationV1ToV2InitializesNewFields" classname="TW08.Tests.EditMode.ExpansionProgressionTests" runstate="Runnable" seed="131980088" result="Passed" start-time="2026-08-29 21:35:10Z" end-time="2026-08-29 21:35:10Z" duration="0.002481" asserts="0">
                <properties>
                  <property name="retryIteration" value="0" />
                  <property name="repeatIteration" value="0" />
                </properties>
              </test-case>
            </test-suite>
            <test-suite type="TestFixture" id="1013" name="FacingDirectionTests" fullname="TW08.Tests.EditMode.FacingDirectionTests" classname="TW08.Tests.EditMode.FacingDirectionTests" runstate="Runnable" testcasecount="3" result="Passed" start-time="2026-08-29 21:35:10Z" end-time="2026-08-29 21:35:10Z" duration="0.002639" total="3" passed="3" failed="0" inconclusive="0" skipped="0" asserts="0">
              <properties />
              <test-case id="1014" name="CardinalDeltasMapToExpectedFacing" fullname="TW08.Tests.EditMode.FacingDirectionTests.CardinalDeltasMapToExpectedFacing" methodname="CardinalDeltasMapToExpectedFacing" classname="TW08.Tests.EditMode.FacingDirectionTests" runstate="Runnable" seed="153659747" result="Passed" start-time="2026-08-29 21:35:10Z" end-time="2026-08-29 21:35:10Z" duration="0.001228" asserts="0">
                <properties>
                  <property name="retryIteration" value="0" />
                  <property name="repeatIteration" value="0" />
                </properties>
              </test-case>
              <test-case id="1016" name="DominantAxisWinsForNonCardinalInput" fullname="TW08.Tests.EditMode.FacingDirectionTests.DominantAxisWinsForNonCardinalInput" methodname="DominantAxisWinsForNonCardinalInput" classname="TW08.Tests.EditMode.FacingDirectionTests" runstate="Runnable" seed="713050439" result="Passed" start-time="2026-08-29 21:35:10Z" end-time="2026-08-29 21:35:10Z" duration="0.000212" asserts="0">
                <properties>
                  <property name="retryIteration" value="0" />
                  <property name="repeatIteration" value="0" />
                </properties>
              </test-case>
              <test-case id="1015" name="ZeroDeltaPreservesFallbackFacing" fullname="TW08.Tests.EditMode.FacingDirectionTests.ZeroDeltaPreservesFallbackFacing" methodname="ZeroDeltaPreservesFallbackFacing" classname="TW08.Tests.EditMode.FacingDirectionTests" runstate="Runnable" seed="724514310" result="Passed" start-time="2026-08-29 21:35:10Z" end-time="2026-08-29 21:35:10Z" duration="0.000126" asserts="0">
                <properties>
                  <property name="retryIteration" value="0" />
                  <property name="repeatIteration" value="0" />
                </properties>
              </test-case>
            </test-suite>
            <test-suite type="TestFixture" id="1017" name="HudTests" fullname="TW08.Tests.EditMode.HudTests" classname="TW08.Tests.EditMode.HudTests" runstate="Runnable" testcasecount="32" result="Passed" start-time="2026-08-29 21:35:10Z" end-time="2026-08-29 21:35:10Z" duration="0.026541" total="32" passed="32" failed="0" inconclusive="0" skipped="0" asserts="0">
              <properties />
              <test-case id="1026" name="BestTime_ShowsAPlaceholderUntilThereIsARecord" fullname="TW08.Tests.EditMode.HudTests.BestTime_ShowsAPlaceholderUntilThereIsARecord" methodname="BestTime_ShowsAPlaceholderUntilThereIsARecord" classname="TW08.Tests.EditMode.HudTests" runstate="Runnable" seed="1908346128" result="Passed" start-time="2026-08-29 21:35:10Z" end-time="2026-08-29 21:35:10Z" duration="0.002300" asserts="0">
                <properties>
                  <property name="retryIteration" value="0" />
                  <property name="repeatIteration" value="0" />
                </properties>
              </test-case>
              <test-case id="1029" name="CargoIntegrity_ReportsLossBeforePercentage" fullname="TW08.Tests.EditMode.HudTests.CargoIntegrity_ReportsLossBeforePercentage" methodname="CargoIntegrity_ReportsLossBeforePercentage" classname="TW08.Tests.EditMode.HudTests" runstate="Runnable" seed="1297634719" result="Passed" start-time="2026-08-29 21:35:10Z" end-time="2026-08-29 21:35:10Z" duration="0.000242" asserts="0">
                <properties>
                  <property name="retryIteration" value="0" />
                  <property name="repeatIteration" value="0" />
                </properties>
              </test-case>
              <test-case id="1038" name="CompletionLabel_ShowsCreditsOnlyAfterTheShiftIsCommitted" fullname="TW08.Tests.EditMode.HudTests.CompletionLabel_ShowsCreditsOnlyAfterTheShiftIsCommitted" methodname="CompletionLabel_ShowsCreditsOnlyAfterTheShiftIsCommitted" classname="TW08.Tests.EditMode.HudTests" runstate="Runnable" seed="1412457385" result="Passed" start-time="2026-08-29 21:35:10Z" end-time="2026-08-29 21:35:10Z" duration="0.000288" asserts="0">
                <properties>
                  <property name="retryIteration" value="0" />
                  <property name="repeatIteration" value="0" />
                </properties>
              </test-case>
              <test-case id="1033" name="DoorNotice_NamesTheGroupInUppercase" fullname="TW08.Tests.EditMode.HudTests.DoorNotice_NamesTheGroupInUppercase" methodname="DoorNotice_NamesTheGroupInUppercase" classname="TW08.Tests.EditMode.HudTests" runstate="Runnable" seed="109915631" result="Passed" start-time="2026-08-29 21:35:10Z" end-time="2026-08-29 21:35:10Z" duration="0.000289" asserts="0">
                <properties>
                  <property name="retryIteration" value="0" />
                  <property name="repeatIteration" value="0" />
                </properties>
              </test-case>
              <test-case id="1027" name="Lap_ClampsToTheTrackLength" fullname="TW08.Tests.EditMode.HudTests.Lap_ClampsToTheTrackLength" methodname="Lap_ClampsToTheTrackLength" classname="TW08.Tests.EditMode.HudTests" runstate="Runnable" seed="829630730" result="Passed" start-time="2026-08-29 21:35:10Z" end-time="2026-08-29 21:35:10Z" duration="0.000283" asserts="0">
                <properties>
                  <property name="retryIteration" value="0" />
                  <property name="repeatIteration" value="0" />
                </properties>
              </test-case>
              <test-case id="1023" name="LevelTitle_FallsBackWhenTheLevelHasNoIdentity" fullname="TW08.Tests.EditMode.HudTests.LevelTitle_FallsBackWhenTheLevelHasNoIdentity" methodname="LevelTitle_FallsBackWhenTheLevelHasNoIdentity" classname="TW08.Tests.EditMode.HudTests" runstate="Runnable" seed="2127619771" result="Passed" start-time="2026-08-29 21:35:10Z" end-time="2026-08-29 21:35:10Z" duration="0.000180" asserts="0">
                <properties>
                  <property name="retryIteration" value="0" />
                  <property name="repeatIteration" value="0" />
                </properties>
              </test-case>
              <test-case id="1022" name="LevelTitle_JoinsSectorAndNameInUppercase" fullname="TW08.Tests.EditMode.HudTests.LevelTitle_JoinsSectorAndNameInUppercase" methodname="LevelTitle_JoinsSectorAndNameInUppercase" classname="TW08.Tests.EditMode.HudTests" runstate="Runnable" seed="1233068127" result="Passed" start-time="2026-08-29 21:35:10Z" end-time="2026-08-29 21:35:10Z" duration="0.000095" asserts="0">
                <properties>
                  <property name="retryIteration" value="0" />
                  <property name="repeatIteration" value="0" />
                </properties>
              </test-case>
              <test-case id="1047" name="MedalLabels_CoverEveryTier" fullname="TW08.Tests.EditMode.HudTests.MedalLabels_CoverEveryTier" methodname="MedalLabels_CoverEveryTier" classname="TW08.Tests.EditMode.HudTests" runstate="Runnable" seed="1102204066" result="Passed" start-time="2026-08-29 21:35:10Z" end-time="2026-08-29 21:35:10Z" duration="0.000172" asserts="0">
                <properties>
                  <property name="retryIteration" value="0" />
                  <property name="repeatIteration" value="0" />
                </properties>
              </test-case>
              <test-case id="1019" name="MoveHistory_LeavesTheNumberForTheAnimatedCounter" fullname="TW08.Tests.EditMode.HudTests.MoveHistory_LeavesTheNumberForTheAnimatedCounter" methodname="MoveHistory_LeavesTheNumberForTheAnimatedCounter" classname="TW08.Tests.EditMode.HudTests" runstate="Runnable" seed="374501959" result="Passed" start-time="2026-08-29 21:35:10Z" end-time="2026-08-29 21:35:10Z" duration="0.000140" asserts="0">
                <properties>
                  <property name="retryIteration" value="0" />
                  <property name="repeatIteration" value="0" />
                </properties>
              </test-case>
              <test-case id="1018" name="MoveSummary_KeepsTheLegacyCompositeLayout" fullname="TW08.Tests.EditMode.HudTests.MoveSummary_KeepsTheLegacyCompositeLayout" methodname="MoveSummary_KeepsTheLegacyCompositeLayout" classname="TW08.Tests.EditMode.HudTests" runstate="Runnable" seed="527989733" result="Passed" start-time="2026-08-29 21:35:10Z" end-time="2026-08-29 21:35:10Z" duration="0.000143" asserts="0">
                <properties>
                  <property name="retryIteration" value="0" />
                  <property name="repeatIteration" value="0" />
                </properties>
              </test-case>
              <test-case id="1020" name="MovesValueFormat_IsUsableByTheCounterTween" fullname="TW08.Tests.EditMode.HudTests.MovesValueFormat_IsUsableByTheCounterTween" methodname="MovesValueFormat_IsUsableByTheCounterTween" classname="TW08.Tests.EditMode.HudTests" runstate="Runnable" seed="1248101339" result="Passed" start-time="2026-08-29 21:35:10Z" end-time="2026-08-29 21:35:10Z" duration="0.000106" asserts="0">
                <properties>
                  <property name="retryIteration" value="0" />
                  <property name="repeatIteration" value="0" />
                </properties>
              </test-case>
              <test-case id="1021" name="NegativeCounters_NeverReachTheScreen" fullname="TW08.Tests.EditMode.HudTests.NegativeCounters_NeverReachTheScreen" methodname="NegativeCounters_NeverReachTheScreen" classname="TW08.Tests.EditMode.HudTests" runstate="Runnable" seed="427861584" result="Passed" start-time="2026-08-29 21:35:10Z" end-time="2026-08-29 21:35:10Z" duration="0.000140" asserts="0">
                <properties>
                  <property name="retryIteration" value="0" />
                  <property name="repeatIteration" value="0" />
                </properties>
              </test-case>
              <test-case id="1024" name="Operator_AlwaysHasAPlaceholder" fullname="TW08.Tests.EditMode.HudTests.Operator_AlwaysHasAPlaceholder" methodname="Operator_AlwaysHasAPlaceholder" classname="TW08.Tests.EditMode.HudTests" runstate="Runnable" seed="2145549218" result="Passed" start-time="2026-08-29 21:35:10Z" end-time="2026-08-29 21:35:10Z" duration="0.000140" asserts="0">
                <properties>
                  <property name="retryIteration" value="0" />
                  <property name="repeatIteration" value="0" />
                </properties>
              </test-case>
              <test-case id="1028" name="Position_ShowsAPlaceholderBeforeTheFirstStanding" fullname="TW08.Tests.EditMode.HudTests.Position_ShowsAPlaceholderBeforeTheFirstStanding" methodname="Position_ShowsAPlaceholderBeforeTheFirstStanding" classname="TW08.Tests.EditMode.HudTests" runstate="Runnable" seed="1358829584" result="Passed" start-time="2026-08-29 21:35:10Z" end-time="2026-08-29 21:35:10Z" duration="0.000150" asserts="0">
                <properties>
                  <property name="retryIteration" value="0" />
                  <property name="repeatIteration" value="0" />
                </properties>
              </test-case>
              <test-case id="1032" name="RankingCopy_DistinguishesCleanFromAssisted" fullname="TW08.Tests.EditMode.HudTests.RankingCopy_DistinguishesCleanFromAssisted" methodname="RankingCopy_DistinguishesCleanFromAssisted" classname="TW08.Tests.EditMode.HudTests" runstate="Runnable" seed="1176961668" result="Passed" start-time="2026-08-29 21:35:10Z" end-time="2026-08-29 21:35:10Z" duration="0.000122" asserts="0">
                <properties>
                  <property name="retryIteration" value="0" />
                  <property name="repeatIteration" value="0" />
                </properties>
              </test-case>
              <test-case id="1048" name="RankingLabel_SaysWhetherTheRunCounts" fullname="TW08.Tests.EditMode.HudTests.RankingLabel_SaysWhetherTheRunCounts" methodname="RankingLabel_SaysWhetherTheRunCounts" classname="TW08.Tests.EditMode.HudTests" runstate="Runnable" seed="1649709752" result="Passed" start-time="2026-08-29 21:35:10Z" end-time="2026-08-29 21:35:10Z" duration="0.000374" asserts="0">
                <properties>
                  <property name="retryIteration" value="0" />
                  <property name="repeatIteration" value="0" />
                </properties>
              </test-case>
              <test-case id="1031" name="Signed_AlwaysShowsTheSignOnTheStatement" fullname="TW08.Tests.EditMode.HudTests.Signed_AlwaysShowsTheSignOnTheStatement" methodname="Signed_AlwaysShowsTheSignOnTheStatement" classname="TW08.Tests.EditMode.HudTests" runstate="Runnable" seed="1097462181" result="Passed" start-time="2026-08-29 21:35:10Z" end-time="2026-08-29 21:35:10Z" duration="0.000344" asserts="0">
                <properties>
                  <property name="retryIteration" value="0" />
                  <property name="repeatIteration" value="0" />
                </properties>
              </test-case>
              <test-case id="1030" name="SpeedReading_StaysNonNegativeForTheCounter" fullname="TW08.Tests.EditMode.HudTests.SpeedReading_StaysNonNegativeForTheCounter" methodname="SpeedReading_StaysNonNegativeForTheCounter" classname="TW08.Tests.EditMode.HudTests" runstate="Runnable" seed="525558803" result="Passed" start-time="2026-08-29 21:35:10Z" end-time="2026-08-29 21:35:10Z" duration="0.002594" asserts="0">
                <properties>
                  <property name="retryIteration" value="0" />
                  <property name="repeatIteration" value="0" />
                </properties>
              </test-case>
              <test-case id="1043" name="Statement_AddsAnExplicitCapLineWhenBonusesOverflow" fullname="TW08.Tests.EditMode.HudTests.Statement_AddsAnExplicitCapLineWhenBonusesOverflow" methodname="Statement_AddsAnExplicitCapLineWhenBonusesOverflow" classname="TW08.Tests.EditMode.HudTests" runstate="Runnable" seed="421986337" result="Passed" start-time="2026-08-29 21:35:10Z" end-time="2026-08-29 21:35:10Z" duration="0.002041" asserts="0">
                <properties>
                  <property name="retryIteration" value="0" />
                  <property name="repeatIteration" value="0" />
                </properties>
              </test-case>
              <test-case id="1042" name="Statement_KeepsEveryLineWhenUnderTheLevelCeiling" fullname="TW08.Tests.EditMode.HudTests.Statement_KeepsEveryLineWhenUnderTheLevelCeiling" methodname="Statement_KeepsEveryLineWhenUnderTheLevelCeiling" classname="TW08.Tests.EditMode.HudTests" runstate="Runnable" seed="829269399" result="Passed" start-time="2026-08-29 21:35:10Z" end-time="2026-08-29 21:35:10Z" duration="0.001669" asserts="0">
                <properties>
                  <property name="retryIteration" value="0" />
                  <property name="repeatIteration" value="0" />
                </properties>
              </test-case>
              <test-case id="1046" name="Statement_LinesCarryTheirSign" fullname="TW08.Tests.EditMode.HudTests.Statement_LinesCarryTheirSign" methodname="Statement_LinesCarryTheirSign" classname="TW08.Tests.EditMode.HudTests" runstate="Runnable" seed="266793621" result="Passed" start-time="2026-08-29 21:35:10Z" end-time="2026-08-29 21:35:10Z" duration="0.000421" asserts="0">
                <properties>
                  <property name="retryIteration" value="0" />
                  <property name="repeatIteration" value="0" />
                </properties>
              </test-case>
              <test-case id="1045" name="Statement_SurvivesAMissingReport" fullname="TW08.Tests.EditMode.HudTests.Statement_SurvivesAMissingReport" methodname="Statement_SurvivesAMissingReport" classname="TW08.Tests.EditMode.HudTests" runstate="Runnable" seed="1818411400" result="Passed" start-time="2026-08-29 21:35:10Z" end-time="2026-08-29 21:35:10Z" duration="0.000503" asserts="0">
                <properties>
                  <property name="retryIteration" value="0" />
                  <property name="repeatIteration" value="0" />
                </properties>
              </test-case>
              <test-case id="1044" name="Statement_VisibleTotalAlwaysMatchesWhatTheEconomyPays" fullname="TW08.Tests.EditMode.HudTests.Statement_VisibleTotalAlwaysMatchesWhatTheEconomyPays" methodname="Statement_VisibleTotalAlwaysMatchesWhatTheEconomyPays" classname="TW08.Tests.EditMode.HudTests" runstate="Runnable" seed="1986689828" result="Passed" start-time="2026-08-29 21:35:10Z" end-time="2026-08-29 21:35:10Z" duration="0.000477" asserts="0">
                <properties>
                  <property name="retryIteration" value="0" />
                  <property name="repeatIteration" value="0" />
                </properties>
              </test-case>
              <test-case id="1039" name="Status_ColorsAreDistinctPerState" fullname="TW08.Tests.EditMode.HudTests.Status_ColorsAreDistinctPerState" methodname="Status_ColorsAreDistinctPerState" classname="TW08.Tests.EditMode.HudTests" runstate="Runnable" seed="1639344605" result="Passed" start-time="2026-08-29 21:35:10Z" end-time="2026-08-29 21:35:10Z" duration="0.000879" asserts="0">
                <properties>
                  <property name="retryIteration" value="0" />
                  <property name="repeatIteration" value="0" />
                </properties>
              </test-case>
              <test-case id="1034" name="Status_CompletionWinsOverDeadlock" fullname="TW08.Tests.EditMode.HudTests.Status_CompletionWinsOverDeadlock" methodname="Status_CompletionWinsOverDeadlock" classname="TW08.Tests.EditMode.HudTests" runstate="Runnable" seed="1823114692" result="Passed" start-time="2026-08-29 21:35:10Z" end-time="2026-08-29 21:35:10Z" duration="0.000128" asserts="0">
                <properties>
                  <property name="retryIteration" value="0" />
                  <property name="repeatIteration" value="0" />
                </properties>
              </test-case>
              <test-case id="1036" name="Status_LabelsMatchTheTerminalCopy" fullname="TW08.Tests.EditMode.HudTests.Status_LabelsMatchTheTerminalCopy" methodname="Status_LabelsMatchTheTerminalCopy" classname="TW08.Tests.EditMode.HudTests" runstate="Runnable" seed="312864826" result="Passed" start-time="2026-08-29 21:35:10Z" end-time="2026-08-29 21:35:10Z" duration="0.000136" asserts="0">
                <properties>
                  <property name="retryIteration" value="0" />
                  <property name="repeatIteration" value="0" />
                </properties>
              </test-case>
              <test-case id="1040" name="Status_MatchesTheRealDeadlockDetectorOnACorneredCrate" fullname="TW08.Tests.EditMode.HudTests.Status_MatchesTheRealDeadlockDetectorOnACorneredCrate" methodname="Status_MatchesTheRealDeadlockDetectorOnACorneredCrate" classname="TW08.Tests.EditMode.HudTests" runstate="Runnable" seed="1704182656" result="Passed" start-time="2026-08-29 21:35:10Z" end-time="2026-08-29 21:35:10Z" duration="0.007643" asserts="0">
                <properties>
                  <property name="retryIteration" value="0" />
                  <property name="repeatIteration" value="0" />
                </properties>
              </test-case>
              <test-case id="1037" name="Status_OnlyDeadlockTriggersTheAlarm" fullname="TW08.Tests.EditMode.HudTests.Status_OnlyDeadlockTriggersTheAlarm" methodname="Status_OnlyDeadlockTriggersTheAlarm" classname="TW08.Tests.EditMode.HudTests" runstate="Runnable" seed="1132596230" result="Passed" start-time="2026-08-29 21:35:10Z" end-time="2026-08-29 21:35:10Z" duration="0.000234" asserts="0">
                <properties>
                  <property name="retryIteration" value="0" />
                  <property name="repeatIteration" value="0" />
                </properties>
              </test-case>
              <test-case id="1041" name="Status_StaysActiveWhileTheCargoCanStillMove" fullname="TW08.Tests.EditMode.HudTests.Status_StaysActiveWhileTheCargoCanStillMove" methodname="Status_StaysActiveWhileTheCargoCanStillMove" classname="TW08.Tests.EditMode.HudTests" runstate="Runnable" seed="1405870938" result="Passed" start-time="2026-08-29 21:35:10Z" end-time="2026-08-29 21:35:10Z" duration="0.000206" asserts="0">
                <properties>
                  <property name="retryIteration" value="0" />
                  <property name="repeatIteration" value="0" />
                </properties>
              </test-case>
              <test-case id="1035" name="Status_WithoutABoardIsUnavailable" fullname="TW08.Tests.EditMode.HudTests.Status_WithoutABoardIsUnavailable" methodname="Status_WithoutABoardIsUnavailable" classname="TW08.Tests.EditMode.HudTests" runstate="Runnable" seed="772615230" result="Passed" start-time="2026-08-29 21:35:10Z" end-time="2026-08-29 21:35:10Z" duration="0.000112" asserts="0">
                <properties>
                  <property name="retryIteration" value="0" />
                  <property name="repeatIteration" value="0" />
                </properties>
              </test-case>
              <test-case id="1025" name="Time_UsesInvariantSeparatorsAndPadding" fullname="TW08.Tests.EditMode.HudTests.Time_UsesInvariantSeparatorsAndPadding" methodname="Time_UsesInvariantSeparatorsAndPadding" classname="TW08.Tests.EditMode.HudTests" runstate="Runnable" seed="8325921" result="Passed" start-time="2026-08-29 21:35:10Z" end-time="2026-08-29 21:35:10Z" duration="0.000112" asserts="0">
                <properties>
                  <property name="retryIteration" value="0" />
                  <property name="repeatIteration" value="0" />
                </properties>
              </test-case>
              <test-case id="1049" name="VisibleLineCount_NeverExceedsTheSlotsBuiltIntoTheScene" fullname="TW08.Tests.EditMode.HudTests.VisibleLineCount_NeverExceedsTheSlotsBuiltIntoTheScene" methodname="VisibleLineCount_NeverExceedsTheSlotsBuiltIntoTheScene" classname="TW08.Tests.EditMode.HudTests" runstate="Runnable" seed="71957215" result="Passed" start-time="2026-08-29 21:35:10Z" end-time="2026-08-29 21:35:10Z" duration="0.000302" asserts="0">
                <properties>
                  <property name="retryIteration" value="0" />
                  <property name="repeatIteration" value="0" />
                </properties>
              </test-case>
            </test-suite>
            <test-suite type="TestFixture" id="1050" name="MenuTests" fullname="TW08.Tests.EditMode.MenuTests" classname="TW08.Tests.EditMode.MenuTests" runstate="Runnable" testcasecount="16" result="Passed" start-time="2026-08-29 21:35:10Z" end-time="2026-08-29 21:35:10Z" duration="0.008331" total="16" passed="16" failed="0" inconclusive="0" skipped="0" asserts="0">
              <properties />
              <test-case id="1055" name="CardTint_MedalOutranksTheNextLevelHighlight" fullname="TW08.Tests.EditMode.MenuTests.CardTint_MedalOutranksTheNextLevelHighlight" methodname="CardTint_MedalOutranksTheNextLevelHighlight" classname="TW08.Tests.EditMode.MenuTests" runstate="Runnable" seed="352578234" result="Passed" start-time="2026-08-29 21:35:10Z" end-time="2026-08-29 21:35:10Z" duration="0.000381" asserts="0">
                <properties>
                  <property name="retryIteration" value="0" />
                  <property name="repeatIteration" value="0" />
                </properties>
              </test-case>
              <test-case id="1056" name="CardTint_UnplayedNextLevelIsHighlighted" fullname="TW08.Tests.EditMode.MenuTests.CardTint_UnplayedNextLevelIsHighlighted" methodname="CardTint_UnplayedNextLevelIsHighlighted" classname="TW08.Tests.EditMode.MenuTests" runstate="Runnable" seed="49825057" result="Passed" start-time="2026-08-29 21:35:10Z" end-time="2026-08-29 21:35:10Z" duration="0.000150" asserts="0">
                <properties>
                  <property name="retryIteration" value="0" />
                  <property name="repeatIteration" value="0" />
                </properties>
              </test-case>
              <test-case id="1062" name="Credits_LoopOfZeroKeepsTheTextStill" fullname="TW08.Tests.EditMode.MenuTests.Credits_LoopOfZeroKeepsTheTextStill" methodname="Credits_LoopOfZeroKeepsTheTextStill" classname="TW08.Tests.EditMode.MenuTests" runstate="Runnable" seed="173957935" result="Passed" start-time="2026-08-29 21:35:10Z" end-time="2026-08-29 21:35:10Z" duration="0.000744" asserts="0">
                <properties>
                  <property name="retryIteration" value="0" />
                  <property name="repeatIteration" value="0" />
                </properties>
              </test-case>
              <test-case id="1061" name="Credits_ScrollWrapsAroundInsteadOfRunningOff" fullname="TW08.Tests.EditMode.MenuTests.Credits_ScrollWrapsAroundInsteadOfRunningOff" methodname="Credits_ScrollWrapsAroundInsteadOfRunningOff" classname="TW08.Tests.EditMode.MenuTests" runstate="Runnable" seed="1967301014" result="Passed" start-time="2026-08-29 21:35:10Z" end-time="2026-08-29 21:35:10Z" duration="0.000101" asserts="0">
                <properties>
                  <property name="retryIteration" value="0" />
                  <property name="repeatIteration" value="0" />
                </properties>
              </test-case>
              <test-case id="1052" name="LevelCard_DistinguishesLockedFromUnplayed" fullname="TW08.Tests.EditMode.MenuTests.LevelCard_DistinguishesLockedFromUnplayed" methodname="LevelCard_DistinguishesLockedFromUnplayed" classname="TW08.Tests.EditMode.MenuTests" runstate="Runnable" seed="1291674642" result="Passed" start-time="2026-08-29 21:35:10Z" end-time="2026-08-29 21:35:10Z" duration="0.000831" asserts="0">
                <properties>
                  <property name="retryIteration" value="0" />
                  <property name="repeatIteration" value="0" />
                </properties>
              </test-case>
              <test-case id="1054" name="LevelCard_EmptySlotStaysNeutral" fullname="TW08.Tests.EditMode.MenuTests.LevelCard_EmptySlotStaysNeutral" methodname="LevelCard_EmptySlotStaysNeutral" classname="TW08.Tests.EditMode.MenuTests" runstate="Runnable" seed="487368684" result="Passed" start-time="2026-08-29 21:35:10Z" end-time="2026-08-29 21:35:10Z" duration="0.000124" asserts="0">
                <properties>
                  <property name="retryIteration" value="0" />
                  <property name="repeatIteration" value="0" />
                </properties>
              </test-case>
              <test-case id="1053" name="LevelCard_FallsBackToAGenericNameWhenTheLevelHasNone" fullname="TW08.Tests.EditMode.MenuTests.LevelCard_FallsBackToAGenericNameWhenTheLevelHasNone" methodname="LevelCard_FallsBackToAGenericNameWhenTheLevelHasNone" classname="TW08.Tests.EditMode.MenuTests" runstate="Runnable" seed="1845170964" result="Passed" start-time="2026-08-29 21:35:10Z" end-time="2026-08-29 21:35:10Z" duration="0.000093" asserts="0">
                <properties>
                  <property name="retryIteration" value="0" />
                  <property name="repeatIteration" value="0" />
                </properties>
              </test-case>
              <test-case id="1051" name="LevelCard_ShowsBestRunOnceTheLevelWasCleared" fullname="TW08.Tests.EditMode.MenuTests.LevelCard_ShowsBestRunOnceTheLevelWasCleared" methodname="LevelCard_ShowsBestRunOnceTheLevelWasCleared" classname="TW08.Tests.EditMode.MenuTests" runstate="Runnable" seed="1440975656" result="Passed" start-time="2026-08-29 21:35:10Z" end-time="2026-08-29 21:35:10Z" duration="0.000108" asserts="0">
                <properties>
                  <property name="retryIteration" value="0" />
                  <property name="repeatIteration" value="0" />
                </properties>
              </test-case>
              <test-case id="1057" name="Scroll_DoesNotMoveWhenTheItemIsAlreadyFramed" fullname="TW08.Tests.EditMode.MenuTests.Scroll_DoesNotMoveWhenTheItemIsAlreadyFramed" methodname="Scroll_DoesNotMoveWhenTheItemIsAlreadyFramed" classname="TW08.Tests.EditMode.MenuTests" runstate="Runnable" seed="684735713" result="Passed" start-time="2026-08-29 21:35:10Z" end-time="2026-08-29 21:35:10Z" duration="0.000143" asserts="0">
                <properties>
                  <property name="retryIteration" value="0" />
                  <property name="repeatIteration" value="0" />
                </properties>
              </test-case>
              <test-case id="1059" name="Scroll_NormalizedPositionIsInvertedAndClamped" fullname="TW08.Tests.EditMode.MenuTests.Scroll_NormalizedPositionIsInvertedAndClamped" methodname="Scroll_NormalizedPositionIsInvertedAndClamped" classname="TW08.Tests.EditMode.MenuTests" runstate="Runnable" seed="158287601" result="Passed" start-time="2026-08-29 21:35:10Z" end-time="2026-08-29 21:35:10Z" duration="0.000137" asserts="0">
                <properties>
                  <property name="retryIteration" value="0" />
                  <property name="repeatIteration" value="0" />
                </properties>
              </test-case>
              <test-case id="1058" name="Scroll_PullsTheViewportToReachItemsAboveAndBelow" fullname="TW08.Tests.EditMode.MenuTests.Scroll_PullsTheViewportToReachItemsAboveAndBelow" methodname="Scroll_PullsTheViewportToReachItemsAboveAndBelow" classname="TW08.Tests.EditMode.MenuTests" runstate="Runnable" seed="1884411424" result="Passed" start-time="2026-08-29 21:35:10Z" end-time="2026-08-29 21:35:10Z" duration="0.000123" asserts="0">
                <properties>
                  <property name="retryIteration" value="0" />
                  <property name="repeatIteration" value="0" />
                </properties>
              </test-case>
              <test-case id="1060" name="Scroll_SurvivesContentShorterThanTheViewport" fullname="TW08.Tests.EditMode.MenuTests.Scroll_SurvivesContentShorterThanTheViewport" methodname="Scroll_SurvivesContentShorterThanTheViewport" classname="TW08.Tests.EditMode.MenuTests" runstate="Runnable" seed="251894581" result="Passed" start-time="2026-08-29 21:35:10Z" end-time="2026-08-29 21:35:10Z" duration="0.000739" asserts="0">
                <properties>
                  <property name="retryIteration" value="0" />
                  <property name="repeatIteration" value="0" />
                </properties>
              </test-case>
              <test-case id="1063" name="Shop_AffordabilityAndShortfall" fullname="TW08.Tests.EditMode.MenuTests.Shop_AffordabilityAndShortfall" methodname="Shop_AffordabilityAndShortfall" classname="TW08.Tests.EditMode.MenuTests" runstate="Runnable" seed="1646003044" result="Passed" start-time="2026-08-29 21:35:10Z" end-time="2026-08-29 21:35:10Z" duration="0.002380" asserts="0">
                <properties>
                  <property name="retryIteration" value="0" />
                  <property name="repeatIteration" value="0" />
                </properties>
              </test-case>
              <test-case id="1064" name="Shop_EquipRequiresStockUnlessAlreadyEquipped" fullname="TW08.Tests.EditMode.MenuTests.Shop_EquipRequiresStockUnlessAlreadyEquipped" methodname="Shop_EquipRequiresStockUnlessAlreadyEquipped" classname="TW08.Tests.EditMode.MenuTests" runstate="Runnable" seed="1756518993" result="Passed" start-time="2026-08-29 21:35:10Z" end-time="2026-08-29 21:35:10Z" duration="0.000101" asserts="0">
                <properties>
                  <property name="retryIteration" value="0" />
                  <property name="repeatIteration" value="0" />
                </properties>
              </test-case>
              <test-case id="1066" name="Shop_LabelsReadAsTheTerminalWouldPrintThem" fullname="TW08.Tests.EditMode.MenuTests.Shop_LabelsReadAsTheTerminalWouldPrintThem" methodname="Shop_LabelsReadAsTheTerminalWouldPrintThem" classname="TW08.Tests.EditMode.MenuTests" runstate="Runnable" seed="794594224" result="Passed" start-time="2026-08-29 21:35:10Z" end-time="2026-08-29 21:35:10Z" duration="0.000317" asserts="0">
                <properties>
                  <property name="retryIteration" value="0" />
                  <property name="repeatIteration" value="0" />
                </properties>
              </test-case>
              <test-case id="1065" name="Shop_SlotLimitBlocksTheThirdTool" fullname="TW08.Tests.EditMode.MenuTests.Shop_SlotLimitBlocksTheThirdTool" methodname="Shop_SlotLimitBlocksTheThirdTool" classname="TW08.Tests.EditMode.MenuTests" runstate="Runnable" seed="1627313622" result="Passed" start-time="2026-08-29 21:35:10Z" end-time="2026-08-29 21:35:10Z" duration="0.000163" asserts="0">
                <properties>
                  <property name="retryIteration" value="0" />
                  <property name="repeatIteration" value="0" />
                </properties>
              </test-case>
            </test-suite>
            <test-suite type="TestFixture" id="1067" name="NarrativeTests" fullname="TW08.Tests.EditMode.NarrativeTests" classname="TW08.Tests.EditMode.NarrativeTests" runstate="Runnable" testcasecount="21" result="Passed" start-time="2026-08-29 21:35:10Z" end-time="2026-08-29 21:35:10Z" duration="0.016985" total="21" passed="21" failed="0" inconclusive="0" skipped="0" asserts="0">
              <properties />
              <test-case id="1077" name="Catalog_FallsBackToTheNextCandidateWhenThePreferredOneIsNotEligible" fullname="TW08.Tests.EditMode.NarrativeTests.Catalog_FallsBackToTheNextCandidateWhenThePreferredOneIsNotEligible" methodname="Catalog_FallsBackToTheNextCandidateWhenThePreferredOneIsNotEligible" classname="TW08.Tests.EditMode.NarrativeTests" runstate="Runnable" seed="427697468" result="Passed" start-time="2026-08-29 21:35:10Z" end-time="2026-08-29 21:35:10Z" duration="0.004609" asserts="0">
                <properties>
                  <property name="retryIteration" value="0" />
                  <property name="repeatIteration" value="0" />
                </properties>
              </test-case>
              <test-case id="1079" name="Catalog_FindLocatesBySequenceIdIgnoringCase" fullname="TW08.Tests.EditMode.NarrativeTests.Catalog_FindLocatesBySequenceIdIgnoringCase" methodname="Catalog_FindLocatesBySequenceIdIgnoringCase" classname="TW08.Tests.EditMode.NarrativeTests" runstate="Runnable" seed="1653503057" result="Passed" start-time="2026-08-29 21:35:10Z" end-time="2026-08-29 21:35:10Z" duration="0.000575" asserts="0">
                <properties>
                  <property name="retryIteration" value="0" />
                  <property name="repeatIteration" value="0" />
                </properties>
              </test-case>
              <test-case id="1078" name="Catalog_IgnoresNullEntriesAndSequencesWithoutLines" fullname="TW08.Tests.EditMode.NarrativeTests.Catalog_IgnoresNullEntriesAndSequencesWithoutLines" methodname="Catalog_IgnoresNullEntriesAndSequencesWithoutLines" classname="TW08.Tests.EditMode.NarrativeTests" runstate="Runnable" seed="111921008" result="Passed" start-time="2026-08-29 21:35:10Z" end-time="2026-08-29 21:35:10Z" duration="0.000443" asserts="0">
                <properties>
                  <property name="retryIteration" value="0" />
                  <property name="repeatIteration" value="0" />
                </properties>
              </test-case>
              <test-case id="1076" name="Catalog_PrefersTheLevelSpecificSequenceOverTheSectorOne" fullname="TW08.Tests.EditMode.NarrativeTests.Catalog_PrefersTheLevelSpecificSequenceOverTheSectorOne" methodname="Catalog_PrefersTheLevelSpecificSequenceOverTheSectorOne" classname="TW08.Tests.EditMode.NarrativeTests" runstate="Runnable" seed="1468099249" result="Passed" start-time="2026-08-29 21:35:10Z" end-time="2026-08-29 21:35:10Z" duration="0.000349" asserts="0">
                <properties>
                  <property name="retryIteration" value="0" />
                  <property name="repeatIteration" value="0" />
                </properties>
              </test-case>
              <test-case id="1071" name="Matching_EmptyFilterActsAsAWildcard" fullname="TW08.Tests.EditMode.NarrativeTests.Matching_EmptyFilterActsAsAWildcard" methodname="Matching_EmptyFilterActsAsAWildcard" classname="TW08.Tests.EditMode.NarrativeTests" runstate="Runnable" seed="407398119" result="Passed" start-time="2026-08-29 21:35:10Z" end-time="2026-08-29 21:35:10Z" duration="0.000188" asserts="0">
                <properties>
                  <property name="retryIteration" value="0" />
                  <property name="repeatIteration" value="0" />
                </properties>
              </test-case>
              <test-case id="1072" name="Matching_IsCaseAndWhitespaceInsensitive" fullname="TW08.Tests.EditMode.NarrativeTests.Matching_IsCaseAndWhitespaceInsensitive" methodname="Matching_IsCaseAndWhitespaceInsensitive" classname="TW08.Tests.EditMode.NarrativeTests" runstate="Runnable" seed="349343806" result="Passed" start-time="2026-08-29 21:35:10Z" end-time="2026-08-29 21:35:10Z" duration="0.000168" asserts="0">
                <properties>
                  <property name="retryIteration" value="0" />
                  <property name="repeatIteration" value="0" />
                </properties>
              </test-case>
              <test-case id="1075" name="Matching_LevelFilterOutweighsSectorFilter" fullname="TW08.Tests.EditMode.NarrativeTests.Matching_LevelFilterOutweighsSectorFilter" methodname="Matching_LevelFilterOutweighsSectorFilter" classname="TW08.Tests.EditMode.NarrativeTests" runstate="Runnable" seed="406518272" result="Passed" start-time="2026-08-29 21:35:10Z" end-time="2026-08-29 21:35:10Z" duration="0.000185" asserts="0">
                <properties>
                  <property name="retryIteration" value="0" />
                  <property name="repeatIteration" value="0" />
                </properties>
              </test-case>
              <test-case id="1074" name="Matching_ManualNeverFiresByContext" fullname="TW08.Tests.EditMode.NarrativeTests.Matching_ManualNeverFiresByContext" methodname="Matching_ManualNeverFiresByContext" classname="TW08.Tests.EditMode.NarrativeTests" runstate="Runnable" seed="680086855" result="Passed" start-time="2026-08-29 21:35:10Z" end-time="2026-08-29 21:35:10Z" duration="0.000168" asserts="0">
                <properties>
                  <property name="retryIteration" value="0" />
                  <property name="repeatIteration" value="0" />
                </properties>
              </test-case>
              <test-case id="1073" name="Matching_RejectsAnotherSectorAnotherLevelAndAnotherMoment" fullname="TW08.Tests.EditMode.NarrativeTests.Matching_RejectsAnotherSectorAnotherLevelAndAnotherMoment" methodname="Matching_RejectsAnotherSectorAnotherLevelAndAnotherMoment" classname="TW08.Tests.EditMode.NarrativeTests" runstate="Runnable" seed="1885400266" result="Passed" start-time="2026-08-29 21:35:10Z" end-time="2026-08-29 21:35:10Z" duration="0.000229" asserts="0">
                <properties>
                  <property name="retryIteration" value="0" />
                  <property name="repeatIteration" value="0" />
                </properties>
              </test-case>
              <test-case id="1070" name="Playback_RewindReturnsToTheFirstUsableLine" fullname="TW08.Tests.EditMode.NarrativeTests.Playback_RewindReturnsToTheFirstUsableLine" methodname="Playback_RewindReturnsToTheFirstUsableLine" classname="TW08.Tests.EditMode.NarrativeTests" runstate="Runnable" seed="863154646" result="Passed" start-time="2026-08-29 21:35:10Z" end-time="2026-08-29 21:35:10Z" duration="0.000485" asserts="0">
                <properties>
                  <property name="retryIteration" value="0" />
                  <property name="repeatIteration" value="0" />
                </properties>
              </test-case>
              <test-case id="1068" name="Playback_SkipsBlankLinesAndStopsAtTheEnd" fullname="TW08.Tests.EditMode.NarrativeTests.Playback_SkipsBlankLinesAndStopsAtTheEnd" methodname="Playback_SkipsBlankLinesAndStopsAtTheEnd" classname="TW08.Tests.EditMode.NarrativeTests" runstate="Runnable" seed="1154419569" result="Passed" start-time="2026-08-29 21:35:10Z" end-time="2026-08-29 21:35:10Z" duration="0.000250" asserts="0">
                <properties>
                  <property name="retryIteration" value="0" />
                  <property name="repeatIteration" value="0" />
                </properties>
              </test-case>
              <test-case id="1069" name="Playback_WithoutUsableContentIsFinishedImmediately" fullname="TW08.Tests.EditMode.NarrativeTests.Playback_WithoutUsableContentIsFinishedImmediately" methodname="Playback_WithoutUsableContentIsFinishedImmediately" classname="TW08.Tests.EditMode.NarrativeTests" runstate="Runnable" seed="242395903" result="Passed" start-time="2026-08-29 21:35:10Z" end-time="2026-08-29 21:35:10Z" duration="0.000200" asserts="0">
                <properties>
                  <property name="retryIteration" value="0" />
                  <property name="repeatIteration" value="0" />
                </properties>
              </test-case>
              <test-case id="1086" name="PlayOnce_ResetPutsTheSequenceBackInRotation" fullname="TW08.Tests.EditMode.NarrativeTests.PlayOnce_ResetPutsTheSequenceBackInRotation" methodname="PlayOnce_ResetPutsTheSequenceBackInRotation" classname="TW08.Tests.EditMode.NarrativeTests" runstate="Runnable" seed="568882146" result="Passed" start-time="2026-08-29 21:35:10Z" end-time="2026-08-29 21:35:10Z" duration="0.001610" asserts="0">
                <properties>
                  <property name="retryIteration" value="0" />
                  <property name="repeatIteration" value="0" />
                </properties>
              </test-case>
              <test-case id="1085" name="PlayOnce_SurvivesAcrossServiceInstances" fullname="TW08.Tests.EditMode.NarrativeTests.PlayOnce_SurvivesAcrossServiceInstances" methodname="PlayOnce_SurvivesAcrossServiceInstances" classname="TW08.Tests.EditMode.NarrativeTests" runstate="Runnable" seed="1718198234" result="Passed" start-time="2026-08-29 21:35:10Z" end-time="2026-08-29 21:35:10Z" duration="0.000915" asserts="0">
                <properties>
                  <property name="retryIteration" value="0" />
                  <property name="repeatIteration" value="0" />
                </properties>
              </test-case>
              <test-case id="1087" name="RepeatableSequence_IgnoresTheAlreadyPlayedMark" fullname="TW08.Tests.EditMode.NarrativeTests.RepeatableSequence_IgnoresTheAlreadyPlayedMark" methodname="RepeatableSequence_IgnoresTheAlreadyPlayedMark" classname="TW08.Tests.EditMode.NarrativeTests" runstate="Runnable" seed="1056183937" result="Passed" start-time="2026-08-29 21:35:10Z" end-time="2026-08-29 21:35:10Z" duration="0.000457" asserts="0">
                <properties>
                  <property name="retryIteration" value="0" />
                  <property name="repeatIteration" value="0" />
                </properties>
              </test-case>
              <test-case id="1088" name="Sequence_UsesTheLineSpeedWhenItOverridesTheDefault" fullname="TW08.Tests.EditMode.NarrativeTests.Sequence_UsesTheLineSpeedWhenItOverridesTheDefault" methodname="Sequence_UsesTheLineSpeedWhenItOverridesTheDefault" classname="TW08.Tests.EditMode.NarrativeTests" runstate="Runnable" seed="1129455116" result="Passed" start-time="2026-08-29 21:35:10Z" end-time="2026-08-29 21:35:10Z" duration="0.000373" asserts="0">
                <properties>
                  <property name="retryIteration" value="0" />
                  <property name="repeatIteration" value="0" />
                </properties>
              </test-case>
              <test-case id="1084" name="Service_HandlesNullAndEmptySequencesWithoutThrowing" fullname="TW08.Tests.EditMode.NarrativeTests.Service_HandlesNullAndEmptySequencesWithoutThrowing" methodname="Service_HandlesNullAndEmptySequencesWithoutThrowing" classname="TW08.Tests.EditMode.NarrativeTests" runstate="Runnable" seed="85754286" result="Passed" start-time="2026-08-29 21:35:10Z" end-time="2026-08-29 21:35:10Z" duration="0.000488" asserts="0">
                <properties>
                  <property name="retryIteration" value="0" />
                  <property name="repeatIteration" value="0" />
                </properties>
              </test-case>
              <test-case id="1082" name="Service_QueueChainsTheOpeningIntoTheSectorEntry" fullname="TW08.Tests.EditMode.NarrativeTests.Service_QueueChainsTheOpeningIntoTheSectorEntry" methodname="Service_QueueChainsTheOpeningIntoTheSectorEntry" classname="TW08.Tests.EditMode.NarrativeTests" runstate="Runnable" seed="2134081259" result="Passed" start-time="2026-08-29 21:35:10Z" end-time="2026-08-29 21:35:10Z" duration="0.000835" asserts="0">
                <properties>
                  <property name="retryIteration" value="0" />
                  <property name="repeatIteration" value="0" />
                </properties>
              </test-case>
              <test-case id="1081" name="Service_RefusesASecondSequenceWhileOneIsOnScreen" fullname="TW08.Tests.EditMode.NarrativeTests.Service_RefusesASecondSequenceWhileOneIsOnScreen" methodname="Service_RefusesASecondSequenceWhileOneIsOnScreen" classname="TW08.Tests.EditMode.NarrativeTests" runstate="Runnable" seed="167534255" result="Passed" start-time="2026-08-29 21:35:10Z" end-time="2026-08-29 21:35:10Z" duration="0.000381" asserts="0">
                <properties>
                  <property name="retryIteration" value="0" />
                  <property name="repeatIteration" value="0" />
                </properties>
              </test-case>
              <test-case id="1083" name="Service_SkipAllDropsTheQueueAndClosesTheScene" fullname="TW08.Tests.EditMode.NarrativeTests.Service_SkipAllDropsTheQueueAndClosesTheScene" methodname="Service_SkipAllDropsTheQueueAndClosesTheScene" classname="TW08.Tests.EditMode.NarrativeTests" runstate="Runnable" seed="1465910344" result="Passed" start-time="2026-08-29 21:35:10Z" end-time="2026-08-29 21:35:10Z" duration="0.000798" asserts="0">
                <properties>
                  <property name="retryIteration" value="0" />
                  <property name="repeatIteration" value="0" />
                </properties>
              </test-case>
              <test-case id="1080" name="Service_WalksEveryLineAndThenCompletes" fullname="TW08.Tests.EditMode.NarrativeTests.Service_WalksEveryLineAndThenCompletes" methodname="Service_WalksEveryLineAndThenCompletes" classname="TW08.Tests.EditMode.NarrativeTests" runstate="Runnable" seed="1850554855" result="Passed" start-time="2026-08-29 21:35:10Z" end-time="2026-08-29 21:35:10Z" duration="0.000682" asserts="0">
                <properties>
                  <property name="retryIteration" value="0" />
                  <property name="repeatIteration" value="0" />
                </properties>
              </test-case>
            </test-suite>
            <test-suite type="TestFixture" id="1089" name="PatrolMechanicsTests" fullname="TW08.Tests.EditMode.PatrolMechanicsTests" classname="TW08.Tests.EditMode.PatrolMechanicsTests" runstate="Runnable" testcasecount="10" result="Passed" start-time="2026-08-29 21:35:10Z" end-time="2026-08-29 21:35:10Z" duration="0.009056" total="10" passed="10" failed="0" inconclusive="0" skipped="0" asserts="0">
              <properties />
              <test-case id="1099" name="BoardWithoutPatrolsKeepsTheOldBehaviour" fullname="TW08.Tests.EditMode.PatrolMechanicsTests.BoardWithoutPatrolsKeepsTheOldBehaviour" methodname="BoardWithoutPatrolsKeepsTheOldBehaviour" classname="TW08.Tests.EditMode.PatrolMechanicsTests" runstate="Runnable" seed="1199486280" result="Passed" start-time="2026-08-29 21:35:10Z" end-time="2026-08-29 21:35:10Z" duration="0.002926" asserts="0">
                <properties>
                  <property name="retryIteration" value="0" />
                  <property name="repeatIteration" value="0" />
                </properties>
              </test-case>
              <test-case id="1095" name="CommandClockDrivesTheRobotAndUndoRewindsIt" fullname="TW08.Tests.EditMode.PatrolMechanicsTests.CommandClockDrivesTheRobotAndUndoRewindsIt" methodname="CommandClockDrivesTheRobotAndUndoRewindsIt" classname="TW08.Tests.EditMode.PatrolMechanicsTests" runstate="Runnable" seed="1622063704" result="Passed" start-time="2026-08-29 21:35:10Z" end-time="2026-08-29 21:35:10Z" duration="0.001142" asserts="0">
                <properties>
                  <property name="retryIteration" value="0" />
                  <property name="repeatIteration" value="0" />
                </properties>
              </test-case>
              <test-case id="1092" name="MoveIsRefusedWhenItWouldEndInsideTheRobot" fullname="TW08.Tests.EditMode.PatrolMechanicsTests.MoveIsRefusedWhenItWouldEndInsideTheRobot" methodname="MoveIsRefusedWhenItWouldEndInsideTheRobot" classname="TW08.Tests.EditMode.PatrolMechanicsTests" runstate="Runnable" seed="1567807953" result="Passed" start-time="2026-08-29 21:35:10Z" end-time="2026-08-29 21:35:10Z" duration="0.000263" asserts="0">
                <properties>
                  <property name="retryIteration" value="0" />
                  <property name="repeatIteration" value="0" />
                </properties>
              </test-case>
              <test-case id="1091" name="NegativeStepStillLandsOnTheRoute" fullname="TW08.Tests.EditMode.PatrolMechanicsTests.NegativeStepStillLandsOnTheRoute" methodname="NegativeStepStillLandsOnTheRoute" classname="TW08.Tests.EditMode.PatrolMechanicsTests" runstate="Runnable" seed="826240711" result="Passed" start-time="2026-08-29 21:35:10Z" end-time="2026-08-29 21:35:10Z" duration="0.000161" asserts="0">
                <properties>
                  <property name="retryIteration" value="0" />
                  <property name="repeatIteration" value="0" />
                </properties>
              </test-case>
              <test-case id="1098" name="RobotLeavesCargoAloneWhenTheOriginIsOccupied" fullname="TW08.Tests.EditMode.PatrolMechanicsTests.RobotLeavesCargoAloneWhenTheOriginIsOccupied" methodname="RobotLeavesCargoAloneWhenTheOriginIsOccupied" classname="TW08.Tests.EditMode.PatrolMechanicsTests" runstate="Runnable" seed="312608157" result="Passed" start-time="2026-08-29 21:35:10Z" end-time="2026-08-29 21:35:10Z" duration="0.000358" asserts="0">
                <properties>
                  <property name="retryIteration" value="0" />
                  <property name="repeatIteration" value="0" />
                </properties>
              </test-case>
              <test-case id="1094" name="RobotNoLongerBlocksCargoItCollectsIt" fullname="TW08.Tests.EditMode.PatrolMechanicsTests.RobotNoLongerBlocksCargoItCollectsIt" methodname="RobotNoLongerBlocksCargoItCollectsIt" classname="TW08.Tests.EditMode.PatrolMechanicsTests" runstate="Runnable" seed="1549171016" result="Passed" start-time="2026-08-29 21:35:10Z" end-time="2026-08-29 21:35:10Z" duration="0.001254" asserts="0">
                <properties>
                  <property name="retryIteration" value="0" />
                  <property name="repeatIteration" value="0" />
                </properties>
              </test-case>
              <test-case id="1096" name="RobotReturnsCargoToWhereItStarted" fullname="TW08.Tests.EditMode.PatrolMechanicsTests.RobotReturnsCargoToWhereItStarted" methodname="RobotReturnsCargoToWhereItStarted" classname="TW08.Tests.EditMode.PatrolMechanicsTests" runstate="Runnable" seed="673029409" result="Passed" start-time="2026-08-29 21:35:10Z" end-time="2026-08-29 21:35:10Z" duration="0.000519" asserts="0">
                <properties>
                  <property name="retryIteration" value="0" />
                  <property name="repeatIteration" value="0" />
                </properties>
              </test-case>
              <test-case id="1090" name="RouteWrapsAroundAndRepeats" fullname="TW08.Tests.EditMode.PatrolMechanicsTests.RouteWrapsAroundAndRepeats" methodname="RouteWrapsAroundAndRepeats" classname="TW08.Tests.EditMode.PatrolMechanicsTests" runstate="Runnable" seed="900368666" result="Passed" start-time="2026-08-29 21:35:10Z" end-time="2026-08-29 21:35:10Z" duration="0.000232" asserts="0">
                <properties>
                  <property name="retryIteration" value="0" />
                  <property name="repeatIteration" value="0" />
                </properties>
              </test-case>
              <test-case id="1093" name="SameCellIsFreeOnceTheRobotHasMovedOn" fullname="TW08.Tests.EditMode.PatrolMechanicsTests.SameCellIsFreeOnceTheRobotHasMovedOn" methodname="SameCellIsFreeOnceTheRobotHasMovedOn" classname="TW08.Tests.EditMode.PatrolMechanicsTests" runstate="Runnable" seed="2021906116" result="Passed" start-time="2026-08-29 21:35:10Z" end-time="2026-08-29 21:35:10Z" duration="0.000199" asserts="0">
                <properties>
                  <property name="retryIteration" value="0" />
                  <property name="repeatIteration" value="0" />
                </properties>
              </test-case>
              <test-case id="1097" name="UndoRestoresCargoTheRobotTookAway" fullname="TW08.Tests.EditMode.PatrolMechanicsTests.UndoRestoresCargoTheRobotTookAway" methodname="UndoRestoresCargoTheRobotTookAway" classname="TW08.Tests.EditMode.PatrolMechanicsTests" runstate="Runnable" seed="582234998" result="Passed" start-time="2026-08-29 21:35:10Z" end-time="2026-08-29 21:35:10Z" duration="0.000326" asserts="0">
                <properties>
                  <property name="retryIteration" value="0" />
                  <property name="repeatIteration" value="0" />
                </properties>
              </test-case>
            </test-suite>
            <test-suite type="TestFixture" id="1100" name="PuzzleAdvancedMechanicsTests" fullname="TW08.Tests.EditMode.PuzzleAdvancedMechanicsTests" classname="TW08.Tests.EditMode.PuzzleAdvancedMechanicsTests" runstate="Runnable" testcasecount="4" result="Passed" start-time="2026-08-29 21:35:10Z" end-time="2026-08-29 21:35:10Z" duration="0.003992" total="4" passed="4" failed="0" inconclusive="0" skipped="0" asserts="0">
              <properties />
              <test-case id="1101" name="CostlyCellAddsTwoMovesAndUndoRestoresScore" fullname="TW08.Tests.EditMode.PuzzleAdvancedMechanicsTests.CostlyCellAddsTwoMovesAndUndoRestoresScore" methodname="CostlyCellAddsTwoMovesAndUndoRestoresScore" classname="TW08.Tests.EditMode.PuzzleAdvancedMechanicsTests" runstate="Runnable" seed="881416881" result="Passed" start-time="2026-08-29 21:35:10Z" end-time="2026-08-29 21:35:10Z" duration="0.000538" asserts="0">
                <properties>
                  <property name="retryIteration" value="0" />
                  <property name="repeatIteration" value="0" />
                </properties>
              </test-case>
              <test-case id="1102" name="DynamicDoorBlocksAndUnblocksMovement" fullname="TW08.Tests.EditMode.PuzzleAdvancedMechanicsTests.DynamicDoorBlocksAndUnblocksMovement" methodname="DynamicDoorBlocksAndUnblocksMovement" classname="TW08.Tests.EditMode.PuzzleAdvancedMechanicsTests" runstate="Runnable" seed="1968751512" result="Passed" start-time="2026-08-29 21:35:10Z" end-time="2026-08-29 21:35:10Z" duration="0.000521" asserts="0">
                <properties>
                  <property name="retryIteration" value="0" />
                  <property name="repeatIteration" value="0" />
                </properties>
              </test-case>
              <test-case id="1104" name="TypedDockAcceptsMatchingCargoKind" fullname="TW08.Tests.EditMode.PuzzleAdvancedMechanicsTests.TypedDockAcceptsMatchingCargoKind" methodname="TypedDockAcceptsMatchingCargoKind" classname="TW08.Tests.EditMode.PuzzleAdvancedMechanicsTests" runstate="Runnable" seed="122436802" result="Passed" start-time="2026-08-29 21:35:10Z" end-time="2026-08-29 21:35:10Z" duration="0.001881" asserts="0">
                <properties>
                  <property name="retryIteration" value="0" />
                  <property name="repeatIteration" value="0" />
                </properties>
              </test-case>
              <test-case id="1103" name="TypedDockRejectsWrongCargoKind" fullname="TW08.Tests.EditMode.PuzzleAdvancedMechanicsTests.TypedDockRejectsWrongCargoKind" methodname="TypedDockRejectsWrongCargoKind" classname="TW08.Tests.EditMode.PuzzleAdvancedMechanicsTests" runstate="Runnable" seed="1163798489" result="Passed" start-time="2026-08-29 21:35:10Z" end-time="2026-08-29 21:35:10Z" duration="0.000266" asserts="0">
                <properties>
                  <property name="retryIteration" value="0" />
                  <property name="repeatIteration" value="0" />
                </properties>
              </test-case>
            </test-suite>
            <test-suite type="TestFixture" id="1105" name="PuzzleLevelValidatorTests" fullname="TW08.Tests.EditMode.PuzzleLevelValidatorTests" classname="TW08.Tests.EditMode.PuzzleLevelValidatorTests" runstate="Runnable" testcasecount="6" result="Passed" start-time="2026-08-29 21:35:10Z" end-time="2026-08-29 21:35:10Z" duration="0.009104" total="6" passed="6" failed="0" inconclusive="0" skipped="0" asserts="0">
              <properties />
              <test-case id="1107" name="ValidatorAcceptsSimpleValidPuzzle" fullname="TW08.Tests.EditMode.PuzzleLevelValidatorTests.ValidatorAcceptsSimpleValidPuzzle" methodname="ValidatorAcceptsSimpleValidPuzzle" classname="TW08.Tests.EditMode.PuzzleLevelValidatorTests" runstate="Runnable" seed="265042009" result="Passed" start-time="2026-08-29 21:35:10Z" end-time="2026-08-29 21:35:10Z" duration="0.004967" asserts="0">
                <properties>
                  <property name="retryIteration" value="0" />
                  <property name="repeatIteration" value="0" />
                </properties>
              </test-case>
              <test-case id="1109" name="ValidatorRejectsCrateOnPlayerStart" fullname="TW08.Tests.EditMode.PuzzleLevelValidatorTests.ValidatorRejectsCrateOnPlayerStart" methodname="ValidatorRejectsCrateOnPlayerStart" classname="TW08.Tests.EditMode.PuzzleLevelValidatorTests" runstate="Runnable" seed="602035148" result="Passed" start-time="2026-08-29 21:35:10Z" end-time="2026-08-29 21:35:10Z" duration="0.000791" asserts="0">
                <properties>
                  <property name="retryIteration" value="0" />
                  <property name="repeatIteration" value="0" />
                </properties>
              </test-case>
              <test-case id="1110" name="ValidatorRejectsEmptyPuzzle" fullname="TW08.Tests.EditMode.PuzzleLevelValidatorTests.ValidatorRejectsEmptyPuzzle" methodname="ValidatorRejectsEmptyPuzzle" classname="TW08.Tests.EditMode.PuzzleLevelValidatorTests" runstate="Runnable" seed="2109767327" result="Passed" start-time="2026-08-29 21:35:10Z" end-time="2026-08-29 21:35:10Z" duration="0.000652" asserts="0">
                <properties>
                  <property name="retryIteration" value="0" />
                  <property name="repeatIteration" value="0" />
                </properties>
              </test-case>
              <test-case id="1108" name="ValidatorRejectsGoalOnWall" fullname="TW08.Tests.EditMode.PuzzleLevelValidatorTests.ValidatorRejectsGoalOnWall" methodname="ValidatorRejectsGoalOnWall" classname="TW08.Tests.EditMode.PuzzleLevelValidatorTests" runstate="Runnable" seed="767973950" result="Passed" start-time="2026-08-29 21:35:10Z" end-time="2026-08-29 21:35:10Z" duration="0.000780" asserts="0">
                <properties>
                  <property name="retryIteration" value="0" />
                  <property name="repeatIteration" value="0" />
                </properties>
              </test-case>
              <test-case id="1111" name="ValidatorRejectsMismatchedCratesAndGoals" fullname="TW08.Tests.EditMode.PuzzleLevelValidatorTests.ValidatorRejectsMismatchedCratesAndGoals" methodname="ValidatorRejectsMismatchedCratesAndGoals" classname="TW08.Tests.EditMode.PuzzleLevelValidatorTests" runstate="Runnable" seed="586164166" result="Passed" start-time="2026-08-29 21:35:10Z" end-time="2026-08-29 21:35:10Z" duration="0.000558" asserts="0">
                <properties>
                  <property name="retryIteration" value="0" />
                  <property name="repeatIteration" value="0" />
                </properties>
              </test-case>
              <test-case id="1106" name="ValidatorRejectsNullDefinition" fullname="TW08.Tests.EditMode.PuzzleLevelValidatorTests.ValidatorRejectsNullDefinition" methodname="ValidatorRejectsNullDefinition" classname="TW08.Tests.EditMode.PuzzleLevelValidatorTests" runstate="Runnable" seed="515088105" result="Passed" start-time="2026-08-29 21:35:10Z" end-time="2026-08-29 21:35:10Z" duration="0.000239" asserts="0">
                <properties>
                  <property name="retryIteration" value="0" />
                  <property name="repeatIteration" value="0" />
                </properties>
              </test-case>
            </test-suite>
            <test-suite type="TestFixture" id="1112" name="PuzzleShiftTrackingTests" fullname="TW08.Tests.EditMode.PuzzleShiftTrackingTests" classname="TW08.Tests.EditMode.PuzzleShiftTrackingTests" runstate="Runnable" testcasecount="5" result="Passed" start-time="2026-08-29 21:35:10Z" end-time="2026-08-29 21:35:10Z" duration="0.011777" total="5" passed="5" failed="0" inconclusive="0" skipped="0" asserts="0">
              <properties />
              <test-case id="1117" name="BuildSummary_ReportsTheBoardCostAndPushes" fullname="TW08.Tests.EditMode.PuzzleShiftTrackingTests.BuildSummary_ReportsTheBoardCostAndPushes" methodname="BuildSummary_ReportsTheBoardCostAndPushes" classname="TW08.Tests.EditMode.PuzzleShiftTrackingTests" runstate="Runnable" seed="1016215771" result="Passed" start-time="2026-08-29 21:35:10Z" end-time="2026-08-29 21:35:10Z" duration="0.008509" asserts="0">
                <properties>
                  <property name="retryIteration" value="0" />
                  <property name="repeatIteration" value="0" />
                </properties>
              </test-case>
              <test-case id="1116" name="HintsAndToolsAreCountedSeparately" fullname="TW08.Tests.EditMode.PuzzleShiftTrackingTests.HintsAndToolsAreCountedSeparately" methodname="HintsAndToolsAreCountedSeparately" classname="TW08.Tests.EditMode.PuzzleShiftTrackingTests" runstate="Runnable" seed="90352509" result="Passed" start-time="2026-08-29 21:35:10Z" end-time="2026-08-29 21:35:10Z" duration="0.000470" asserts="0">
                <properties>
                  <property name="retryIteration" value="0" />
                  <property name="repeatIteration" value="0" />
                </properties>
              </test-case>
              <test-case id="1114" name="PushCount_FollowsUndoAndRedo" fullname="TW08.Tests.EditMode.PuzzleShiftTrackingTests.PushCount_FollowsUndoAndRedo" methodname="PushCount_FollowsUndoAndRedo" classname="TW08.Tests.EditMode.PuzzleShiftTrackingTests" runstate="Runnable" seed="1928567038" result="Passed" start-time="2026-08-29 21:35:10Z" end-time="2026-08-29 21:35:10Z" duration="0.001002" asserts="0">
                <properties>
                  <property name="retryIteration" value="0" />
                  <property name="repeatIteration" value="0" />
                </properties>
              </test-case>
              <test-case id="1115" name="RestartingTheLevel_ClearsTheWholeShiftRecord" fullname="TW08.Tests.EditMode.PuzzleShiftTrackingTests.RestartingTheLevel_ClearsTheWholeShiftRecord" methodname="RestartingTheLevel_ClearsTheWholeShiftRecord" classname="TW08.Tests.EditMode.PuzzleShiftTrackingTests" runstate="Runnable" seed="1926754430" result="Passed" start-time="2026-08-29 21:35:10Z" end-time="2026-08-29 21:35:10Z" duration="0.000519" asserts="0">
                <properties>
                  <property name="retryIteration" value="0" />
                  <property name="repeatIteration" value="0" />
                </properties>
              </test-case>
              <test-case id="1113" name="WalkingWithoutTouchingCargo_DoesNotCountAsPush" fullname="TW08.Tests.EditMode.PuzzleShiftTrackingTests.WalkingWithoutTouchingCargo_DoesNotCountAsPush" methodname="WalkingWithoutTouchingCargo_DoesNotCountAsPush" classname="TW08.Tests.EditMode.PuzzleShiftTrackingTests" runstate="Runnable" seed="472166851" result="Passed" start-time="2026-08-29 21:35:10Z" end-time="2026-08-29 21:35:10Z" duration="0.000295" asserts="0">
                <properties>
                  <property name="retryIteration" value="0" />
                  <property name="repeatIteration" value="0" />
                </properties>
              </test-case>
            </test-suite>
            <test-suite type="TestFixture" id="1118" name="RaceProductionSystemsTests" fullname="TW08.Tests.EditMode.RaceProductionSystemsTests" classname="TW08.Tests.EditMode.RaceProductionSystemsTests" runstate="Runnable" testcasecount="3" result="Passed" start-time="2026-08-29 21:35:10Z" end-time="2026-08-29 21:35:10Z" duration="0.010805" total="3" passed="3" failed="0" inconclusive="0" skipped="0" asserts="0">
              <properties />
              <test-case id="1121" name="PowerUpEnumPreservesLegacySerializedValues" fullname="TW08.Tests.EditMode.RaceProductionSystemsTests.PowerUpEnumPreservesLegacySerializedValues" methodname="PowerUpEnumPreservesLegacySerializedValues" classname="TW08.Tests.EditMode.RaceProductionSystemsTests" runstate="Runnable" seed="1452181596" result="Passed" start-time="2026-08-29 21:35:10Z" end-time="2026-08-29 21:35:10Z" duration="0.000345" asserts="0">
                <properties>
                  <property name="retryIteration" value="0" />
                  <property name="repeatIteration" value="0" />
                </properties>
              </test-case>
              <test-case id="1120" name="RaceManagerExposesCheckpointPositionForAiAndScanner" fullname="TW08.Tests.EditMode.RaceProductionSystemsTests.RaceManagerExposesCheckpointPositionForAiAndScanner" methodname="RaceManagerExposesCheckpointPositionForAiAndScanner" classname="TW08.Tests.EditMode.RaceProductionSystemsTests" runstate="Runnable" seed="454500316" result="Passed" start-time="2026-08-29 21:35:10Z" end-time="2026-08-29 21:35:10Z" duration="0.003410" asserts="0">
                <properties>
                  <property name="retryIteration" value="0" />
                  <property name="repeatIteration" value="0" />
                </properties>
              </test-case>
              <test-case id="1119" name="RaceManagerRanksRacerThatAdvancedCheckpointAhead" fullname="TW08.Tests.EditMode.RaceProductionSystemsTests.RaceManagerRanksRacerThatAdvancedCheckpointAhead" methodname="RaceManagerRanksRacerThatAdvancedCheckpointAhead" classname="TW08.Tests.EditMode.RaceProductionSystemsTests" runstate="Runnable" seed="595208195" result="Passed" start-time="2026-08-29 21:35:10Z" end-time="2026-08-29 21:35:10Z" duration="0.003789" asserts="0">
                <properties>
                  <property name="retryIteration" value="0" />
                  <property name="repeatIteration" value="0" />
                </properties>
              </test-case>
            </test-suite>
            <test-suite type="TestFixture" id="1122" name="SaveIntegrityTests" fullname="TW08.Tests.EditMode.SaveIntegrityTests" classname="TW08.Tests.EditMode.SaveIntegrityTests" runstate="Runnable" testcasecount="1" result="Passed" start-time="2026-08-29 21:35:10Z" end-time="2026-08-29 21:35:10Z" duration="0.002226" total="1" passed="1" failed="0" inconclusive="0" skipped="0" asserts="0">
              <properties />
              <test-case id="1123" name="ChecksumDetectsPayloadChanges" fullname="TW08.Tests.EditMode.SaveIntegrityTests.ChecksumDetectsPayloadChanges" methodname="ChecksumDetectsPayloadChanges" classname="TW08.Tests.EditMode.SaveIntegrityTests" runstate="Runnable" seed="2005092371" result="Passed" start-time="2026-08-29 21:35:10Z" end-time="2026-08-29 21:35:10Z" duration="0.001441" asserts="0">
                <properties>
                  <property name="retryIteration" value="0" />
                  <property name="repeatIteration" value="0" />
                </properties>
              </test-case>
            </test-suite>
            <test-suite type="TestFixture" id="1124" name="ShopEconomyTests" fullname="TW08.Tests.EditMode.ShopEconomyTests" classname="TW08.Tests.EditMode.ShopEconomyTests" runstate="Runnable" testcasecount="12" result="Passed" start-time="2026-08-29 21:35:10Z" end-time="2026-08-29 21:35:10Z" duration="0.012064" total="12" passed="12" failed="0" inconclusive="0" skipped="0" asserts="0">
              <properties />
              <test-case id="1136" name="Advisor_HintsGetMoreDirectWithEachTier" fullname="TW08.Tests.EditMode.ShopEconomyTests.Advisor_HintsGetMoreDirectWithEachTier" methodname="Advisor_HintsGetMoreDirectWithEachTier" classname="TW08.Tests.EditMode.ShopEconomyTests" runstate="Runnable" seed="817348685" result="Passed" start-time="2026-08-29 21:35:10Z" end-time="2026-08-29 21:35:10Z" duration="0.005181" asserts="0">
                <properties>
                  <property name="retryIteration" value="0" />
                  <property name="repeatIteration" value="0" />
                </properties>
              </test-case>
              <test-case id="1134" name="Advisor_PrefersACrateLockedInACorner" fullname="TW08.Tests.EditMode.ShopEconomyTests.Advisor_PrefersACrateLockedInACorner" methodname="Advisor_PrefersACrateLockedInACorner" classname="TW08.Tests.EditMode.ShopEconomyTests" runstate="Runnable" seed="1064861692" result="Passed" start-time="2026-08-29 21:35:10Z" end-time="2026-08-29 21:35:10Z" duration="0.000331" asserts="0">
                <properties>
                  <property name="retryIteration" value="0" />
                  <property name="repeatIteration" value="0" />
                </properties>
              </test-case>
              <test-case id="1135" name="Advisor_ReportsNoCriticalCrateWhenEverythingIsPlaced" fullname="TW08.Tests.EditMode.ShopEconomyTests.Advisor_ReportsNoCriticalCrateWhenEverythingIsPlaced" methodname="Advisor_ReportsNoCriticalCrateWhenEverythingIsPlaced" classname="TW08.Tests.EditMode.ShopEconomyTests" runstate="Runnable" seed="708007596" result="Passed" start-time="2026-08-29 21:35:10Z" end-time="2026-08-29 21:35:10Z" duration="0.000282" asserts="0">
                <properties>
                  <property name="retryIteration" value="0" />
                  <property name="repeatIteration" value="0" />
                </properties>
              </test-case>
              <test-case id="1127" name="BareCompletion_PaysOnlyCompletionAndBronze" fullname="TW08.Tests.EditMode.ShopEconomyTests.BareCompletion_PaysOnlyCompletionAndBronze" methodname="BareCompletion_PaysOnlyCompletionAndBronze" classname="TW08.Tests.EditMode.ShopEconomyTests" runstate="Runnable" seed="111131610" result="Passed" start-time="2026-08-29 21:35:10Z" end-time="2026-08-29 21:35:10Z" duration="0.000150" asserts="0">
                <properties>
                  <property name="retryIteration" value="0" />
                  <property name="repeatIteration" value="0" />
                </properties>
              </test-case>
              <test-case id="1131" name="EnsureDefaults_DropsEmptyStacksAndNegativeCredits" fullname="TW08.Tests.EditMode.ShopEconomyTests.EnsureDefaults_DropsEmptyStacksAndNegativeCredits" methodname="EnsureDefaults_DropsEmptyStacksAndNegativeCredits" classname="TW08.Tests.EditMode.ShopEconomyTests" runstate="Runnable" seed="1649172373" result="Passed" start-time="2026-08-29 21:35:10Z" end-time="2026-08-29 21:35:10Z" duration="0.000413" asserts="0">
                <properties>
                  <property name="retryIteration" value="0" />
                  <property name="repeatIteration" value="0" />
                </properties>
              </test-case>
              <test-case id="1133" name="MigrationV2ToV3_LeavesUnfinishedLevelsOutOfTheCleanRanking" fullname="TW08.Tests.EditMode.ShopEconomyTests.MigrationV2ToV3_LeavesUnfinishedLevelsOutOfTheCleanRanking" methodname="MigrationV2ToV3_LeavesUnfinishedLevelsOutOfTheCleanRanking" classname="TW08.Tests.EditMode.ShopEconomyTests" runstate="Runnable" seed="703649499" result="Passed" start-time="2026-08-29 21:35:10Z" end-time="2026-08-29 21:35:10Z" duration="0.000526" asserts="0">
                <properties>
                  <property name="retryIteration" value="0" />
                  <property name="repeatIteration" value="0" />
                </properties>
              </test-case>
              <test-case id="1132" name="MigrationV2ToV3_PromotesOldRecordsToCleanRanking" fullname="TW08.Tests.EditMode.ShopEconomyTests.MigrationV2ToV3_PromotesOldRecordsToCleanRanking" methodname="MigrationV2ToV3_PromotesOldRecordsToCleanRanking" classname="TW08.Tests.EditMode.ShopEconomyTests" runstate="Runnable" seed="1544986999" result="Passed" start-time="2026-08-29 21:35:10Z" end-time="2026-08-29 21:35:10Z" duration="0.000272" asserts="0">
                <properties>
                  <property name="retryIteration" value="0" />
                  <property name="repeatIteration" value="0" />
                </properties>
              </test-case>
              <test-case id="1125" name="PerfectCleanRun_IsCappedAtLevelMaximum" fullname="TW08.Tests.EditMode.ShopEconomyTests.PerfectCleanRun_IsCappedAtLevelMaximum" methodname="PerfectCleanRun_IsCappedAtLevelMaximum" classname="TW08.Tests.EditMode.ShopEconomyTests" runstate="Runnable" seed="705745876" result="Passed" start-time="2026-08-29 21:35:10Z" end-time="2026-08-29 21:35:10Z" duration="0.000129" asserts="0">
                <properties>
                  <property name="retryIteration" value="0" />
                  <property name="repeatIteration" value="0" />
                </properties>
              </test-case>
              <test-case id="1126" name="PlayingPerfectlyAlwaysPaysMoreThanScrapingBy" fullname="TW08.Tests.EditMode.ShopEconomyTests.PlayingPerfectlyAlwaysPaysMoreThanScrapingBy" methodname="PlayingPerfectlyAlwaysPaysMoreThanScrapingBy" classname="TW08.Tests.EditMode.ShopEconomyTests" runstate="Runnable" seed="1135307323" result="Passed" start-time="2026-08-29 21:35:10Z" end-time="2026-08-29 21:35:10Z" duration="0.000533" asserts="0">
                <properties>
                  <property name="retryIteration" value="0" />
                  <property name="repeatIteration" value="0" />
                </properties>
              </test-case>
              <test-case id="1129" name="Statement_ListsEveryEarnedBonus" fullname="TW08.Tests.EditMode.ShopEconomyTests.Statement_ListsEveryEarnedBonus" methodname="Statement_ListsEveryEarnedBonus" classname="TW08.Tests.EditMode.ShopEconomyTests" runstate="Runnable" seed="1456861415" result="Passed" start-time="2026-08-29 21:35:10Z" end-time="2026-08-29 21:35:10Z" duration="0.001212" asserts="0">
                <properties>
                  <property name="retryIteration" value="0" />
                  <property name="repeatIteration" value="0" />
                </properties>
[...]
                <properties>
                  <property name="retryIteration" value="0" />
                  <property name="repeatIteration" value="0" />
                </properties>
              </test-case>
              <test-case id="1128" name="UsingATool_RemovesTheCleanBonusAndClearsCompetitiveFlag" fullname="TW08.Tests.EditMode.ShopEconomyTests.UsingATool_RemovesTheCleanBonusAndClearsCompetitiveFlag" methodname="UsingATool_RemovesTheCleanBonusAndClearsCompetitiveFlag" classname="TW08.Tests.EditMode.ShopEconomyTests" runstate="Runnable" seed="1054691052" result="Passed" start-time="2026-08-29 21:35:10Z" end-time="2026-08-29 21:35:10Z" duration="0.000281" asserts="0">
                <properties>
                  <property name="retryIteration" value="0" />
                  <property name="repeatIteration" value="0" />
                </properties>
              </test-case>
            </test-suite>
            <test-suite type="TestFixture" id="1137" name="SlideMechanicsTests" fullname="TW08.Tests.EditMode.SlideMechanicsTests" classname="TW08.Tests.EditMode.SlideMechanicsTests" runstate="Runnable" testcasecount="17" result="Passed" start-time="2026-08-29 21:35:10Z" end-time="2026-08-29 21:35:10Z" duration="0.009496" total="17" passed="17" failed="0" inconclusive="0" skipped="0" asserts="0">
              <properties />
              <test-case id="1149" name="AClosedDoorNeverKeepsCargoTrappedInside" fullname="TW08.Tests.EditMode.SlideMechanicsTests.AClosedDoorNeverKeepsCargoTrappedInside" methodname="AClosedDoorNeverKeepsCargoTrappedInside" classname="TW08.Tests.EditMode.SlideMechanicsTests" runstate="Runnable" seed="1216866756" result="Passed" start-time="2026-08-29 21:35:10Z" end-time="2026-08-29 21:35:10Z" duration="0.000714" asserts="0">
                <properties>
                  <property name="retryIteration" value="0" />
                  <property name="repeatIteration" value="0" />
                </properties>
              </test-case>
              <test-case id="1146" name="ClosedConveyorLoopTerminatesInsteadOfHanging" fullname="TW08.Tests.EditMode.SlideMechanicsTests.ClosedConveyorLoopTerminatesInsteadOfHanging" methodname="ClosedConveyorLoopTerminatesInsteadOfHanging" classname="TW08.Tests.EditMode.SlideMechanicsTests" runstate="Runnable" seed="1056838928" result="Passed" start-time="2026-08-29 21:35:10Z" end-time="2026-08-29 21:35:10Z" duration="0.000866" asserts="0">
                <properties>
                  <property name="retryIteration" value="0" />
                  <property name="repeatIteration" value="0" />
                </properties>
              </test-case>
              <test-case id="1145" name="ConveyorCarriesACrateToTheEndOfTheBelt" fullname="TW08.Tests.EditMode.SlideMechanicsTests.ConveyorCarriesACrateToTheEndOfTheBelt" methodname="ConveyorCarriesACrateToTheEndOfTheBelt" classname="TW08.Tests.EditMode.SlideMechanicsTests" runstate="Runnable" seed="1864849056" result="Passed" start-time="2026-08-29 21:35:10Z" end-time="2026-08-29 21:35:10Z" duration="0.000347" asserts="0">
                <properties>
                  <property name="retryIteration" value="0" />
                  <property name="repeatIteration" value="0" />
                </properties>
              </test-case>
              <test-case id="1144" name="ConveyorImposesItsOwnDirection" fullname="TW08.Tests.EditMode.SlideMechanicsTests.ConveyorImposesItsOwnDirection" methodname="ConveyorImposesItsOwnDirection" classname="TW08.Tests.EditMode.SlideMechanicsTests" runstate="Runnable" seed="1266976336" result="Passed" start-time="2026-08-29 21:35:10Z" end-time="2026-08-29 21:35:10Z" duration="0.000210" asserts="0">
                <properties>
                  <property name="retryIteration" value="0" />
                  <property name="repeatIteration" value="0" />
                </properties>
              </test-case>
              <test-case id="1150" name="ConveyorRefusesThePushWhenItWouldStackPlayerAndCargo" fullname="TW08.Tests.EditMode.SlideMechanicsTests.ConveyorRefusesThePushWhenItWouldStackPlayerAndCargo" methodname="ConveyorRefusesThePushWhenItWouldStackPlayerAndCargo" classname="TW08.Tests.EditMode.SlideMechanicsTests" runstate="Runnable" seed="1535672521" result="Passed" start-time="2026-08-29 21:35:10Z" end-time="2026-08-29 21:35:10Z" duration="0.000289" asserts="0">
                <properties>
                  <property name="retryIteration" value="0" />
                  <property name="repeatIteration" value="0" />
                </properties>
              </test-case>
              <test-case id="1151" name="HeavyCargoCostsAnExtraMoveToPush" fullname="TW08.Tests.EditMode.SlideMechanicsTests.HeavyCargoCostsAnExtraMoveToPush" methodname="HeavyCargoCostsAnExtraMoveToPush" classname="TW08.Tests.EditMode.SlideMechanicsTests" runstate="Runnable" seed="451788240" result="Passed" start-time="2026-08-29 21:35:10Z" end-time="2026-08-29 21:35:10Z" duration="0.000427" asserts="0">
                <properties>
                  <property name="retryIteration" value="0" />
                  <property name="repeatIteration" value="0" />
                </properties>
              </test-case>
              <test-case id="1152" name="HeavyCargoDoesNotSlideOnIce" fullname="TW08.Tests.EditMode.SlideMechanicsTests.HeavyCargoDoesNotSlideOnIce" methodname="HeavyCargoDoesNotSlideOnIce" classname="TW08.Tests.EditMode.SlideMechanicsTests" runstate="Runnable" seed="1288171339" result="Passed" start-time="2026-08-29 21:35:10Z" end-time="2026-08-29 21:35:10Z" duration="0.000207" asserts="0">
                <properties>
                  <property name="retryIteration" value="0" />
                  <property name="repeatIteration" value="0" />
                </properties>
              </test-case>
              <test-case id="1153" name="HeavyCargoIgnoresTheConveyor" fullname="TW08.Tests.EditMode.SlideMechanicsTests.HeavyCargoIgnoresTheConveyor" methodname="HeavyCargoIgnoresTheConveyor" classname="TW08.Tests.EditMode.SlideMechanicsTests" runstate="Runnable" seed="958137060" result="Passed" start-time="2026-08-29 21:35:10Z" end-time="2026-08-29 21:35:10Z" duration="0.000215" asserts="0">
                <properties>
                  <property name="retryIteration" value="0" />
                  <property name="repeatIteration" value="0" />
                </properties>
              </test-case>
              <test-case id="1148" name="MoveDirectionIsUnitEvenWhenTheSlideIsLong" fullname="TW08.Tests.EditMode.SlideMechanicsTests.MoveDirectionIsUnitEvenWhenTheSlideIsLong" methodname="MoveDirectionIsUnitEvenWhenTheSlideIsLong" classname="TW08.Tests.EditMode.SlideMechanicsTests" runstate="Runnable" seed="2116674925" result="Passed" start-time="2026-08-29 21:35:10Z" end-time="2026-08-29 21:35:10Z" duration="0.000294" asserts="0">
                <properties>
                  <property name="retryIteration" value="0" />
                  <property name="repeatIteration" value="0" />
                </properties>
              </test-case>
              <test-case id="1154" name="PlainFloorStillMovesExactlyOneCell" fullname="TW08.Tests.EditMode.SlideMechanicsTests.PlainFloorStillMovesExactlyOneCell" methodname="PlainFloorStillMovesExactlyOneCell" classname="TW08.Tests.EditMode.SlideMechanicsTests" runstate="Runnable" seed="76671300" result="Passed" start-time="2026-08-29 21:35:10Z" end-time="2026-08-29 21:35:10Z" duration="0.000167" asserts="0">
                <properties>
                  <property name="retryIteration" value="0" />
                  <property name="repeatIteration" value="0" />
                </properties>
              </test-case>
              <test-case id="1138" name="PlayerKeepsSlidingUntilTheIceEnds" fullname="TW08.Tests.EditMode.SlideMechanicsTests.PlayerKeepsSlidingUntilTheIceEnds" methodname="PlayerKeepsSlidingUntilTheIceEnds" classname="TW08.Tests.EditMode.SlideMechanicsTests" runstate="Runnable" seed="47246638" result="Passed" start-time="2026-08-29 21:35:10Z" end-time="2026-08-29 21:35:10Z" duration="0.000212" asserts="0">
                <properties>
                  <property name="retryIteration" value="0" />
                  <property name="repeatIteration" value="0" />
                </properties>
              </test-case>
              <test-case id="1142" name="PlayerNeverSlidesThroughTheCrateItJustPushed" fullname="TW08.Tests.EditMode.SlideMechanicsTests.PlayerNeverSlidesThroughTheCrateItJustPushed" methodname="PlayerNeverSlidesThroughTheCrateItJustPushed" classname="TW08.Tests.EditMode.SlideMechanicsTests" runstate="Runnable" seed="1428294158" result="Passed" start-time="2026-08-29 21:35:10Z" end-time="2026-08-29 21:35:10Z" duration="0.000281" asserts="0">
                <properties>
                  <property name="retryIteration" value="0" />
                  <property name="repeatIteration" value="0" />
                </properties>
              </test-case>
              <test-case id="1141" name="PushedCrateSlidesAndThePlayerStopsBehindIt" fullname="TW08.Tests.EditMode.SlideMechanicsTests.PushedCrateSlidesAndThePlayerStopsBehindIt" methodname="PushedCrateSlidesAndThePlayerStopsBehindIt" classname="TW08.Tests.EditMode.SlideMechanicsTests" runstate="Runnable" seed="1268254035" result="Passed" start-time="2026-08-29 21:35:10Z" end-time="2026-08-29 21:35:10Z" duration="0.000250" asserts="0">
                <properties>
                  <property name="retryIteration" value="0" />
                  <property name="repeatIteration" value="0" />
                </properties>
              </test-case>
              <test-case id="1147" name="RedoWorksAfterASlide" fullname="TW08.Tests.EditMode.SlideMechanicsTests.RedoWorksAfterASlide" methodname="RedoWorksAfterASlide" classname="TW08.Tests.EditMode.SlideMechanicsTests" runstate="Runnable" seed="554970090" result="Passed" start-time="2026-08-29 21:35:10Z" end-time="2026-08-29 21:35:10Z" duration="0.000333" asserts="0">
                <properties>
                  <property name="retryIteration" value="0" />
                  <property name="repeatIteration" value="0" />
                </properties>
              </test-case>
              <test-case id="1139" name="SlidingCostsOneCommandNotOneCellPerStep" fullname="TW08.Tests.EditMode.SlideMechanicsTests.SlidingCostsOneCommandNotOneCellPerStep" methodname="SlidingCostsOneCommandNotOneCellPerStep" classname="TW08.Tests.EditMode.SlideMechanicsTests" runstate="Runnable" seed="37609190" result="Passed" start-time="2026-08-29 21:35:10Z" end-time="2026-08-29 21:35:10Z" duration="0.000163" asserts="0">
                <properties>
                  <property name="retryIteration" value="0" />
                  <property name="repeatIteration" value="0" />
                </properties>
              </test-case>
              <test-case id="1140" name="SlidingStopsAgainstAWall" fullname="TW08.Tests.EditMode.SlideMechanicsTests.SlidingStopsAgainstAWall" methodname="SlidingStopsAgainstAWall" classname="TW08.Tests.EditMode.SlideMechanicsTests" runstate="Runnable" seed="339574819" result="Passed" start-time="2026-08-29 21:35:10Z" end-time="2026-08-29 21:35:10Z" duration="0.000204" asserts="0">
                <properties>
                  <property name="retryIteration" value="0" />
                  <property name="repeatIteration" value="0" />
                </properties>
              </test-case>
              <test-case id="1143" name="UndoRestoresBothEndsOfASlide" fullname="TW08.Tests.EditMode.SlideMechanicsTests.UndoRestoresBothEndsOfASlide" methodname="UndoRestoresBothEndsOfASlide" classname="TW08.Tests.EditMode.SlideMechanicsTests" runstate="Runnable" seed="1103883585" result="Passed" start-time="2026-08-29 21:35:10Z" end-time="2026-08-29 21:35:10Z" duration="0.000280" asserts="0">
                <properties>
                  <property name="retryIteration" value="0" />
                  <property name="repeatIteration" value="0" />
                </properties>
              </test-case>
            </test-suite>
          </test-suite>
          <test-suite type="TestFixture" id="1001" name="PuzzleBoardModelTests" fullname="TW08.Tests.PuzzleBoardModelTests" classname="TW08.Tests.PuzzleBoardModelTests" runstate="Runnable" testcasecount="6" result="Passed" start-time="2026-08-29 21:35:10Z" end-time="2026-08-29 21:35:10Z" duration="0.002552" total="6" passed="6" failed="0" inconclusive="0" skipped="0" asserts="0">
            <properties />
            <test-case id="1007" name="BoardCompletesWhenEveryGoalHasCrate" fullname="TW08.Tests.PuzzleBoardModelTests.BoardCompletesWhenEveryGoalHasCrate" methodname="BoardCompletesWhenEveryGoalHasCrate" classname="TW08.Tests.PuzzleBoardModelTests" runstate="Runnable" seed="1758399028" result="Passed" start-time="2026-08-29 21:35:10Z" end-time="2026-08-29 21:35:10Z" duration="0.000274" asserts="0">
              <properties>
                <property name="retryIteration" value="0" />
                <property name="repeatIteration" value="0" />
              </properties>
            </test-case>
            <test-case id="1003" name="PlayerCannotMoveThroughWall" fullname="TW08.Tests.PuzzleBoardModelTests.PlayerCannotMoveThroughWall" methodname="PlayerCannotMoveThroughWall" classname="TW08.Tests.PuzzleBoardModelTests" runstate="Runnable" seed="175124055" result="Passed" start-time="2026-08-29 21:35:10Z" end-time="2026-08-29 21:35:10Z" duration="0.000180" asserts="0">
              <properties>
                <property name="retryIteration" value="0" />
                <property name="repeatIteration" value="0" />
              </properties>
            </test-case>
            <test-case id="1005" name="PlayerCannotPushTwoCrates" fullname="TW08.Tests.PuzzleBoardModelTests.PlayerCannotPushTwoCrates" methodname="PlayerCannotPushTwoCrates" classname="TW08.Tests.PuzzleBoardModelTests" runstate="Runnable" seed="704995991" result="Passed" start-time="2026-08-29 21:35:10Z" end-time="2026-08-29 21:35:10Z" duration="0.000162" asserts="0">
              <properties>
                <property name="retryIteration" value="0" />
                <property name="repeatIteration" value="0" />
              </properties>
            </test-case>
            <test-case id="1002" name="PlayerMovesIntoFreeCell" fullname="TW08.Tests.PuzzleBoardModelTests.PlayerMovesIntoFreeCell" methodname="PlayerMovesIntoFreeCell" classname="TW08.Tests.PuzzleBoardModelTests" runstate="Runnable" seed="974660643" result="Passed" start-time="2026-08-29 21:35:10Z" end-time="2026-08-29 21:35:10Z" duration="0.000273" asserts="0">
              <properties>
                <property name="retryIteration" value="0" />
                <property name="repeatIteration" value="0" />
              </properties>
            </test-case>
            <test-case id="1004" name="PlayerPushesSingleCrate" fullname="TW08.Tests.PuzzleBoardModelTests.PlayerPushesSingleCrate" methodname="PlayerPushesSingleCrate" classname="TW08.Tests.PuzzleBoardModelTests" runstate="Runnable" seed="1160302752" result="Passed" start-time="2026-08-29 21:35:10Z" end-time="2026-08-29 21:35:10Z" duration="0.000547" asserts="0">
              <properties>
                <property name="retryIteration" value="0" />
                <property name="repeatIteration" value="0" />
              </properties>
            </test-case>
            <test-case id="1006" name="UndoRestoresPlayerAndCrate" fullname="TW08.Tests.PuzzleBoardModelTests.UndoRestoresPlayerAndCrate" methodname="UndoRestoresPlayerAndCrate" classname="TW08.Tests.PuzzleBoardModelTests" runstate="Runnable" seed="1251872786" result="Passed" start-time="2026-08-29 21:35:10Z" end-time="2026-08-29 21:35:10Z" duration="0.000298" asserts="0">
              <properties>
                <property name="retryIteration" value="0" />
                <property name="repeatIteration" value="0" />
              </properties>
            </test-case>
          </test-suite>
          <test-suite type="TestFixture" id="1008" name="PuzzleRuntimeTests" fullname="TW08.Tests.PuzzleRuntimeTests" classname="TW08.Tests.PuzzleRuntimeTests" runstate="Runnable" testcasecount="1" result="Passed" start-time="2026-08-29 21:35:10Z" end-time="2026-08-29 21:35:10Z" duration="0.001825" total="1" passed="1" failed="0" inconclusive="0" skipped="0" asserts="0">
            <properties />
            <test-case id="1009" name="RedoWinningMoveRaisesCompletionAgain" fullname="TW08.Tests.PuzzleRuntimeTests.RedoWinningMoveRaisesCompletionAgain" methodname="RedoWinningMoveRaisesCompletionAgain" classname="TW08.Tests.PuzzleRuntimeTests" runstate="Runnable" seed="1476389602" result="Passed" start-time="2026-08-29 21:35:10Z" end-time="2026-08-29 21:35:10Z" duration="0.001386" asserts="0">
              <properties>
                <property name="retryIteration" value="0" />
                <property name="repeatIteration" value="0" />
              </properties>
            </test-case>
          </test-suite>
        </test-suite>
      </test-suite>
    </test-suite>
    <test-suite type="Assembly" id="1161" name="Unity.Addressables.DocExampleCode.Editor.Tests.dll" fullname="X:/Shove-It-The-Warehouse/Shove It - The Warehouse Game REMASTER/Library/ScriptAssemblies/Unity.Addressables.DocExampleCode.Editor.Tests.dll" runstate="Runnable" testcasecount="1" result="Passed" start-time="2026-08-29 21:35:10Z" end-time="2026-08-29 21:35:10Z" duration="0.001298" total="1" passed="1" failed="0" inconclusive="0" skipped="0" asserts="0">
      <properties>
        <property name="_PID" value="25564" />
        <property name="_APPDOMAIN" value="Unity Child Domain" />
        <property name="platform" value="EditMode" />
        <property name="EditorOnly" value="True" />
      </properties>
      <test-suite type="TestSuite" id="1162" name="AddressableAssets" fullname="AddressableAssets" runstate="Runnable" testcasecount="1" result="Passed" start-time="2026-08-29 21:35:10Z" end-time="2026-08-29 21:35:10Z" duration="0.000900" total="1" passed="1" failed="0" inconclusive="0" skipped="0" asserts="0">
        <properties />
        <test-suite type="TestSuite" id="1163" name="DocExampleCode" fullname="AddressableAssets.DocExampleCode" runstate="Runnable" testcasecount="1" result="Passed" start-time="2026-08-29 21:35:10Z" end-time="2026-08-29 21:35:10Z" duration="0.000703" total="1" passed="1" failed="0" inconclusive="0" skipped="0" asserts="0">
          <properties />
          <test-suite type="TestFixture" id="1159" name="TestStub" fullname="AddressableAssets.DocExampleCode.TestStub" classname="AddressableAssets.DocExampleCode.TestStub" runstate="Runnable" testcasecount="1" result="Passed" start-time="2026-08-29 21:35:10Z" end-time="2026-08-29 21:35:10Z" duration="0.000507" total="1" passed="1" failed="0" inconclusive="0" skipped="0" asserts="0">
            <properties />
            <test-case id="1160" name="RequiredTest" fullname="AddressableAssets.DocExampleCode.TestStub.RequiredTest" methodname="RequiredTest" classname="AddressableAssets.DocExampleCode.TestStub" runstate="Runnable" seed="219436186" result="Passed" start-time="2026-08-29 21:35:10Z" end-time="2026-08-29 21:35:10Z" duration="0.000070" asserts="0">
              <properties>
                <property name="retryIteration" value="0" />
                <property name="repeatIteration" value="0" />
              </properties>
              <output><![CDATA[Saving results to: TestResults-map.xml
]]></output>
            </test-case>
          </test-suite>
        </test-suite>
      </test-suite>
    </test-suite>
  </test-suite>
</test-run>